[2022-12-25T14:27:52.055+0000] {processor.py:153} INFO - Started process (PID=34) to work on /opt/airflow/dags/ingestion_dag.py
[2022-12-25T14:27:52.060+0000] {processor.py:743} INFO - Processing file /opt/airflow/dags/ingestion_dag.py for tasks to queue
[2022-12-25T14:27:52.062+0000] {logging_mixin.py:137} INFO - [2022-12-25T14:27:52.061+0000] {dagbag.py:538} INFO - Filling up the DagBag from /opt/airflow/dags/ingestion_dag.py
[2022-12-25T14:27:52.118+0000] {logging_mixin.py:137} INFO - [2022-12-25T14:27:52.117+0000] {dagbag.py:343} ERROR - Failed to import: /opt/airflow/dags/ingestion_dag.py
Traceback (most recent call last):
  File "/home/airflow/.local/lib/python3.7/site-packages/airflow/models/dagbag.py", line 339, in parse
    loader.exec_module(new_module)
  File "<frozen importlib._bootstrap_external>", line 728, in exec_module
  File "<frozen importlib._bootstrap>", line 219, in _call_with_frames_removed
  File "/opt/airflow/dags/ingestion_dag.py", line 15, in <module>
    depends_on_past = True
TypeError: __init__() got an unexpected keyword argument 'retries'
[2022-12-25T14:27:52.119+0000] {processor.py:755} WARNING - No viable dags retrieved from /opt/airflow/dags/ingestion_dag.py
[2022-12-25T14:27:52.136+0000] {processor.py:175} INFO - Processing /opt/airflow/dags/ingestion_dag.py took 0.090 seconds
[2022-12-25T14:28:22.411+0000] {processor.py:153} INFO - Started process (PID=73) to work on /opt/airflow/dags/ingestion_dag.py
[2022-12-25T14:28:22.414+0000] {processor.py:743} INFO - Processing file /opt/airflow/dags/ingestion_dag.py for tasks to queue
[2022-12-25T14:28:22.416+0000] {logging_mixin.py:137} INFO - [2022-12-25T14:28:22.416+0000] {dagbag.py:538} INFO - Filling up the DagBag from /opt/airflow/dags/ingestion_dag.py
[2022-12-25T14:28:22.448+0000] {logging_mixin.py:137} INFO - [2022-12-25T14:28:22.446+0000] {dagbag.py:343} ERROR - Failed to import: /opt/airflow/dags/ingestion_dag.py
Traceback (most recent call last):
  File "/home/airflow/.local/lib/python3.7/site-packages/airflow/models/dagbag.py", line 339, in parse
    loader.exec_module(new_module)
  File "<frozen importlib._bootstrap_external>", line 728, in exec_module
  File "<frozen importlib._bootstrap>", line 219, in _call_with_frames_removed
  File "/opt/airflow/dags/ingestion_dag.py", line 15, in <module>
    depends_on_past = True
TypeError: __init__() got an unexpected keyword argument 'retries'
[2022-12-25T14:28:22.448+0000] {processor.py:755} WARNING - No viable dags retrieved from /opt/airflow/dags/ingestion_dag.py
[2022-12-25T14:28:22.463+0000] {processor.py:175} INFO - Processing /opt/airflow/dags/ingestion_dag.py took 0.059 seconds
[2022-12-25T14:28:52.705+0000] {processor.py:153} INFO - Started process (PID=99) to work on /opt/airflow/dags/ingestion_dag.py
[2022-12-25T14:28:52.707+0000] {processor.py:743} INFO - Processing file /opt/airflow/dags/ingestion_dag.py for tasks to queue
[2022-12-25T14:28:52.707+0000] {logging_mixin.py:137} INFO - [2022-12-25T14:28:52.707+0000] {dagbag.py:538} INFO - Filling up the DagBag from /opt/airflow/dags/ingestion_dag.py
[2022-12-25T14:28:52.725+0000] {logging_mixin.py:137} INFO - [2022-12-25T14:28:52.723+0000] {dagbag.py:343} ERROR - Failed to import: /opt/airflow/dags/ingestion_dag.py
Traceback (most recent call last):
  File "/home/airflow/.local/lib/python3.7/site-packages/airflow/models/dagbag.py", line 339, in parse
    loader.exec_module(new_module)
  File "<frozen importlib._bootstrap_external>", line 728, in exec_module
  File "<frozen importlib._bootstrap>", line 219, in _call_with_frames_removed
  File "/opt/airflow/dags/ingestion_dag.py", line 15, in <module>
    depends_on_past = True
TypeError: __init__() got an unexpected keyword argument 'retries'
[2022-12-25T14:28:52.726+0000] {processor.py:755} WARNING - No viable dags retrieved from /opt/airflow/dags/ingestion_dag.py
[2022-12-25T14:28:52.745+0000] {processor.py:175} INFO - Processing /opt/airflow/dags/ingestion_dag.py took 0.042 seconds
[2022-12-25T14:29:23.039+0000] {processor.py:153} INFO - Started process (PID=137) to work on /opt/airflow/dags/ingestion_dag.py
[2022-12-25T14:29:23.043+0000] {processor.py:743} INFO - Processing file /opt/airflow/dags/ingestion_dag.py for tasks to queue
[2022-12-25T14:29:23.045+0000] {logging_mixin.py:137} INFO - [2022-12-25T14:29:23.044+0000] {dagbag.py:538} INFO - Filling up the DagBag from /opt/airflow/dags/ingestion_dag.py
[2022-12-25T14:29:23.066+0000] {logging_mixin.py:137} INFO - [2022-12-25T14:29:23.065+0000] {dagbag.py:343} ERROR - Failed to import: /opt/airflow/dags/ingestion_dag.py
Traceback (most recent call last):
  File "/home/airflow/.local/lib/python3.7/site-packages/airflow/models/dagbag.py", line 339, in parse
    loader.exec_module(new_module)
  File "<frozen importlib._bootstrap_external>", line 728, in exec_module
  File "<frozen importlib._bootstrap>", line 219, in _call_with_frames_removed
  File "/opt/airflow/dags/ingestion_dag.py", line 15, in <module>
    depends_on_past = True
TypeError: __init__() got an unexpected keyword argument 'retries'
[2022-12-25T14:29:23.067+0000] {processor.py:755} WARNING - No viable dags retrieved from /opt/airflow/dags/ingestion_dag.py
[2022-12-25T14:29:23.084+0000] {processor.py:175} INFO - Processing /opt/airflow/dags/ingestion_dag.py took 0.051 seconds
[2022-12-25T14:29:53.288+0000] {processor.py:153} INFO - Started process (PID=175) to work on /opt/airflow/dags/ingestion_dag.py
[2022-12-25T14:29:53.289+0000] {processor.py:743} INFO - Processing file /opt/airflow/dags/ingestion_dag.py for tasks to queue
[2022-12-25T14:29:53.290+0000] {logging_mixin.py:137} INFO - [2022-12-25T14:29:53.290+0000] {dagbag.py:538} INFO - Filling up the DagBag from /opt/airflow/dags/ingestion_dag.py
[2022-12-25T14:29:53.304+0000] {logging_mixin.py:137} INFO - [2022-12-25T14:29:53.303+0000] {dagbag.py:343} ERROR - Failed to import: /opt/airflow/dags/ingestion_dag.py
Traceback (most recent call last):
  File "/home/airflow/.local/lib/python3.7/site-packages/airflow/models/dagbag.py", line 339, in parse
    loader.exec_module(new_module)
  File "<frozen importlib._bootstrap_external>", line 728, in exec_module
  File "<frozen importlib._bootstrap>", line 219, in _call_with_frames_removed
  File "/opt/airflow/dags/ingestion_dag.py", line 15, in <module>
    depends_on_past = True
TypeError: __init__() got an unexpected keyword argument 'retries'
[2022-12-25T14:29:53.304+0000] {processor.py:755} WARNING - No viable dags retrieved from /opt/airflow/dags/ingestion_dag.py
[2022-12-25T14:29:53.321+0000] {processor.py:175} INFO - Processing /opt/airflow/dags/ingestion_dag.py took 0.036 seconds
[2022-12-25T14:30:23.565+0000] {processor.py:153} INFO - Started process (PID=207) to work on /opt/airflow/dags/ingestion_dag.py
[2022-12-25T14:30:23.566+0000] {processor.py:743} INFO - Processing file /opt/airflow/dags/ingestion_dag.py for tasks to queue
[2022-12-25T14:30:23.568+0000] {logging_mixin.py:137} INFO - [2022-12-25T14:30:23.568+0000] {dagbag.py:538} INFO - Filling up the DagBag from /opt/airflow/dags/ingestion_dag.py
[2022-12-25T14:30:23.592+0000] {logging_mixin.py:137} INFO - [2022-12-25T14:30:23.590+0000] {dagbag.py:343} ERROR - Failed to import: /opt/airflow/dags/ingestion_dag.py
Traceback (most recent call last):
  File "/home/airflow/.local/lib/python3.7/site-packages/airflow/models/dagbag.py", line 339, in parse
    loader.exec_module(new_module)
  File "<frozen importlib._bootstrap_external>", line 728, in exec_module
  File "<frozen importlib._bootstrap>", line 219, in _call_with_frames_removed
  File "/opt/airflow/dags/ingestion_dag.py", line 15, in <module>
    depends_on_past = True
TypeError: __init__() got an unexpected keyword argument 'retries'
[2022-12-25T14:30:23.593+0000] {processor.py:755} WARNING - No viable dags retrieved from /opt/airflow/dags/ingestion_dag.py
[2022-12-25T14:30:23.611+0000] {processor.py:175} INFO - Processing /opt/airflow/dags/ingestion_dag.py took 0.051 seconds
[2022-12-25T14:30:53.874+0000] {processor.py:153} INFO - Started process (PID=239) to work on /opt/airflow/dags/ingestion_dag.py
[2022-12-25T14:30:53.876+0000] {processor.py:743} INFO - Processing file /opt/airflow/dags/ingestion_dag.py for tasks to queue
[2022-12-25T14:30:53.878+0000] {logging_mixin.py:137} INFO - [2022-12-25T14:30:53.878+0000] {dagbag.py:538} INFO - Filling up the DagBag from /opt/airflow/dags/ingestion_dag.py
[2022-12-25T14:30:53.896+0000] {logging_mixin.py:137} INFO - [2022-12-25T14:30:53.895+0000] {dagbag.py:343} ERROR - Failed to import: /opt/airflow/dags/ingestion_dag.py
Traceback (most recent call last):
  File "/home/airflow/.local/lib/python3.7/site-packages/airflow/models/dagbag.py", line 339, in parse
    loader.exec_module(new_module)
  File "<frozen importlib._bootstrap_external>", line 728, in exec_module
  File "<frozen importlib._bootstrap>", line 219, in _call_with_frames_removed
  File "/opt/airflow/dags/ingestion_dag.py", line 15, in <module>
    depends_on_past = True
TypeError: __init__() got an unexpected keyword argument 'retries'
[2022-12-25T14:30:53.897+0000] {processor.py:755} WARNING - No viable dags retrieved from /opt/airflow/dags/ingestion_dag.py
[2022-12-25T14:30:53.914+0000] {processor.py:175} INFO - Processing /opt/airflow/dags/ingestion_dag.py took 0.043 seconds
[2022-12-25T14:31:24.166+0000] {processor.py:153} INFO - Started process (PID=276) to work on /opt/airflow/dags/ingestion_dag.py
[2022-12-25T14:31:24.169+0000] {processor.py:743} INFO - Processing file /opt/airflow/dags/ingestion_dag.py for tasks to queue
[2022-12-25T14:31:24.171+0000] {logging_mixin.py:137} INFO - [2022-12-25T14:31:24.170+0000] {dagbag.py:538} INFO - Filling up the DagBag from /opt/airflow/dags/ingestion_dag.py
[2022-12-25T14:31:24.191+0000] {logging_mixin.py:137} INFO - [2022-12-25T14:31:24.190+0000] {dagbag.py:343} ERROR - Failed to import: /opt/airflow/dags/ingestion_dag.py
Traceback (most recent call last):
  File "/home/airflow/.local/lib/python3.7/site-packages/airflow/models/dagbag.py", line 339, in parse
    loader.exec_module(new_module)
  File "<frozen importlib._bootstrap_external>", line 728, in exec_module
  File "<frozen importlib._bootstrap>", line 219, in _call_with_frames_removed
  File "/opt/airflow/dags/ingestion_dag.py", line 15, in <module>
    depends_on_past = True
TypeError: __init__() got an unexpected keyword argument 'retries'
[2022-12-25T14:31:24.192+0000] {processor.py:755} WARNING - No viable dags retrieved from /opt/airflow/dags/ingestion_dag.py
[2022-12-25T14:31:24.209+0000] {processor.py:175} INFO - Processing /opt/airflow/dags/ingestion_dag.py took 0.049 seconds
[2022-12-25T14:31:54.444+0000] {processor.py:153} INFO - Started process (PID=314) to work on /opt/airflow/dags/ingestion_dag.py
[2022-12-25T14:31:54.445+0000] {processor.py:743} INFO - Processing file /opt/airflow/dags/ingestion_dag.py for tasks to queue
[2022-12-25T14:31:54.446+0000] {logging_mixin.py:137} INFO - [2022-12-25T14:31:54.446+0000] {dagbag.py:538} INFO - Filling up the DagBag from /opt/airflow/dags/ingestion_dag.py
[2022-12-25T14:31:54.460+0000] {logging_mixin.py:137} INFO - [2022-12-25T14:31:54.459+0000] {dagbag.py:343} ERROR - Failed to import: /opt/airflow/dags/ingestion_dag.py
Traceback (most recent call last):
  File "/home/airflow/.local/lib/python3.7/site-packages/airflow/models/dagbag.py", line 339, in parse
    loader.exec_module(new_module)
  File "<frozen importlib._bootstrap_external>", line 728, in exec_module
  File "<frozen importlib._bootstrap>", line 219, in _call_with_frames_removed
  File "/opt/airflow/dags/ingestion_dag.py", line 15, in <module>
    depends_on_past = True
TypeError: __init__() got an unexpected keyword argument 'retries'
[2022-12-25T14:31:54.460+0000] {processor.py:755} WARNING - No viable dags retrieved from /opt/airflow/dags/ingestion_dag.py
[2022-12-25T14:31:54.475+0000] {processor.py:175} INFO - Processing /opt/airflow/dags/ingestion_dag.py took 0.034 seconds
[2022-12-25T14:32:24.764+0000] {processor.py:153} INFO - Started process (PID=340) to work on /opt/airflow/dags/ingestion_dag.py
[2022-12-25T14:32:24.766+0000] {processor.py:743} INFO - Processing file /opt/airflow/dags/ingestion_dag.py for tasks to queue
[2022-12-25T14:32:24.767+0000] {logging_mixin.py:137} INFO - [2022-12-25T14:32:24.767+0000] {dagbag.py:538} INFO - Filling up the DagBag from /opt/airflow/dags/ingestion_dag.py
[2022-12-25T14:32:24.786+0000] {logging_mixin.py:137} INFO - [2022-12-25T14:32:24.785+0000] {dagbag.py:343} ERROR - Failed to import: /opt/airflow/dags/ingestion_dag.py
Traceback (most recent call last):
  File "/home/airflow/.local/lib/python3.7/site-packages/airflow/models/dagbag.py", line 339, in parse
    loader.exec_module(new_module)
  File "<frozen importlib._bootstrap_external>", line 728, in exec_module
  File "<frozen importlib._bootstrap>", line 219, in _call_with_frames_removed
  File "/opt/airflow/dags/ingestion_dag.py", line 15, in <module>
    depends_on_past = True
TypeError: __init__() got an unexpected keyword argument 'retries'
[2022-12-25T14:32:24.787+0000] {processor.py:755} WARNING - No viable dags retrieved from /opt/airflow/dags/ingestion_dag.py
[2022-12-25T14:32:24.804+0000] {processor.py:175} INFO - Processing /opt/airflow/dags/ingestion_dag.py took 0.045 seconds
[2022-12-25T14:32:55.127+0000] {processor.py:153} INFO - Started process (PID=377) to work on /opt/airflow/dags/ingestion_dag.py
[2022-12-25T14:32:55.130+0000] {processor.py:743} INFO - Processing file /opt/airflow/dags/ingestion_dag.py for tasks to queue
[2022-12-25T14:32:55.132+0000] {logging_mixin.py:137} INFO - [2022-12-25T14:32:55.132+0000] {dagbag.py:538} INFO - Filling up the DagBag from /opt/airflow/dags/ingestion_dag.py
[2022-12-25T14:32:55.155+0000] {logging_mixin.py:137} INFO - [2022-12-25T14:32:55.153+0000] {dagbag.py:343} ERROR - Failed to import: /opt/airflow/dags/ingestion_dag.py
Traceback (most recent call last):
  File "/home/airflow/.local/lib/python3.7/site-packages/airflow/models/dagbag.py", line 339, in parse
    loader.exec_module(new_module)
  File "<frozen importlib._bootstrap_external>", line 728, in exec_module
  File "<frozen importlib._bootstrap>", line 219, in _call_with_frames_removed
  File "/opt/airflow/dags/ingestion_dag.py", line 15, in <module>
    depends_on_past = True
TypeError: __init__() got an unexpected keyword argument 'retries'
[2022-12-25T14:32:55.156+0000] {processor.py:755} WARNING - No viable dags retrieved from /opt/airflow/dags/ingestion_dag.py
[2022-12-25T14:32:55.178+0000] {processor.py:175} INFO - Processing /opt/airflow/dags/ingestion_dag.py took 0.056 seconds
[2022-12-25T14:33:25.432+0000] {processor.py:153} INFO - Started process (PID=415) to work on /opt/airflow/dags/ingestion_dag.py
[2022-12-25T14:33:25.434+0000] {processor.py:743} INFO - Processing file /opt/airflow/dags/ingestion_dag.py for tasks to queue
[2022-12-25T14:33:25.436+0000] {logging_mixin.py:137} INFO - [2022-12-25T14:33:25.435+0000] {dagbag.py:538} INFO - Filling up the DagBag from /opt/airflow/dags/ingestion_dag.py
[2022-12-25T14:33:25.477+0000] {logging_mixin.py:137} INFO - [2022-12-25T14:33:25.474+0000] {dagbag.py:343} ERROR - Failed to import: /opt/airflow/dags/ingestion_dag.py
Traceback (most recent call last):
  File "/home/airflow/.local/lib/python3.7/site-packages/airflow/models/dagbag.py", line 339, in parse
    loader.exec_module(new_module)
  File "<frozen importlib._bootstrap_external>", line 728, in exec_module
  File "<frozen importlib._bootstrap>", line 219, in _call_with_frames_removed
  File "/opt/airflow/dags/ingestion_dag.py", line 15, in <module>
    depends_on_past = True
TypeError: __init__() got an unexpected keyword argument 'retries'
[2022-12-25T14:33:25.478+0000] {processor.py:755} WARNING - No viable dags retrieved from /opt/airflow/dags/ingestion_dag.py
[2022-12-25T14:33:25.502+0000] {processor.py:175} INFO - Processing /opt/airflow/dags/ingestion_dag.py took 0.082 seconds
[2022-12-25T14:33:35.581+0000] {processor.py:153} INFO - Started process (PID=417) to work on /opt/airflow/dags/ingestion_dag.py
[2022-12-25T14:33:35.583+0000] {processor.py:743} INFO - Processing file /opt/airflow/dags/ingestion_dag.py for tasks to queue
[2022-12-25T14:33:35.584+0000] {logging_mixin.py:137} INFO - [2022-12-25T14:33:35.584+0000] {dagbag.py:538} INFO - Filling up the DagBag from /opt/airflow/dags/ingestion_dag.py
[2022-12-25T14:33:35.610+0000] {logging_mixin.py:137} INFO - [2022-12-25T14:33:35.609+0000] {dagbag.py:343} ERROR - Failed to import: /opt/airflow/dags/ingestion_dag.py
Traceback (most recent call last):
  File "/home/airflow/.local/lib/python3.7/site-packages/airflow/models/dagbag.py", line 339, in parse
    loader.exec_module(new_module)
  File "<frozen importlib._bootstrap_external>", line 728, in exec_module
  File "<frozen importlib._bootstrap>", line 219, in _call_with_frames_removed
  File "/opt/airflow/dags/ingestion_dag.py", line 14, in <module>
    depends_on_past = True
TypeError: __init__() got an unexpected keyword argument 'depends_on_past'
[2022-12-25T14:33:35.611+0000] {processor.py:755} WARNING - No viable dags retrieved from /opt/airflow/dags/ingestion_dag.py
[2022-12-25T14:33:35.627+0000] {processor.py:175} INFO - Processing /opt/airflow/dags/ingestion_dag.py took 0.049 seconds
[2022-12-25T14:33:47.694+0000] {processor.py:153} INFO - Started process (PID=443) to work on /opt/airflow/dags/ingestion_dag.py
[2022-12-25T14:33:47.698+0000] {processor.py:743} INFO - Processing file /opt/airflow/dags/ingestion_dag.py for tasks to queue
[2022-12-25T14:33:47.704+0000] {logging_mixin.py:137} INFO - [2022-12-25T14:33:47.703+0000] {dagbag.py:538} INFO - Filling up the DagBag from /opt/airflow/dags/ingestion_dag.py
[2022-12-25T14:33:47.731+0000] {logging_mixin.py:137} INFO - [2022-12-25T14:33:47.729+0000] {dagbag.py:343} ERROR - Failed to import: /opt/airflow/dags/ingestion_dag.py
Traceback (most recent call last):
  File "/home/airflow/.local/lib/python3.7/site-packages/airflow/models/dagbag.py", line 339, in parse
    loader.exec_module(new_module)
  File "<frozen importlib._bootstrap_external>", line 728, in exec_module
  File "<frozen importlib._bootstrap>", line 219, in _call_with_frames_removed
  File "/opt/airflow/dags/ingestion_dag.py", line 17, in <module>
    python_callable = download_file
  File "/home/airflow/.local/lib/python3.7/site-packages/airflow/models/baseoperator.py", line 411, in apply_defaults
    result = func(self, **kwargs, default_args=default_args)
  File "/home/airflow/.local/lib/python3.7/site-packages/airflow/operators/python.py", line 160, in __init__
    super().__init__(**kwargs)
  File "/home/airflow/.local/lib/python3.7/site-packages/airflow/models/baseoperator.py", line 411, in apply_defaults
    result = func(self, **kwargs, default_args=default_args)
TypeError: __init__() missing 1 required positional argument: 'task_id'
[2022-12-25T14:33:47.731+0000] {processor.py:755} WARNING - No viable dags retrieved from /opt/airflow/dags/ingestion_dag.py
[2022-12-25T14:33:47.750+0000] {processor.py:175} INFO - Processing /opt/airflow/dags/ingestion_dag.py took 0.059 seconds
[2022-12-25T14:34:18.021+0000] {processor.py:153} INFO - Started process (PID=469) to work on /opt/airflow/dags/ingestion_dag.py
[2022-12-25T14:34:18.023+0000] {processor.py:743} INFO - Processing file /opt/airflow/dags/ingestion_dag.py for tasks to queue
[2022-12-25T14:34:18.025+0000] {logging_mixin.py:137} INFO - [2022-12-25T14:34:18.025+0000] {dagbag.py:538} INFO - Filling up the DagBag from /opt/airflow/dags/ingestion_dag.py
[2022-12-25T14:34:18.056+0000] {logging_mixin.py:137} INFO - [2022-12-25T14:34:18.054+0000] {dagbag.py:343} ERROR - Failed to import: /opt/airflow/dags/ingestion_dag.py
Traceback (most recent call last):
  File "/home/airflow/.local/lib/python3.7/site-packages/airflow/models/dagbag.py", line 339, in parse
    loader.exec_module(new_module)
  File "<frozen importlib._bootstrap_external>", line 728, in exec_module
  File "<frozen importlib._bootstrap>", line 219, in _call_with_frames_removed
  File "/opt/airflow/dags/ingestion_dag.py", line 17, in <module>
    python_callable = download_file
  File "/home/airflow/.local/lib/python3.7/site-packages/airflow/models/baseoperator.py", line 411, in apply_defaults
    result = func(self, **kwargs, default_args=default_args)
  File "/home/airflow/.local/lib/python3.7/site-packages/airflow/operators/python.py", line 160, in __init__
    super().__init__(**kwargs)
  File "/home/airflow/.local/lib/python3.7/site-packages/airflow/models/baseoperator.py", line 411, in apply_defaults
    result = func(self, **kwargs, default_args=default_args)
TypeError: __init__() missing 1 required positional argument: 'task_id'
[2022-12-25T14:34:18.057+0000] {processor.py:755} WARNING - No viable dags retrieved from /opt/airflow/dags/ingestion_dag.py
[2022-12-25T14:34:18.074+0000] {processor.py:175} INFO - Processing /opt/airflow/dags/ingestion_dag.py took 0.057 seconds
[2022-12-25T14:34:48.288+0000] {processor.py:153} INFO - Started process (PID=507) to work on /opt/airflow/dags/ingestion_dag.py
[2022-12-25T14:34:48.290+0000] {processor.py:743} INFO - Processing file /opt/airflow/dags/ingestion_dag.py for tasks to queue
[2022-12-25T14:34:48.291+0000] {logging_mixin.py:137} INFO - [2022-12-25T14:34:48.291+0000] {dagbag.py:538} INFO - Filling up the DagBag from /opt/airflow/dags/ingestion_dag.py
[2022-12-25T14:34:48.313+0000] {logging_mixin.py:137} INFO - [2022-12-25T14:34:48.311+0000] {dagbag.py:343} ERROR - Failed to import: /opt/airflow/dags/ingestion_dag.py
Traceback (most recent call last):
  File "/home/airflow/.local/lib/python3.7/site-packages/airflow/models/dagbag.py", line 339, in parse
    loader.exec_module(new_module)
  File "<frozen importlib._bootstrap_external>", line 728, in exec_module
  File "<frozen importlib._bootstrap>", line 219, in _call_with_frames_removed
  File "/opt/airflow/dags/ingestion_dag.py", line 17, in <module>
    python_callable = download_file
  File "/home/airflow/.local/lib/python3.7/site-packages/airflow/models/baseoperator.py", line 411, in apply_defaults
    result = func(self, **kwargs, default_args=default_args)
  File "/home/airflow/.local/lib/python3.7/site-packages/airflow/operators/python.py", line 160, in __init__
    super().__init__(**kwargs)
  File "/home/airflow/.local/lib/python3.7/site-packages/airflow/models/baseoperator.py", line 411, in apply_defaults
    result = func(self, **kwargs, default_args=default_args)
TypeError: __init__() missing 1 required positional argument: 'task_id'
[2022-12-25T14:34:48.314+0000] {processor.py:755} WARNING - No viable dags retrieved from /opt/airflow/dags/ingestion_dag.py
[2022-12-25T14:34:48.330+0000] {processor.py:175} INFO - Processing /opt/airflow/dags/ingestion_dag.py took 0.046 seconds
[2022-12-25T14:35:18.610+0000] {processor.py:153} INFO - Started process (PID=544) to work on /opt/airflow/dags/ingestion_dag.py
[2022-12-25T14:35:18.612+0000] {processor.py:743} INFO - Processing file /opt/airflow/dags/ingestion_dag.py for tasks to queue
[2022-12-25T14:35:18.613+0000] {logging_mixin.py:137} INFO - [2022-12-25T14:35:18.613+0000] {dagbag.py:538} INFO - Filling up the DagBag from /opt/airflow/dags/ingestion_dag.py
[2022-12-25T14:35:18.633+0000] {logging_mixin.py:137} INFO - [2022-12-25T14:35:18.631+0000] {dagbag.py:343} ERROR - Failed to import: /opt/airflow/dags/ingestion_dag.py
Traceback (most recent call last):
  File "/home/airflow/.local/lib/python3.7/site-packages/airflow/models/dagbag.py", line 339, in parse
    loader.exec_module(new_module)
  File "<frozen importlib._bootstrap_external>", line 728, in exec_module
  File "<frozen importlib._bootstrap>", line 219, in _call_with_frames_removed
  File "/opt/airflow/dags/ingestion_dag.py", line 17, in <module>
    python_callable = download_file
  File "/home/airflow/.local/lib/python3.7/site-packages/airflow/models/baseoperator.py", line 411, in apply_defaults
    result = func(self, **kwargs, default_args=default_args)
  File "/home/airflow/.local/lib/python3.7/site-packages/airflow/operators/python.py", line 160, in __init__
    super().__init__(**kwargs)
  File "/home/airflow/.local/lib/python3.7/site-packages/airflow/models/baseoperator.py", line 411, in apply_defaults
    result = func(self, **kwargs, default_args=default_args)
TypeError: __init__() missing 1 required positional argument: 'task_id'
[2022-12-25T14:35:18.634+0000] {processor.py:755} WARNING - No viable dags retrieved from /opt/airflow/dags/ingestion_dag.py
[2022-12-25T14:35:18.649+0000] {processor.py:175} INFO - Processing /opt/airflow/dags/ingestion_dag.py took 0.041 seconds
[2022-12-25T14:35:49.022+0000] {processor.py:153} INFO - Started process (PID=570) to work on /opt/airflow/dags/ingestion_dag.py
[2022-12-25T14:35:49.024+0000] {processor.py:743} INFO - Processing file /opt/airflow/dags/ingestion_dag.py for tasks to queue
[2022-12-25T14:35:49.027+0000] {logging_mixin.py:137} INFO - [2022-12-25T14:35:49.027+0000] {dagbag.py:538} INFO - Filling up the DagBag from /opt/airflow/dags/ingestion_dag.py
[2022-12-25T14:35:49.055+0000] {logging_mixin.py:137} INFO - [2022-12-25T14:35:49.053+0000] {dagbag.py:343} ERROR - Failed to import: /opt/airflow/dags/ingestion_dag.py
Traceback (most recent call last):
  File "/home/airflow/.local/lib/python3.7/site-packages/airflow/models/dagbag.py", line 339, in parse
    loader.exec_module(new_module)
  File "<frozen importlib._bootstrap_external>", line 728, in exec_module
  File "<frozen importlib._bootstrap>", line 219, in _call_with_frames_removed
  File "/opt/airflow/dags/ingestion_dag.py", line 17, in <module>
    python_callable = download_file
  File "/home/airflow/.local/lib/python3.7/site-packages/airflow/models/baseoperator.py", line 411, in apply_defaults
    result = func(self, **kwargs, default_args=default_args)
  File "/home/airflow/.local/lib/python3.7/site-packages/airflow/operators/python.py", line 160, in __init__
    super().__init__(**kwargs)
  File "/home/airflow/.local/lib/python3.7/site-packages/airflow/models/baseoperator.py", line 411, in apply_defaults
    result = func(self, **kwargs, default_args=default_args)
TypeError: __init__() missing 1 required positional argument: 'task_id'
[2022-12-25T14:35:49.056+0000] {processor.py:755} WARNING - No viable dags retrieved from /opt/airflow/dags/ingestion_dag.py
[2022-12-25T14:35:49.070+0000] {processor.py:175} INFO - Processing /opt/airflow/dags/ingestion_dag.py took 0.054 seconds
[2022-12-25T14:36:19.367+0000] {processor.py:153} INFO - Started process (PID=609) to work on /opt/airflow/dags/ingestion_dag.py
[2022-12-25T14:36:19.372+0000] {processor.py:743} INFO - Processing file /opt/airflow/dags/ingestion_dag.py for tasks to queue
[2022-12-25T14:36:19.375+0000] {logging_mixin.py:137} INFO - [2022-12-25T14:36:19.374+0000] {dagbag.py:538} INFO - Filling up the DagBag from /opt/airflow/dags/ingestion_dag.py
[2022-12-25T14:36:19.404+0000] {logging_mixin.py:137} INFO - [2022-12-25T14:36:19.402+0000] {dagbag.py:343} ERROR - Failed to import: /opt/airflow/dags/ingestion_dag.py
Traceback (most recent call last):
  File "/home/airflow/.local/lib/python3.7/site-packages/airflow/models/dagbag.py", line 339, in parse
    loader.exec_module(new_module)
  File "<frozen importlib._bootstrap_external>", line 728, in exec_module
  File "<frozen importlib._bootstrap>", line 219, in _call_with_frames_removed
  File "/opt/airflow/dags/ingestion_dag.py", line 17, in <module>
    python_callable = download_file
  File "/home/airflow/.local/lib/python3.7/site-packages/airflow/models/baseoperator.py", line 411, in apply_defaults
    result = func(self, **kwargs, default_args=default_args)
  File "/home/airflow/.local/lib/python3.7/site-packages/airflow/operators/python.py", line 160, in __init__
    super().__init__(**kwargs)
  File "/home/airflow/.local/lib/python3.7/site-packages/airflow/models/baseoperator.py", line 411, in apply_defaults
    result = func(self, **kwargs, default_args=default_args)
TypeError: __init__() missing 1 required positional argument: 'task_id'
[2022-12-25T14:36:19.405+0000] {processor.py:755} WARNING - No viable dags retrieved from /opt/airflow/dags/ingestion_dag.py
[2022-12-25T14:36:19.421+0000] {processor.py:175} INFO - Processing /opt/airflow/dags/ingestion_dag.py took 0.059 seconds
[2022-12-25T14:36:49.725+0000] {processor.py:153} INFO - Started process (PID=648) to work on /opt/airflow/dags/ingestion_dag.py
[2022-12-25T14:36:49.728+0000] {processor.py:743} INFO - Processing file /opt/airflow/dags/ingestion_dag.py for tasks to queue
[2022-12-25T14:36:49.730+0000] {logging_mixin.py:137} INFO - [2022-12-25T14:36:49.730+0000] {dagbag.py:538} INFO - Filling up the DagBag from /opt/airflow/dags/ingestion_dag.py
[2022-12-25T14:36:49.755+0000] {logging_mixin.py:137} INFO - [2022-12-25T14:36:49.753+0000] {dagbag.py:343} ERROR - Failed to import: /opt/airflow/dags/ingestion_dag.py
Traceback (most recent call last):
  File "/home/airflow/.local/lib/python3.7/site-packages/airflow/models/dagbag.py", line 339, in parse
    loader.exec_module(new_module)
  File "<frozen importlib._bootstrap_external>", line 728, in exec_module
  File "<frozen importlib._bootstrap>", line 219, in _call_with_frames_removed
  File "/opt/airflow/dags/ingestion_dag.py", line 17, in <module>
    python_callable = download_file
  File "/home/airflow/.local/lib/python3.7/site-packages/airflow/models/baseoperator.py", line 411, in apply_defaults
    result = func(self, **kwargs, default_args=default_args)
  File "/home/airflow/.local/lib/python3.7/site-packages/airflow/operators/python.py", line 160, in __init__
    super().__init__(**kwargs)
  File "/home/airflow/.local/lib/python3.7/site-packages/airflow/models/baseoperator.py", line 411, in apply_defaults
    result = func(self, **kwargs, default_args=default_args)
TypeError: __init__() missing 1 required positional argument: 'task_id'
[2022-12-25T14:36:49.755+0000] {processor.py:755} WARNING - No viable dags retrieved from /opt/airflow/dags/ingestion_dag.py
[2022-12-25T14:36:49.775+0000] {processor.py:175} INFO - Processing /opt/airflow/dags/ingestion_dag.py took 0.054 seconds
[2022-12-25T14:37:20.005+0000] {processor.py:153} INFO - Started process (PID=674) to work on /opt/airflow/dags/ingestion_dag.py
[2022-12-25T14:37:20.006+0000] {processor.py:743} INFO - Processing file /opt/airflow/dags/ingestion_dag.py for tasks to queue
[2022-12-25T14:37:20.008+0000] {logging_mixin.py:137} INFO - [2022-12-25T14:37:20.008+0000] {dagbag.py:538} INFO - Filling up the DagBag from /opt/airflow/dags/ingestion_dag.py
[2022-12-25T14:37:20.034+0000] {logging_mixin.py:137} INFO - [2022-12-25T14:37:20.032+0000] {dagbag.py:343} ERROR - Failed to import: /opt/airflow/dags/ingestion_dag.py
Traceback (most recent call last):
  File "/home/airflow/.local/lib/python3.7/site-packages/airflow/models/dagbag.py", line 339, in parse
    loader.exec_module(new_module)
  File "<frozen importlib._bootstrap_external>", line 728, in exec_module
  File "<frozen importlib._bootstrap>", line 219, in _call_with_frames_removed
  File "/opt/airflow/dags/ingestion_dag.py", line 17, in <module>
    python_callable = download_file
  File "/home/airflow/.local/lib/python3.7/site-packages/airflow/models/baseoperator.py", line 411, in apply_defaults
    result = func(self, **kwargs, default_args=default_args)
  File "/home/airflow/.local/lib/python3.7/site-packages/airflow/operators/python.py", line 160, in __init__
    super().__init__(**kwargs)
  File "/home/airflow/.local/lib/python3.7/site-packages/airflow/models/baseoperator.py", line 411, in apply_defaults
    result = func(self, **kwargs, default_args=default_args)
TypeError: __init__() missing 1 required positional argument: 'task_id'
[2022-12-25T14:37:20.035+0000] {processor.py:755} WARNING - No viable dags retrieved from /opt/airflow/dags/ingestion_dag.py
[2022-12-25T14:37:20.050+0000] {processor.py:175} INFO - Processing /opt/airflow/dags/ingestion_dag.py took 0.049 seconds
[2022-12-25T14:37:50.347+0000] {processor.py:153} INFO - Started process (PID=711) to work on /opt/airflow/dags/ingestion_dag.py
[2022-12-25T14:37:50.350+0000] {processor.py:743} INFO - Processing file /opt/airflow/dags/ingestion_dag.py for tasks to queue
[2022-12-25T14:37:50.352+0000] {logging_mixin.py:137} INFO - [2022-12-25T14:37:50.352+0000] {dagbag.py:538} INFO - Filling up the DagBag from /opt/airflow/dags/ingestion_dag.py
[2022-12-25T14:37:50.379+0000] {logging_mixin.py:137} INFO - [2022-12-25T14:37:50.377+0000] {dagbag.py:343} ERROR - Failed to import: /opt/airflow/dags/ingestion_dag.py
Traceback (most recent call last):
  File "/home/airflow/.local/lib/python3.7/site-packages/airflow/models/dagbag.py", line 339, in parse
    loader.exec_module(new_module)
  File "<frozen importlib._bootstrap_external>", line 728, in exec_module
  File "<frozen importlib._bootstrap>", line 219, in _call_with_frames_removed
  File "/opt/airflow/dags/ingestion_dag.py", line 17, in <module>
    python_callable = download_file
  File "/home/airflow/.local/lib/python3.7/site-packages/airflow/models/baseoperator.py", line 411, in apply_defaults
    result = func(self, **kwargs, default_args=default_args)
  File "/home/airflow/.local/lib/python3.7/site-packages/airflow/operators/python.py", line 160, in __init__
    super().__init__(**kwargs)
  File "/home/airflow/.local/lib/python3.7/site-packages/airflow/models/baseoperator.py", line 411, in apply_defaults
    result = func(self, **kwargs, default_args=default_args)
TypeError: __init__() missing 1 required positional argument: 'task_id'
[2022-12-25T14:37:50.380+0000] {processor.py:755} WARNING - No viable dags retrieved from /opt/airflow/dags/ingestion_dag.py
[2022-12-25T14:37:50.395+0000] {processor.py:175} INFO - Processing /opt/airflow/dags/ingestion_dag.py took 0.054 seconds
[2022-12-25T14:38:20.783+0000] {processor.py:153} INFO - Started process (PID=748) to work on /opt/airflow/dags/ingestion_dag.py
[2022-12-25T14:38:20.786+0000] {processor.py:743} INFO - Processing file /opt/airflow/dags/ingestion_dag.py for tasks to queue
[2022-12-25T14:38:20.787+0000] {logging_mixin.py:137} INFO - [2022-12-25T14:38:20.787+0000] {dagbag.py:538} INFO - Filling up the DagBag from /opt/airflow/dags/ingestion_dag.py
[2022-12-25T14:38:20.815+0000] {logging_mixin.py:137} INFO - [2022-12-25T14:38:20.813+0000] {dagbag.py:343} ERROR - Failed to import: /opt/airflow/dags/ingestion_dag.py
Traceback (most recent call last):
  File "/home/airflow/.local/lib/python3.7/site-packages/airflow/models/dagbag.py", line 339, in parse
    loader.exec_module(new_module)
  File "<frozen importlib._bootstrap_external>", line 728, in exec_module
  File "<frozen importlib._bootstrap>", line 219, in _call_with_frames_removed
  File "/opt/airflow/dags/ingestion_dag.py", line 17, in <module>
    python_callable = download_file
  File "/home/airflow/.local/lib/python3.7/site-packages/airflow/models/baseoperator.py", line 411, in apply_defaults
    result = func(self, **kwargs, default_args=default_args)
  File "/home/airflow/.local/lib/python3.7/site-packages/airflow/operators/python.py", line 160, in __init__
    super().__init__(**kwargs)
  File "/home/airflow/.local/lib/python3.7/site-packages/airflow/models/baseoperator.py", line 411, in apply_defaults
    result = func(self, **kwargs, default_args=default_args)
TypeError: __init__() missing 1 required positional argument: 'task_id'
[2022-12-25T14:38:20.816+0000] {processor.py:755} WARNING - No viable dags retrieved from /opt/airflow/dags/ingestion_dag.py
[2022-12-25T14:38:20.832+0000] {processor.py:175} INFO - Processing /opt/airflow/dags/ingestion_dag.py took 0.054 seconds
[2022-12-25T14:38:51.166+0000] {processor.py:153} INFO - Started process (PID=774) to work on /opt/airflow/dags/ingestion_dag.py
[2022-12-25T14:38:51.169+0000] {processor.py:743} INFO - Processing file /opt/airflow/dags/ingestion_dag.py for tasks to queue
[2022-12-25T14:38:51.170+0000] {logging_mixin.py:137} INFO - [2022-12-25T14:38:51.170+0000] {dagbag.py:538} INFO - Filling up the DagBag from /opt/airflow/dags/ingestion_dag.py
[2022-12-25T14:38:51.192+0000] {logging_mixin.py:137} INFO - [2022-12-25T14:38:51.191+0000] {dagbag.py:343} ERROR - Failed to import: /opt/airflow/dags/ingestion_dag.py
Traceback (most recent call last):
  File "/home/airflow/.local/lib/python3.7/site-packages/airflow/models/dagbag.py", line 339, in parse
    loader.exec_module(new_module)
  File "<frozen importlib._bootstrap_external>", line 728, in exec_module
  File "<frozen importlib._bootstrap>", line 219, in _call_with_frames_removed
  File "/opt/airflow/dags/ingestion_dag.py", line 17, in <module>
    python_callable = download_file
  File "/home/airflow/.local/lib/python3.7/site-packages/airflow/models/baseoperator.py", line 411, in apply_defaults
    result = func(self, **kwargs, default_args=default_args)
  File "/home/airflow/.local/lib/python3.7/site-packages/airflow/operators/python.py", line 160, in __init__
    super().__init__(**kwargs)
  File "/home/airflow/.local/lib/python3.7/site-packages/airflow/models/baseoperator.py", line 411, in apply_defaults
    result = func(self, **kwargs, default_args=default_args)
TypeError: __init__() missing 1 required positional argument: 'task_id'
[2022-12-25T14:38:51.193+0000] {processor.py:755} WARNING - No viable dags retrieved from /opt/airflow/dags/ingestion_dag.py
[2022-12-25T14:38:51.209+0000] {processor.py:175} INFO - Processing /opt/airflow/dags/ingestion_dag.py took 0.047 seconds
[2022-12-25T14:39:21.464+0000] {processor.py:153} INFO - Started process (PID=812) to work on /opt/airflow/dags/ingestion_dag.py
[2022-12-25T14:39:21.466+0000] {processor.py:743} INFO - Processing file /opt/airflow/dags/ingestion_dag.py for tasks to queue
[2022-12-25T14:39:21.467+0000] {logging_mixin.py:137} INFO - [2022-12-25T14:39:21.467+0000] {dagbag.py:538} INFO - Filling up the DagBag from /opt/airflow/dags/ingestion_dag.py
[2022-12-25T14:39:21.487+0000] {logging_mixin.py:137} INFO - [2022-12-25T14:39:21.485+0000] {dagbag.py:343} ERROR - Failed to import: /opt/airflow/dags/ingestion_dag.py
Traceback (most recent call last):
  File "/home/airflow/.local/lib/python3.7/site-packages/airflow/models/dagbag.py", line 339, in parse
    loader.exec_module(new_module)
  File "<frozen importlib._bootstrap_external>", line 728, in exec_module
  File "<frozen importlib._bootstrap>", line 219, in _call_with_frames_removed
  File "/opt/airflow/dags/ingestion_dag.py", line 17, in <module>
    python_callable = download_file
  File "/home/airflow/.local/lib/python3.7/site-packages/airflow/models/baseoperator.py", line 411, in apply_defaults
    result = func(self, **kwargs, default_args=default_args)
  File "/home/airflow/.local/lib/python3.7/site-packages/airflow/operators/python.py", line 160, in __init__
    super().__init__(**kwargs)
  File "/home/airflow/.local/lib/python3.7/site-packages/airflow/models/baseoperator.py", line 411, in apply_defaults
    result = func(self, **kwargs, default_args=default_args)
TypeError: __init__() missing 1 required positional argument: 'task_id'
[2022-12-25T14:39:21.488+0000] {processor.py:755} WARNING - No viable dags retrieved from /opt/airflow/dags/ingestion_dag.py
[2022-12-25T14:39:21.504+0000] {processor.py:175} INFO - Processing /opt/airflow/dags/ingestion_dag.py took 0.043 seconds
[2022-12-25T14:39:48.776+0000] {processor.py:153} INFO - Started process (PID=839) to work on /opt/airflow/dags/ingestion_dag.py
[2022-12-25T14:39:48.780+0000] {processor.py:743} INFO - Processing file /opt/airflow/dags/ingestion_dag.py for tasks to queue
[2022-12-25T14:39:48.782+0000] {logging_mixin.py:137} INFO - [2022-12-25T14:39:48.782+0000] {dagbag.py:538} INFO - Filling up the DagBag from /opt/airflow/dags/ingestion_dag.py
[2022-12-25T14:39:48.791+0000] {logging_mixin.py:137} INFO - [2022-12-25T14:39:48.790+0000] {dagbag.py:343} ERROR - Failed to import: /opt/airflow/dags/ingestion_dag.py
Traceback (most recent call last):
  File "/home/airflow/.local/lib/python3.7/site-packages/airflow/models/dagbag.py", line 339, in parse
    loader.exec_module(new_module)
  File "<frozen importlib._bootstrap_external>", line 724, in exec_module
  File "<frozen importlib._bootstrap_external>", line 860, in get_code
  File "<frozen importlib._bootstrap_external>", line 791, in source_to_code
  File "<frozen importlib._bootstrap>", line 219, in _call_with_frames_removed
  File "/opt/airflow/dags/ingestion_dag.py", line 18
    python_callable = download_file
                  ^
SyntaxError: invalid syntax
[2022-12-25T14:39:48.792+0000] {processor.py:755} WARNING - No viable dags retrieved from /opt/airflow/dags/ingestion_dag.py
[2022-12-25T14:39:48.812+0000] {processor.py:175} INFO - Processing /opt/airflow/dags/ingestion_dag.py took 0.041 seconds
[2022-12-25T14:39:53.838+0000] {processor.py:153} INFO - Started process (PID=852) to work on /opt/airflow/dags/ingestion_dag.py
[2022-12-25T14:39:53.840+0000] {processor.py:743} INFO - Processing file /opt/airflow/dags/ingestion_dag.py for tasks to queue
[2022-12-25T14:39:53.842+0000] {logging_mixin.py:137} INFO - [2022-12-25T14:39:53.842+0000] {dagbag.py:538} INFO - Filling up the DagBag from /opt/airflow/dags/ingestion_dag.py
[2022-12-25T14:39:53.882+0000] {logging_mixin.py:137} INFO - [2022-12-25T14:39:53.881+0000] {dagbag.py:440} ERROR - Failed to bag_dag: /opt/airflow/dags/ingestion_dag.py
Traceback (most recent call last):
  File "/home/airflow/.local/lib/python3.7/site-packages/airflow/timetables/_cron.py", line 88, in validate
    croniter(self._expression)
  File "/home/airflow/.local/lib/python3.7/site-packages/croniter/croniter.py", line 166, in __init__
    self.expanded, self.nth_weekday_of_month = self.expand(expr_format, hash_id=hash_id)
  File "/home/airflow/.local/lib/python3.7/site-packages/croniter/croniter.py", line 778, in expand
    return cls._expand(expr_format, hash_id=hash_id)
  File "/home/airflow/.local/lib/python3.7/site-packages/croniter/croniter.py", line 624, in _expand
    raise CroniterBadCronError(cls.bad_length)
croniter.croniter.CroniterBadCronError: Exactly 5 or 6 columns has to be specified for iterator expression.

During handling of the above exception, another exception occurred:

Traceback (most recent call last):
  File "/home/airflow/.local/lib/python3.7/site-packages/airflow/models/dagbag.py", line 437, in _process_modules
    dag.validate()
  File "/home/airflow/.local/lib/python3.7/site-packages/airflow/models/dag.py", line 668, in validate
    self.timetable.validate()
  File "/home/airflow/.local/lib/python3.7/site-packages/airflow/timetables/_cron.py", line 90, in validate
    raise AirflowTimetableInvalid(str(e))
airflow.exceptions.AirflowTimetableInvalid: Exactly 5 or 6 columns has to be specified for iterator expression.
[2022-12-25T14:39:53.883+0000] {processor.py:755} WARNING - No viable dags retrieved from /opt/airflow/dags/ingestion_dag.py
[2022-12-25T14:39:53.899+0000] {processor.py:175} INFO - Processing /opt/airflow/dags/ingestion_dag.py took 0.065 seconds
[2022-12-25T14:40:24.320+0000] {processor.py:153} INFO - Started process (PID=889) to work on /opt/airflow/dags/ingestion_dag.py
[2022-12-25T14:40:24.323+0000] {processor.py:743} INFO - Processing file /opt/airflow/dags/ingestion_dag.py for tasks to queue
[2022-12-25T14:40:24.325+0000] {logging_mixin.py:137} INFO - [2022-12-25T14:40:24.324+0000] {dagbag.py:538} INFO - Filling up the DagBag from /opt/airflow/dags/ingestion_dag.py
[2022-12-25T14:40:24.350+0000] {logging_mixin.py:137} INFO - [2022-12-25T14:40:24.349+0000] {dagbag.py:440} ERROR - Failed to bag_dag: /opt/airflow/dags/ingestion_dag.py
Traceback (most recent call last):
  File "/home/airflow/.local/lib/python3.7/site-packages/airflow/timetables/_cron.py", line 88, in validate
    croniter(self._expression)
  File "/home/airflow/.local/lib/python3.7/site-packages/croniter/croniter.py", line 166, in __init__
    self.expanded, self.nth_weekday_of_month = self.expand(expr_format, hash_id=hash_id)
  File "/home/airflow/.local/lib/python3.7/site-packages/croniter/croniter.py", line 778, in expand
    return cls._expand(expr_format, hash_id=hash_id)
  File "/home/airflow/.local/lib/python3.7/site-packages/croniter/croniter.py", line 624, in _expand
    raise CroniterBadCronError(cls.bad_length)
croniter.croniter.CroniterBadCronError: Exactly 5 or 6 columns has to be specified for iterator expression.

During handling of the above exception, another exception occurred:

Traceback (most recent call last):
  File "/home/airflow/.local/lib/python3.7/site-packages/airflow/models/dagbag.py", line 437, in _process_modules
    dag.validate()
  File "/home/airflow/.local/lib/python3.7/site-packages/airflow/models/dag.py", line 668, in validate
    self.timetable.validate()
  File "/home/airflow/.local/lib/python3.7/site-packages/airflow/timetables/_cron.py", line 90, in validate
    raise AirflowTimetableInvalid(str(e))
airflow.exceptions.AirflowTimetableInvalid: Exactly 5 or 6 columns has to be specified for iterator expression.
[2022-12-25T14:40:24.351+0000] {processor.py:755} WARNING - No viable dags retrieved from /opt/airflow/dags/ingestion_dag.py
[2022-12-25T14:40:24.370+0000] {processor.py:175} INFO - Processing /opt/airflow/dags/ingestion_dag.py took 0.053 seconds
[2022-12-25T14:40:54.587+0000] {processor.py:153} INFO - Started process (PID=914) to work on /opt/airflow/dags/ingestion_dag.py
[2022-12-25T14:40:54.589+0000] {processor.py:743} INFO - Processing file /opt/airflow/dags/ingestion_dag.py for tasks to queue
[2022-12-25T14:40:54.590+0000] {logging_mixin.py:137} INFO - [2022-12-25T14:40:54.590+0000] {dagbag.py:538} INFO - Filling up the DagBag from /opt/airflow/dags/ingestion_dag.py
[2022-12-25T14:40:54.608+0000] {logging_mixin.py:137} INFO - [2022-12-25T14:40:54.607+0000] {dagbag.py:440} ERROR - Failed to bag_dag: /opt/airflow/dags/ingestion_dag.py
Traceback (most recent call last):
  File "/home/airflow/.local/lib/python3.7/site-packages/airflow/timetables/_cron.py", line 88, in validate
    croniter(self._expression)
  File "/home/airflow/.local/lib/python3.7/site-packages/croniter/croniter.py", line 166, in __init__
    self.expanded, self.nth_weekday_of_month = self.expand(expr_format, hash_id=hash_id)
  File "/home/airflow/.local/lib/python3.7/site-packages/croniter/croniter.py", line 778, in expand
    return cls._expand(expr_format, hash_id=hash_id)
  File "/home/airflow/.local/lib/python3.7/site-packages/croniter/croniter.py", line 624, in _expand
    raise CroniterBadCronError(cls.bad_length)
croniter.croniter.CroniterBadCronError: Exactly 5 or 6 columns has to be specified for iterator expression.

During handling of the above exception, another exception occurred:

Traceback (most recent call last):
  File "/home/airflow/.local/lib/python3.7/site-packages/airflow/models/dagbag.py", line 437, in _process_modules
    dag.validate()
  File "/home/airflow/.local/lib/python3.7/site-packages/airflow/models/dag.py", line 668, in validate
    self.timetable.validate()
  File "/home/airflow/.local/lib/python3.7/site-packages/airflow/timetables/_cron.py", line 90, in validate
    raise AirflowTimetableInvalid(str(e))
airflow.exceptions.AirflowTimetableInvalid: Exactly 5 or 6 columns has to be specified for iterator expression.
[2022-12-25T14:40:54.609+0000] {processor.py:755} WARNING - No viable dags retrieved from /opt/airflow/dags/ingestion_dag.py
[2022-12-25T14:40:54.625+0000] {processor.py:175} INFO - Processing /opt/airflow/dags/ingestion_dag.py took 0.041 seconds
[2022-12-25T14:41:24.953+0000] {processor.py:153} INFO - Started process (PID=952) to work on /opt/airflow/dags/ingestion_dag.py
[2022-12-25T14:41:24.955+0000] {processor.py:743} INFO - Processing file /opt/airflow/dags/ingestion_dag.py for tasks to queue
[2022-12-25T14:41:24.957+0000] {logging_mixin.py:137} INFO - [2022-12-25T14:41:24.957+0000] {dagbag.py:538} INFO - Filling up the DagBag from /opt/airflow/dags/ingestion_dag.py
[2022-12-25T14:41:24.978+0000] {logging_mixin.py:137} INFO - [2022-12-25T14:41:24.976+0000] {dagbag.py:440} ERROR - Failed to bag_dag: /opt/airflow/dags/ingestion_dag.py
Traceback (most recent call last):
  File "/home/airflow/.local/lib/python3.7/site-packages/airflow/timetables/_cron.py", line 88, in validate
    croniter(self._expression)
  File "/home/airflow/.local/lib/python3.7/site-packages/croniter/croniter.py", line 166, in __init__
    self.expanded, self.nth_weekday_of_month = self.expand(expr_format, hash_id=hash_id)
  File "/home/airflow/.local/lib/python3.7/site-packages/croniter/croniter.py", line 778, in expand
    return cls._expand(expr_format, hash_id=hash_id)
  File "/home/airflow/.local/lib/python3.7/site-packages/croniter/croniter.py", line 624, in _expand
    raise CroniterBadCronError(cls.bad_length)
croniter.croniter.CroniterBadCronError: Exactly 5 or 6 columns has to be specified for iterator expression.

During handling of the above exception, another exception occurred:

Traceback (most recent call last):
  File "/home/airflow/.local/lib/python3.7/site-packages/airflow/models/dagbag.py", line 437, in _process_modules
    dag.validate()
  File "/home/airflow/.local/lib/python3.7/site-packages/airflow/models/dag.py", line 668, in validate
    self.timetable.validate()
  File "/home/airflow/.local/lib/python3.7/site-packages/airflow/timetables/_cron.py", line 90, in validate
    raise AirflowTimetableInvalid(str(e))
airflow.exceptions.AirflowTimetableInvalid: Exactly 5 or 6 columns has to be specified for iterator expression.
[2022-12-25T14:41:24.978+0000] {processor.py:755} WARNING - No viable dags retrieved from /opt/airflow/dags/ingestion_dag.py
[2022-12-25T14:41:24.993+0000] {processor.py:175} INFO - Processing /opt/airflow/dags/ingestion_dag.py took 0.043 seconds
[2022-12-25T14:41:55.286+0000] {processor.py:153} INFO - Started process (PID=990) to work on /opt/airflow/dags/ingestion_dag.py
[2022-12-25T14:41:55.288+0000] {processor.py:743} INFO - Processing file /opt/airflow/dags/ingestion_dag.py for tasks to queue
[2022-12-25T14:41:55.289+0000] {logging_mixin.py:137} INFO - [2022-12-25T14:41:55.289+0000] {dagbag.py:538} INFO - Filling up the DagBag from /opt/airflow/dags/ingestion_dag.py
[2022-12-25T14:41:55.306+0000] {logging_mixin.py:137} INFO - [2022-12-25T14:41:55.305+0000] {dagbag.py:440} ERROR - Failed to bag_dag: /opt/airflow/dags/ingestion_dag.py
Traceback (most recent call last):
  File "/home/airflow/.local/lib/python3.7/site-packages/airflow/timetables/_cron.py", line 88, in validate
    croniter(self._expression)
  File "/home/airflow/.local/lib/python3.7/site-packages/croniter/croniter.py", line 166, in __init__
    self.expanded, self.nth_weekday_of_month = self.expand(expr_format, hash_id=hash_id)
  File "/home/airflow/.local/lib/python3.7/site-packages/croniter/croniter.py", line 778, in expand
    return cls._expand(expr_format, hash_id=hash_id)
  File "/home/airflow/.local/lib/python3.7/site-packages/croniter/croniter.py", line 624, in _expand
    raise CroniterBadCronError(cls.bad_length)
croniter.croniter.CroniterBadCronError: Exactly 5 or 6 columns has to be specified for iterator expression.

During handling of the above exception, another exception occurred:

Traceback (most recent call last):
  File "/home/airflow/.local/lib/python3.7/site-packages/airflow/models/dagbag.py", line 437, in _process_modules
    dag.validate()
  File "/home/airflow/.local/lib/python3.7/site-packages/airflow/models/dag.py", line 668, in validate
    self.timetable.validate()
  File "/home/airflow/.local/lib/python3.7/site-packages/airflow/timetables/_cron.py", line 90, in validate
    raise AirflowTimetableInvalid(str(e))
airflow.exceptions.AirflowTimetableInvalid: Exactly 5 or 6 columns has to be specified for iterator expression.
[2022-12-25T14:41:55.309+0000] {processor.py:755} WARNING - No viable dags retrieved from /opt/airflow/dags/ingestion_dag.py
[2022-12-25T14:41:55.327+0000] {processor.py:175} INFO - Processing /opt/airflow/dags/ingestion_dag.py took 0.043 seconds
[2022-12-25T14:42:25.647+0000] {processor.py:153} INFO - Started process (PID=1016) to work on /opt/airflow/dags/ingestion_dag.py
[2022-12-25T14:42:25.650+0000] {processor.py:743} INFO - Processing file /opt/airflow/dags/ingestion_dag.py for tasks to queue
[2022-12-25T14:42:25.652+0000] {logging_mixin.py:137} INFO - [2022-12-25T14:42:25.652+0000] {dagbag.py:538} INFO - Filling up the DagBag from /opt/airflow/dags/ingestion_dag.py
[2022-12-25T14:42:25.685+0000] {logging_mixin.py:137} INFO - [2022-12-25T14:42:25.684+0000] {dagbag.py:440} ERROR - Failed to bag_dag: /opt/airflow/dags/ingestion_dag.py
Traceback (most recent call last):
  File "/home/airflow/.local/lib/python3.7/site-packages/airflow/timetables/_cron.py", line 88, in validate
    croniter(self._expression)
  File "/home/airflow/.local/lib/python3.7/site-packages/croniter/croniter.py", line 166, in __init__
    self.expanded, self.nth_weekday_of_month = self.expand(expr_format, hash_id=hash_id)
  File "/home/airflow/.local/lib/python3.7/site-packages/croniter/croniter.py", line 778, in expand
    return cls._expand(expr_format, hash_id=hash_id)
  File "/home/airflow/.local/lib/python3.7/site-packages/croniter/croniter.py", line 624, in _expand
    raise CroniterBadCronError(cls.bad_length)
croniter.croniter.CroniterBadCronError: Exactly 5 or 6 columns has to be specified for iterator expression.

During handling of the above exception, another exception occurred:

Traceback (most recent call last):
  File "/home/airflow/.local/lib/python3.7/site-packages/airflow/models/dagbag.py", line 437, in _process_modules
    dag.validate()
  File "/home/airflow/.local/lib/python3.7/site-packages/airflow/models/dag.py", line 668, in validate
    self.timetable.validate()
  File "/home/airflow/.local/lib/python3.7/site-packages/airflow/timetables/_cron.py", line 90, in validate
    raise AirflowTimetableInvalid(str(e))
airflow.exceptions.AirflowTimetableInvalid: Exactly 5 or 6 columns has to be specified for iterator expression.
[2022-12-25T14:42:25.687+0000] {processor.py:755} WARNING - No viable dags retrieved from /opt/airflow/dags/ingestion_dag.py
[2022-12-25T14:42:25.705+0000] {processor.py:175} INFO - Processing /opt/airflow/dags/ingestion_dag.py took 0.063 seconds
[2022-12-25T14:42:47.925+0000] {processor.py:153} INFO - Started process (PID=1041) to work on /opt/airflow/dags/ingestion_dag.py
[2022-12-25T14:42:47.928+0000] {processor.py:743} INFO - Processing file /opt/airflow/dags/ingestion_dag.py for tasks to queue
[2022-12-25T14:42:47.930+0000] {logging_mixin.py:137} INFO - [2022-12-25T14:42:47.930+0000] {dagbag.py:538} INFO - Filling up the DagBag from /opt/airflow/dags/ingestion_dag.py
[2022-12-25T14:42:47.957+0000] {logging_mixin.py:137} INFO - [2022-12-25T14:42:47.956+0000] {dagbag.py:343} ERROR - Failed to import: /opt/airflow/dags/ingestion_dag.py
Traceback (most recent call last):
  File "/home/airflow/.local/lib/python3.7/site-packages/airflow/models/dagbag.py", line 339, in parse
    loader.exec_module(new_module)
  File "<frozen importlib._bootstrap_external>", line 728, in exec_module
  File "<frozen importlib._bootstrap>", line 219, in _call_with_frames_removed
  File "/opt/airflow/dags/ingestion_dag.py", line 10, in <module>
    dag = DAG("data_ingestion_to_cloud", start_date=datetime(2021, 1, 1, tz="SGT"),
TypeError: 'tz' is an invalid keyword argument for this function
[2022-12-25T14:42:47.958+0000] {processor.py:755} WARNING - No viable dags retrieved from /opt/airflow/dags/ingestion_dag.py
[2022-12-25T14:42:47.974+0000] {processor.py:175} INFO - Processing /opt/airflow/dags/ingestion_dag.py took 0.054 seconds
[2022-12-25T14:43:18.352+0000] {processor.py:153} INFO - Started process (PID=1079) to work on /opt/airflow/dags/ingestion_dag.py
[2022-12-25T14:43:18.354+0000] {processor.py:743} INFO - Processing file /opt/airflow/dags/ingestion_dag.py for tasks to queue
[2022-12-25T14:43:18.355+0000] {logging_mixin.py:137} INFO - [2022-12-25T14:43:18.355+0000] {dagbag.py:538} INFO - Filling up the DagBag from /opt/airflow/dags/ingestion_dag.py
[2022-12-25T14:43:18.378+0000] {logging_mixin.py:137} INFO - [2022-12-25T14:43:18.376+0000] {dagbag.py:343} ERROR - Failed to import: /opt/airflow/dags/ingestion_dag.py
Traceback (most recent call last):
  File "/home/airflow/.local/lib/python3.7/site-packages/airflow/models/dagbag.py", line 339, in parse
    loader.exec_module(new_module)
  File "<frozen importlib._bootstrap_external>", line 728, in exec_module
  File "<frozen importlib._bootstrap>", line 219, in _call_with_frames_removed
  File "/opt/airflow/dags/ingestion_dag.py", line 10, in <module>
    dag = DAG("data_ingestion_to_cloud", start_date=datetime(2021, 1, 1, tz="SGT"),
TypeError: 'tz' is an invalid keyword argument for this function
[2022-12-25T14:43:18.379+0000] {processor.py:755} WARNING - No viable dags retrieved from /opt/airflow/dags/ingestion_dag.py
[2022-12-25T14:43:18.397+0000] {processor.py:175} INFO - Processing /opt/airflow/dags/ingestion_dag.py took 0.050 seconds
[2022-12-25T14:43:48.698+0000] {processor.py:153} INFO - Started process (PID=1118) to work on /opt/airflow/dags/ingestion_dag.py
[2022-12-25T14:43:48.701+0000] {processor.py:743} INFO - Processing file /opt/airflow/dags/ingestion_dag.py for tasks to queue
[2022-12-25T14:43:48.702+0000] {logging_mixin.py:137} INFO - [2022-12-25T14:43:48.702+0000] {dagbag.py:538} INFO - Filling up the DagBag from /opt/airflow/dags/ingestion_dag.py
[2022-12-25T14:43:48.717+0000] {logging_mixin.py:137} INFO - [2022-12-25T14:43:48.715+0000] {dagbag.py:343} ERROR - Failed to import: /opt/airflow/dags/ingestion_dag.py
Traceback (most recent call last):
  File "/home/airflow/.local/lib/python3.7/site-packages/airflow/models/dagbag.py", line 339, in parse
    loader.exec_module(new_module)
  File "<frozen importlib._bootstrap_external>", line 728, in exec_module
  File "<frozen importlib._bootstrap>", line 219, in _call_with_frames_removed
  File "/opt/airflow/dags/ingestion_dag.py", line 10, in <module>
    dag = DAG("data_ingestion_to_cloud", start_date=datetime(2021, 1, 1, tz="SGT"),
TypeError: 'tz' is an invalid keyword argument for this function
[2022-12-25T14:43:48.718+0000] {processor.py:755} WARNING - No viable dags retrieved from /opt/airflow/dags/ingestion_dag.py
[2022-12-25T14:43:48.738+0000] {processor.py:175} INFO - Processing /opt/airflow/dags/ingestion_dag.py took 0.042 seconds
[2022-12-25T14:44:13.068+0000] {processor.py:153} INFO - Started process (PID=1142) to work on /opt/airflow/dags/ingestion_dag.py
[2022-12-25T14:44:13.072+0000] {processor.py:743} INFO - Processing file /opt/airflow/dags/ingestion_dag.py for tasks to queue
[2022-12-25T14:44:13.073+0000] {logging_mixin.py:137} INFO - [2022-12-25T14:44:13.073+0000] {dagbag.py:538} INFO - Filling up the DagBag from /opt/airflow/dags/ingestion_dag.py
[2022-12-25T14:44:13.109+0000] {logging_mixin.py:137} INFO - [2022-12-25T14:44:13.107+0000] {dagbag.py:343} ERROR - Failed to import: /opt/airflow/dags/ingestion_dag.py
Traceback (most recent call last):
  File "/home/airflow/.local/lib/python3.7/site-packages/airflow/models/dagbag.py", line 339, in parse
    loader.exec_module(new_module)
  File "<frozen importlib._bootstrap_external>", line 728, in exec_module
  File "<frozen importlib._bootstrap>", line 219, in _call_with_frames_removed
  File "/opt/airflow/dags/ingestion_dag.py", line 10, in <module>
    dag = DAG("data_ingestion_to_cloud", start_date=datetime(2021, 1, 1, tz="UTC+8:00"),
TypeError: 'tz' is an invalid keyword argument for this function
[2022-12-25T14:44:13.110+0000] {processor.py:755} WARNING - No viable dags retrieved from /opt/airflow/dags/ingestion_dag.py
[2022-12-25T14:44:13.133+0000] {processor.py:175} INFO - Processing /opt/airflow/dags/ingestion_dag.py took 0.071 seconds
[2022-12-25T14:44:43.392+0000] {processor.py:153} INFO - Started process (PID=1168) to work on /opt/airflow/dags/ingestion_dag.py
[2022-12-25T14:44:43.394+0000] {processor.py:743} INFO - Processing file /opt/airflow/dags/ingestion_dag.py for tasks to queue
[2022-12-25T14:44:43.396+0000] {logging_mixin.py:137} INFO - [2022-12-25T14:44:43.396+0000] {dagbag.py:538} INFO - Filling up the DagBag from /opt/airflow/dags/ingestion_dag.py
[2022-12-25T14:44:43.421+0000] {logging_mixin.py:137} INFO - [2022-12-25T14:44:43.420+0000] {dagbag.py:343} ERROR - Failed to import: /opt/airflow/dags/ingestion_dag.py
Traceback (most recent call last):
  File "/home/airflow/.local/lib/python3.7/site-packages/airflow/models/dagbag.py", line 339, in parse
    loader.exec_module(new_module)
  File "<frozen importlib._bootstrap_external>", line 728, in exec_module
  File "<frozen importlib._bootstrap>", line 219, in _call_with_frames_removed
  File "/opt/airflow/dags/ingestion_dag.py", line 10, in <module>
    dag = DAG("data_ingestion_to_cloud", start_date=datetime(2021, 1, 1, tz="UTC+8:00"),
TypeError: 'tz' is an invalid keyword argument for this function
[2022-12-25T14:44:43.423+0000] {processor.py:755} WARNING - No viable dags retrieved from /opt/airflow/dags/ingestion_dag.py
[2022-12-25T14:44:43.440+0000] {processor.py:175} INFO - Processing /opt/airflow/dags/ingestion_dag.py took 0.052 seconds
[2022-12-25T14:45:13.805+0000] {processor.py:153} INFO - Started process (PID=1206) to work on /opt/airflow/dags/ingestion_dag.py
[2022-12-25T14:45:13.808+0000] {processor.py:743} INFO - Processing file /opt/airflow/dags/ingestion_dag.py for tasks to queue
[2022-12-25T14:45:13.810+0000] {logging_mixin.py:137} INFO - [2022-12-25T14:45:13.810+0000] {dagbag.py:538} INFO - Filling up the DagBag from /opt/airflow/dags/ingestion_dag.py
[2022-12-25T14:45:13.831+0000] {logging_mixin.py:137} INFO - [2022-12-25T14:45:13.829+0000] {dagbag.py:343} ERROR - Failed to import: /opt/airflow/dags/ingestion_dag.py
Traceback (most recent call last):
  File "/home/airflow/.local/lib/python3.7/site-packages/airflow/models/dagbag.py", line 339, in parse
    loader.exec_module(new_module)
  File "<frozen importlib._bootstrap_external>", line 728, in exec_module
  File "<frozen importlib._bootstrap>", line 219, in _call_with_frames_removed
  File "/opt/airflow/dags/ingestion_dag.py", line 10, in <module>
    dag = DAG("data_ingestion_to_cloud", start_date=datetime(2021, 1, 1, tz="UTC+8:00"),
TypeError: 'tz' is an invalid keyword argument for this function
[2022-12-25T14:45:13.832+0000] {processor.py:755} WARNING - No viable dags retrieved from /opt/airflow/dags/ingestion_dag.py
[2022-12-25T14:45:13.849+0000] {processor.py:175} INFO - Processing /opt/airflow/dags/ingestion_dag.py took 0.051 seconds
[2022-12-25T14:45:37.151+0000] {processor.py:153} INFO - Started process (PID=1231) to work on /opt/airflow/dags/ingestion_dag.py
[2022-12-25T14:45:37.152+0000] {processor.py:743} INFO - Processing file /opt/airflow/dags/ingestion_dag.py for tasks to queue
[2022-12-25T14:45:37.154+0000] {logging_mixin.py:137} INFO - [2022-12-25T14:45:37.154+0000] {dagbag.py:538} INFO - Filling up the DagBag from /opt/airflow/dags/ingestion_dag.py
[2022-12-25T14:45:37.183+0000] {logging_mixin.py:137} INFO - [2022-12-25T14:45:37.181+0000] {dagbag.py:343} ERROR - Failed to import: /opt/airflow/dags/ingestion_dag.py
Traceback (most recent call last):
  File "/home/airflow/.local/lib/python3.7/site-packages/airflow/models/dagbag.py", line 339, in parse
    loader.exec_module(new_module)
  File "<frozen importlib._bootstrap_external>", line 728, in exec_module
  File "<frozen importlib._bootstrap>", line 219, in _call_with_frames_removed
  File "/opt/airflow/dags/ingestion_dag.py", line 10, in <module>
    dag = DAG("data_ingestion_to_cloud", start_date=datetime(2021, 1, 1, tzinfo="UTC+8:00"),
TypeError: tzinfo argument must be None or of a tzinfo subclass, not type 'str'
[2022-12-25T14:45:37.184+0000] {processor.py:755} WARNING - No viable dags retrieved from /opt/airflow/dags/ingestion_dag.py
[2022-12-25T14:45:37.203+0000] {processor.py:175} INFO - Processing /opt/airflow/dags/ingestion_dag.py took 0.057 seconds
[2022-12-25T14:45:57.375+0000] {processor.py:153} INFO - Started process (PID=1255) to work on /opt/airflow/dags/ingestion_dag.py
[2022-12-25T14:45:57.378+0000] {processor.py:743} INFO - Processing file /opt/airflow/dags/ingestion_dag.py for tasks to queue
[2022-12-25T14:45:57.379+0000] {logging_mixin.py:137} INFO - [2022-12-25T14:45:57.379+0000] {dagbag.py:538} INFO - Filling up the DagBag from /opt/airflow/dags/ingestion_dag.py
[2022-12-25T14:45:57.421+0000] {processor.py:753} INFO - DAG(s) dict_keys(['data_ingestion_to_cloud']) retrieved from /opt/airflow/dags/ingestion_dag.py
[2022-12-25T14:45:57.540+0000] {logging_mixin.py:137} INFO - [2022-12-25T14:45:57.540+0000] {manager.py:504} INFO - Created Permission View: can read on DAG:data_ingestion_to_cloud
[2022-12-25T14:45:57.546+0000] {logging_mixin.py:137} INFO - [2022-12-25T14:45:57.546+0000] {manager.py:504} INFO - Created Permission View: can delete on DAG:data_ingestion_to_cloud
[2022-12-25T14:45:57.550+0000] {logging_mixin.py:137} INFO - [2022-12-25T14:45:57.550+0000] {manager.py:504} INFO - Created Permission View: can edit on DAG:data_ingestion_to_cloud
[2022-12-25T14:45:57.551+0000] {logging_mixin.py:137} INFO - [2022-12-25T14:45:57.551+0000] {dag.py:2676} INFO - Sync 1 DAGs
[2022-12-25T14:45:57.564+0000] {logging_mixin.py:137} INFO - [2022-12-25T14:45:57.564+0000] {dag.py:2697} INFO - Creating ORM DAG for data_ingestion_to_cloud
[2022-12-25T14:45:57.574+0000] {logging_mixin.py:137} INFO - [2022-12-25T14:45:57.574+0000] {dag.py:3427} INFO - Setting next_dagrun for data_ingestion_to_cloud to None, run_after=None
[2022-12-25T14:45:57.586+0000] {processor.py:175} INFO - Processing /opt/airflow/dags/ingestion_dag.py took 0.217 seconds
[2022-12-25T14:46:27.644+0000] {processor.py:153} INFO - Started process (PID=1290) to work on /opt/airflow/dags/ingestion_dag.py
[2022-12-25T14:46:27.646+0000] {processor.py:743} INFO - Processing file /opt/airflow/dags/ingestion_dag.py for tasks to queue
[2022-12-25T14:46:27.648+0000] {logging_mixin.py:137} INFO - [2022-12-25T14:46:27.648+0000] {dagbag.py:538} INFO - Filling up the DagBag from /opt/airflow/dags/ingestion_dag.py
[2022-12-25T14:46:27.676+0000] {processor.py:753} INFO - DAG(s) dict_keys(['data_ingestion_to_cloud']) retrieved from /opt/airflow/dags/ingestion_dag.py
[2022-12-25T14:46:27.707+0000] {logging_mixin.py:137} INFO - [2022-12-25T14:46:27.707+0000] {dag.py:2676} INFO - Sync 1 DAGs
[2022-12-25T14:46:27.724+0000] {logging_mixin.py:137} INFO - [2022-12-25T14:46:27.724+0000] {dag.py:3427} INFO - Setting next_dagrun for data_ingestion_to_cloud to None, run_after=None
[2022-12-25T14:46:27.736+0000] {processor.py:175} INFO - Processing /opt/airflow/dags/ingestion_dag.py took 0.096 seconds
[2022-12-25T14:46:58.028+0000] {processor.py:153} INFO - Started process (PID=1319) to work on /opt/airflow/dags/ingestion_dag.py
[2022-12-25T14:46:58.030+0000] {processor.py:743} INFO - Processing file /opt/airflow/dags/ingestion_dag.py for tasks to queue
[2022-12-25T14:46:58.032+0000] {logging_mixin.py:137} INFO - [2022-12-25T14:46:58.031+0000] {dagbag.py:538} INFO - Filling up the DagBag from /opt/airflow/dags/ingestion_dag.py
[2022-12-25T14:46:58.065+0000] {processor.py:753} INFO - DAG(s) dict_keys(['data_ingestion_to_cloud']) retrieved from /opt/airflow/dags/ingestion_dag.py
[2022-12-25T14:46:58.102+0000] {logging_mixin.py:137} INFO - [2022-12-25T14:46:58.102+0000] {dag.py:2676} INFO - Sync 1 DAGs
[2022-12-25T14:46:58.128+0000] {logging_mixin.py:137} INFO - [2022-12-25T14:46:58.128+0000] {dag.py:3427} INFO - Setting next_dagrun for data_ingestion_to_cloud to None, run_after=None
[2022-12-25T14:46:58.149+0000] {processor.py:175} INFO - Processing /opt/airflow/dags/ingestion_dag.py took 0.126 seconds
[2022-12-25T14:47:28.280+0000] {processor.py:153} INFO - Started process (PID=1357) to work on /opt/airflow/dags/ingestion_dag.py
[2022-12-25T14:47:28.282+0000] {processor.py:743} INFO - Processing file /opt/airflow/dags/ingestion_dag.py for tasks to queue
[2022-12-25T14:47:28.283+0000] {logging_mixin.py:137} INFO - [2022-12-25T14:47:28.283+0000] {dagbag.py:538} INFO - Filling up the DagBag from /opt/airflow/dags/ingestion_dag.py
[2022-12-25T14:47:28.310+0000] {processor.py:753} INFO - DAG(s) dict_keys(['data_ingestion_to_cloud']) retrieved from /opt/airflow/dags/ingestion_dag.py
[2022-12-25T14:47:28.340+0000] {logging_mixin.py:137} INFO - [2022-12-25T14:47:28.340+0000] {dag.py:2676} INFO - Sync 1 DAGs
[2022-12-25T14:47:28.358+0000] {logging_mixin.py:137} INFO - [2022-12-25T14:47:28.358+0000] {dag.py:3427} INFO - Setting next_dagrun for data_ingestion_to_cloud to None, run_after=None
[2022-12-25T14:47:28.370+0000] {processor.py:175} INFO - Processing /opt/airflow/dags/ingestion_dag.py took 0.094 seconds
[2022-12-25T14:47:58.704+0000] {processor.py:153} INFO - Started process (PID=1394) to work on /opt/airflow/dags/ingestion_dag.py
[2022-12-25T14:47:58.706+0000] {processor.py:743} INFO - Processing file /opt/airflow/dags/ingestion_dag.py for tasks to queue
[2022-12-25T14:47:58.707+0000] {logging_mixin.py:137} INFO - [2022-12-25T14:47:58.707+0000] {dagbag.py:538} INFO - Filling up the DagBag from /opt/airflow/dags/ingestion_dag.py
[2022-12-25T14:47:58.755+0000] {processor.py:753} INFO - DAG(s) dict_keys(['data_ingestion_to_cloud']) retrieved from /opt/airflow/dags/ingestion_dag.py
[2022-12-25T14:47:58.801+0000] {logging_mixin.py:137} INFO - [2022-12-25T14:47:58.801+0000] {dag.py:2676} INFO - Sync 1 DAGs
[2022-12-25T14:47:58.816+0000] {logging_mixin.py:137} INFO - [2022-12-25T14:47:58.816+0000] {dag.py:3427} INFO - Setting next_dagrun for data_ingestion_to_cloud to None, run_after=None
[2022-12-25T14:47:58.832+0000] {processor.py:175} INFO - Processing /opt/airflow/dags/ingestion_dag.py took 0.130 seconds
[2022-12-25T14:48:29.006+0000] {processor.py:153} INFO - Started process (PID=1420) to work on /opt/airflow/dags/ingestion_dag.py
[2022-12-25T14:48:29.008+0000] {processor.py:743} INFO - Processing file /opt/airflow/dags/ingestion_dag.py for tasks to queue
[2022-12-25T14:48:29.008+0000] {logging_mixin.py:137} INFO - [2022-12-25T14:48:29.008+0000] {dagbag.py:538} INFO - Filling up the DagBag from /opt/airflow/dags/ingestion_dag.py
[2022-12-25T14:48:29.027+0000] {processor.py:753} INFO - DAG(s) dict_keys(['data_ingestion_to_cloud']) retrieved from /opt/airflow/dags/ingestion_dag.py
[2022-12-25T14:48:29.050+0000] {logging_mixin.py:137} INFO - [2022-12-25T14:48:29.050+0000] {dag.py:2676} INFO - Sync 1 DAGs
[2022-12-25T14:48:29.065+0000] {logging_mixin.py:137} INFO - [2022-12-25T14:48:29.065+0000] {dag.py:3427} INFO - Setting next_dagrun for data_ingestion_to_cloud to None, run_after=None
[2022-12-25T14:48:29.075+0000] {processor.py:175} INFO - Processing /opt/airflow/dags/ingestion_dag.py took 0.071 seconds
[2022-12-25T14:48:52.309+0000] {processor.py:153} INFO - Started process (PID=1446) to work on /opt/airflow/dags/ingestion_dag.py
[2022-12-25T14:48:52.311+0000] {processor.py:743} INFO - Processing file /opt/airflow/dags/ingestion_dag.py for tasks to queue
[2022-12-25T14:48:52.313+0000] {logging_mixin.py:137} INFO - [2022-12-25T14:48:52.313+0000] {dagbag.py:538} INFO - Filling up the DagBag from /opt/airflow/dags/ingestion_dag.py
[2022-12-25T14:48:52.356+0000] {processor.py:753} INFO - DAG(s) dict_keys(['data_ingestion_to_cloud']) retrieved from /opt/airflow/dags/ingestion_dag.py
[2022-12-25T14:48:52.416+0000] {logging_mixin.py:137} INFO - [2022-12-25T14:48:52.416+0000] {dag.py:2676} INFO - Sync 1 DAGs
[2022-12-25T14:48:52.432+0000] {logging_mixin.py:137} INFO - [2022-12-25T14:48:52.432+0000] {dag.py:3427} INFO - Setting next_dagrun for data_ingestion_to_cloud to None, run_after=None
[2022-12-25T14:48:52.445+0000] {processor.py:175} INFO - Processing /opt/airflow/dags/ingestion_dag.py took 0.143 seconds
[2022-12-25T14:49:22.666+0000] {processor.py:153} INFO - Started process (PID=1483) to work on /opt/airflow/dags/ingestion_dag.py
[2022-12-25T14:49:22.670+0000] {processor.py:743} INFO - Processing file /opt/airflow/dags/ingestion_dag.py for tasks to queue
[2022-12-25T14:49:22.672+0000] {logging_mixin.py:137} INFO - [2022-12-25T14:49:22.672+0000] {dagbag.py:538} INFO - Filling up the DagBag from /opt/airflow/dags/ingestion_dag.py
[2022-12-25T14:49:22.710+0000] {processor.py:753} INFO - DAG(s) dict_keys(['data_ingestion_to_cloud']) retrieved from /opt/airflow/dags/ingestion_dag.py
[2022-12-25T14:49:22.746+0000] {logging_mixin.py:137} INFO - [2022-12-25T14:49:22.746+0000] {dag.py:2676} INFO - Sync 1 DAGs
[2022-12-25T14:49:22.763+0000] {logging_mixin.py:137} INFO - [2022-12-25T14:49:22.763+0000] {dag.py:3427} INFO - Setting next_dagrun for data_ingestion_to_cloud to None, run_after=None
[2022-12-25T14:49:22.774+0000] {processor.py:175} INFO - Processing /opt/airflow/dags/ingestion_dag.py took 0.115 seconds
[2022-12-25T14:49:53.140+0000] {processor.py:153} INFO - Started process (PID=1521) to work on /opt/airflow/dags/ingestion_dag.py
[2022-12-25T14:49:53.143+0000] {processor.py:743} INFO - Processing file /opt/airflow/dags/ingestion_dag.py for tasks to queue
[2022-12-25T14:49:53.146+0000] {logging_mixin.py:137} INFO - [2022-12-25T14:49:53.145+0000] {dagbag.py:538} INFO - Filling up the DagBag from /opt/airflow/dags/ingestion_dag.py
[2022-12-25T14:49:53.186+0000] {processor.py:753} INFO - DAG(s) dict_keys(['data_ingestion_to_cloud']) retrieved from /opt/airflow/dags/ingestion_dag.py
[2022-12-25T14:49:53.226+0000] {logging_mixin.py:137} INFO - [2022-12-25T14:49:53.226+0000] {dag.py:2676} INFO - Sync 1 DAGs
[2022-12-25T14:49:53.247+0000] {logging_mixin.py:137} INFO - [2022-12-25T14:49:53.247+0000] {dag.py:3427} INFO - Setting next_dagrun for data_ingestion_to_cloud to None, run_after=None
[2022-12-25T14:49:53.265+0000] {processor.py:175} INFO - Processing /opt/airflow/dags/ingestion_dag.py took 0.129 seconds
[2022-12-25T14:50:23.492+0000] {processor.py:153} INFO - Started process (PID=1548) to work on /opt/airflow/dags/ingestion_dag.py
[2022-12-25T14:50:23.493+0000] {processor.py:743} INFO - Processing file /opt/airflow/dags/ingestion_dag.py for tasks to queue
[2022-12-25T14:50:23.494+0000] {logging_mixin.py:137} INFO - [2022-12-25T14:50:23.494+0000] {dagbag.py:538} INFO - Filling up the DagBag from /opt/airflow/dags/ingestion_dag.py
[2022-12-25T14:50:23.526+0000] {processor.py:753} INFO - DAG(s) dict_keys(['data_ingestion_to_cloud']) retrieved from /opt/airflow/dags/ingestion_dag.py
[2022-12-25T14:50:23.574+0000] {logging_mixin.py:137} INFO - [2022-12-25T14:50:23.573+0000] {dag.py:2676} INFO - Sync 1 DAGs
[2022-12-25T14:50:23.591+0000] {logging_mixin.py:137} INFO - [2022-12-25T14:50:23.591+0000] {dag.py:3427} INFO - Setting next_dagrun for data_ingestion_to_cloud to None, run_after=None
[2022-12-25T14:50:23.603+0000] {processor.py:175} INFO - Processing /opt/airflow/dags/ingestion_dag.py took 0.115 seconds
[2022-12-25T14:50:53.846+0000] {processor.py:153} INFO - Started process (PID=1585) to work on /opt/airflow/dags/ingestion_dag.py
[2022-12-25T14:50:53.849+0000] {processor.py:743} INFO - Processing file /opt/airflow/dags/ingestion_dag.py for tasks to queue
[2022-12-25T14:50:53.851+0000] {logging_mixin.py:137} INFO - [2022-12-25T14:50:53.851+0000] {dagbag.py:538} INFO - Filling up the DagBag from /opt/airflow/dags/ingestion_dag.py
[2022-12-25T14:50:53.881+0000] {processor.py:753} INFO - DAG(s) dict_keys(['data_ingestion_to_cloud']) retrieved from /opt/airflow/dags/ingestion_dag.py
[2022-12-25T14:50:53.907+0000] {logging_mixin.py:137} INFO - [2022-12-25T14:50:53.907+0000] {dag.py:2676} INFO - Sync 1 DAGs
[2022-12-25T14:50:53.923+0000] {logging_mixin.py:137} INFO - [2022-12-25T14:50:53.923+0000] {dag.py:3427} INFO - Setting next_dagrun for data_ingestion_to_cloud to None, run_after=None
[2022-12-25T14:50:53.933+0000] {processor.py:175} INFO - Processing /opt/airflow/dags/ingestion_dag.py took 0.092 seconds
[2022-12-25T14:51:09.084+0000] {processor.py:153} INFO - Started process (PID=1599) to work on /opt/airflow/dags/ingestion_dag.py
[2022-12-25T14:51:09.088+0000] {processor.py:743} INFO - Processing file /opt/airflow/dags/ingestion_dag.py for tasks to queue
[2022-12-25T14:51:09.090+0000] {logging_mixin.py:137} INFO - [2022-12-25T14:51:09.089+0000] {dagbag.py:538} INFO - Filling up the DagBag from /opt/airflow/dags/ingestion_dag.py
[2022-12-25T14:51:09.131+0000] {processor.py:753} INFO - DAG(s) dict_keys(['data_ingestion_to_cloud']) retrieved from /opt/airflow/dags/ingestion_dag.py
[2022-12-25T14:51:09.187+0000] {logging_mixin.py:137} INFO - [2022-12-25T14:51:09.187+0000] {dag.py:2676} INFO - Sync 1 DAGs
[2022-12-25T14:51:09.202+0000] {logging_mixin.py:137} INFO - [2022-12-25T14:51:09.202+0000] {dag.py:3427} INFO - Setting next_dagrun for data_ingestion_to_cloud to 2022-11-01T00:00:00+00:00, run_after=2022-12-01T00:00:00+00:00
[2022-12-25T14:51:09.214+0000] {processor.py:175} INFO - Processing /opt/airflow/dags/ingestion_dag.py took 0.134 seconds
[2022-12-25T14:51:39.415+0000] {processor.py:153} INFO - Started process (PID=1637) to work on /opt/airflow/dags/ingestion_dag.py
[2022-12-25T14:51:39.418+0000] {processor.py:743} INFO - Processing file /opt/airflow/dags/ingestion_dag.py for tasks to queue
[2022-12-25T14:51:39.420+0000] {logging_mixin.py:137} INFO - [2022-12-25T14:51:39.419+0000] {dagbag.py:538} INFO - Filling up the DagBag from /opt/airflow/dags/ingestion_dag.py
[2022-12-25T14:51:39.458+0000] {processor.py:753} INFO - DAG(s) dict_keys(['data_ingestion_to_cloud']) retrieved from /opt/airflow/dags/ingestion_dag.py
[2022-12-25T14:51:39.494+0000] {logging_mixin.py:137} INFO - [2022-12-25T14:51:39.494+0000] {dag.py:2676} INFO - Sync 1 DAGs
[2022-12-25T14:51:39.513+0000] {logging_mixin.py:137} INFO - [2022-12-25T14:51:39.513+0000] {dag.py:3427} INFO - Setting next_dagrun for data_ingestion_to_cloud to 2022-12-01T00:00:00+00:00, run_after=2023-01-01T00:00:00+00:00
[2022-12-25T14:51:39.525+0000] {processor.py:175} INFO - Processing /opt/airflow/dags/ingestion_dag.py took 0.116 seconds
[2022-12-25T14:52:09.794+0000] {processor.py:153} INFO - Started process (PID=1672) to work on /opt/airflow/dags/ingestion_dag.py
[2022-12-25T14:52:09.795+0000] {processor.py:743} INFO - Processing file /opt/airflow/dags/ingestion_dag.py for tasks to queue
[2022-12-25T14:52:09.796+0000] {logging_mixin.py:137} INFO - [2022-12-25T14:52:09.796+0000] {dagbag.py:538} INFO - Filling up the DagBag from /opt/airflow/dags/ingestion_dag.py
[2022-12-25T14:52:09.822+0000] {processor.py:753} INFO - DAG(s) dict_keys(['data_ingestion_to_cloud']) retrieved from /opt/airflow/dags/ingestion_dag.py
[2022-12-25T14:52:09.852+0000] {logging_mixin.py:137} INFO - [2022-12-25T14:52:09.851+0000] {dag.py:2676} INFO - Sync 1 DAGs
[2022-12-25T14:52:09.869+0000] {logging_mixin.py:137} INFO - [2022-12-25T14:52:09.869+0000] {dag.py:3427} INFO - Setting next_dagrun for data_ingestion_to_cloud to 2022-12-01T00:00:00+00:00, run_after=2023-01-01T00:00:00+00:00
[2022-12-25T14:52:09.882+0000] {processor.py:175} INFO - Processing /opt/airflow/dags/ingestion_dag.py took 0.091 seconds
[2022-12-25T14:52:40.147+0000] {processor.py:153} INFO - Started process (PID=1702) to work on /opt/airflow/dags/ingestion_dag.py
[2022-12-25T14:52:40.150+0000] {processor.py:743} INFO - Processing file /opt/airflow/dags/ingestion_dag.py for tasks to queue
[2022-12-25T14:52:40.152+0000] {logging_mixin.py:137} INFO - [2022-12-25T14:52:40.152+0000] {dagbag.py:538} INFO - Filling up the DagBag from /opt/airflow/dags/ingestion_dag.py
[2022-12-25T14:52:40.192+0000] {processor.py:753} INFO - DAG(s) dict_keys(['data_ingestion_to_cloud']) retrieved from /opt/airflow/dags/ingestion_dag.py
[2022-12-25T14:52:40.224+0000] {logging_mixin.py:137} INFO - [2022-12-25T14:52:40.224+0000] {dag.py:2676} INFO - Sync 1 DAGs
[2022-12-25T14:52:40.241+0000] {logging_mixin.py:137} INFO - [2022-12-25T14:52:40.241+0000] {dag.py:3427} INFO - Setting next_dagrun for data_ingestion_to_cloud to 2022-12-01T00:00:00+00:00, run_after=2023-01-01T00:00:00+00:00
[2022-12-25T14:52:40.252+0000] {processor.py:175} INFO - Processing /opt/airflow/dags/ingestion_dag.py took 0.111 seconds
[2022-12-25T14:53:10.497+0000] {processor.py:153} INFO - Started process (PID=1740) to work on /opt/airflow/dags/ingestion_dag.py
[2022-12-25T14:53:10.501+0000] {processor.py:743} INFO - Processing file /opt/airflow/dags/ingestion_dag.py for tasks to queue
[2022-12-25T14:53:10.503+0000] {logging_mixin.py:137} INFO - [2022-12-25T14:53:10.503+0000] {dagbag.py:538} INFO - Filling up the DagBag from /opt/airflow/dags/ingestion_dag.py
[2022-12-25T14:53:10.531+0000] {processor.py:753} INFO - DAG(s) dict_keys(['data_ingestion_to_cloud']) retrieved from /opt/airflow/dags/ingestion_dag.py
[2022-12-25T14:53:10.559+0000] {logging_mixin.py:137} INFO - [2022-12-25T14:53:10.559+0000] {dag.py:2676} INFO - Sync 1 DAGs
[2022-12-25T14:53:10.575+0000] {logging_mixin.py:137} INFO - [2022-12-25T14:53:10.574+0000] {dag.py:3427} INFO - Setting next_dagrun for data_ingestion_to_cloud to 2022-12-01T00:00:00+00:00, run_after=2023-01-01T00:00:00+00:00
[2022-12-25T14:53:10.584+0000] {processor.py:175} INFO - Processing /opt/airflow/dags/ingestion_dag.py took 0.093 seconds
[2022-12-25T14:53:19.600+0000] {processor.py:153} INFO - Started process (PID=1752) to work on /opt/airflow/dags/ingestion_dag.py
[2022-12-25T14:53:19.601+0000] {processor.py:743} INFO - Processing file /opt/airflow/dags/ingestion_dag.py for tasks to queue
[2022-12-25T14:53:19.602+0000] {logging_mixin.py:137} INFO - [2022-12-25T14:53:19.602+0000] {dagbag.py:538} INFO - Filling up the DagBag from /opt/airflow/dags/ingestion_dag.py
[2022-12-25T14:53:19.625+0000] {logging_mixin.py:137} INFO - [2022-12-25T14:53:19.624+0000] {dagbag.py:440} ERROR - Failed to bag_dag: /opt/airflow/dags/ingestion_dag.py
Traceback (most recent call last):
  File "/home/airflow/.local/lib/python3.7/site-packages/airflow/timetables/_cron.py", line 88, in validate
    croniter(self._expression)
  File "/home/airflow/.local/lib/python3.7/site-packages/croniter/croniter.py", line 166, in __init__
    self.expanded, self.nth_weekday_of_month = self.expand(expr_format, hash_id=hash_id)
  File "/home/airflow/.local/lib/python3.7/site-packages/croniter/croniter.py", line 778, in expand
    return cls._expand(expr_format, hash_id=hash_id)
  File "/home/airflow/.local/lib/python3.7/site-packages/croniter/croniter.py", line 624, in _expand
    raise CroniterBadCronError(cls.bad_length)
croniter.croniter.CroniterBadCronError: Exactly 5 or 6 columns has to be specified for iterator expression.

During handling of the above exception, another exception occurred:

Traceback (most recent call last):
  File "/home/airflow/.local/lib/python3.7/site-packages/airflow/models/dagbag.py", line 437, in _process_modules
    dag.validate()
  File "/home/airflow/.local/lib/python3.7/site-packages/airflow/models/dag.py", line 668, in validate
    self.timetable.validate()
  File "/home/airflow/.local/lib/python3.7/site-packages/airflow/timetables/_cron.py", line 90, in validate
    raise AirflowTimetableInvalid(str(e))
airflow.exceptions.AirflowTimetableInvalid: Exactly 5 or 6 columns has to be specified for iterator expression.
[2022-12-25T14:53:19.626+0000] {processor.py:755} WARNING - No viable dags retrieved from /opt/airflow/dags/ingestion_dag.py
[2022-12-25T14:53:19.643+0000] {processor.py:175} INFO - Processing /opt/airflow/dags/ingestion_dag.py took 0.047 seconds
[2022-12-25T14:53:49.927+0000] {processor.py:153} INFO - Started process (PID=1779) to work on /opt/airflow/dags/ingestion_dag.py
[2022-12-25T14:53:49.930+0000] {processor.py:743} INFO - Processing file /opt/airflow/dags/ingestion_dag.py for tasks to queue
[2022-12-25T14:53:49.932+0000] {logging_mixin.py:137} INFO - [2022-12-25T14:53:49.932+0000] {dagbag.py:538} INFO - Filling up the DagBag from /opt/airflow/dags/ingestion_dag.py
[2022-12-25T14:53:49.967+0000] {logging_mixin.py:137} INFO - [2022-12-25T14:53:49.965+0000] {dagbag.py:440} ERROR - Failed to bag_dag: /opt/airflow/dags/ingestion_dag.py
Traceback (most recent call last):
  File "/home/airflow/.local/lib/python3.7/site-packages/airflow/timetables/_cron.py", line 88, in validate
    croniter(self._expression)
  File "/home/airflow/.local/lib/python3.7/site-packages/croniter/croniter.py", line 166, in __init__
    self.expanded, self.nth_weekday_of_month = self.expand(expr_format, hash_id=hash_id)
  File "/home/airflow/.local/lib/python3.7/site-packages/croniter/croniter.py", line 778, in expand
    return cls._expand(expr_format, hash_id=hash_id)
  File "/home/airflow/.local/lib/python3.7/site-packages/croniter/croniter.py", line 624, in _expand
    raise CroniterBadCronError(cls.bad_length)
croniter.croniter.CroniterBadCronError: Exactly 5 or 6 columns has to be specified for iterator expression.

During handling of the above exception, another exception occurred:

Traceback (most recent call last):
  File "/home/airflow/.local/lib/python3.7/site-packages/airflow/models/dagbag.py", line 437, in _process_modules
    dag.validate()
  File "/home/airflow/.local/lib/python3.7/site-packages/airflow/models/dag.py", line 668, in validate
    self.timetable.validate()
  File "/home/airflow/.local/lib/python3.7/site-packages/airflow/timetables/_cron.py", line 90, in validate
    raise AirflowTimetableInvalid(str(e))
airflow.exceptions.AirflowTimetableInvalid: Exactly 5 or 6 columns has to be specified for iterator expression.
[2022-12-25T14:53:49.967+0000] {processor.py:755} WARNING - No viable dags retrieved from /opt/airflow/dags/ingestion_dag.py
[2022-12-25T14:53:49.985+0000] {processor.py:175} INFO - Processing /opt/airflow/dags/ingestion_dag.py took 0.063 seconds
[2022-12-25T14:54:00.045+0000] {processor.py:153} INFO - Started process (PID=1792) to work on /opt/airflow/dags/ingestion_dag.py
[2022-12-25T14:54:00.047+0000] {processor.py:743} INFO - Processing file /opt/airflow/dags/ingestion_dag.py for tasks to queue
[2022-12-25T14:54:00.049+0000] {logging_mixin.py:137} INFO - [2022-12-25T14:54:00.049+0000] {dagbag.py:538} INFO - Filling up the DagBag from /opt/airflow/dags/ingestion_dag.py
[2022-12-25T14:54:00.095+0000] {processor.py:753} INFO - DAG(s) dict_keys(['data_ingestion_to_cloud']) retrieved from /opt/airflow/dags/ingestion_dag.py
[2022-12-25T14:54:00.150+0000] {logging_mixin.py:137} INFO - [2022-12-25T14:54:00.150+0000] {dag.py:2676} INFO - Sync 1 DAGs
[2022-12-25T14:54:00.173+0000] {logging_mixin.py:137} INFO - [2022-12-25T14:54:00.173+0000] {dag.py:3427} INFO - Setting next_dagrun for data_ingestion_to_cloud to None, run_after=None
[2022-12-25T14:54:00.192+0000] {processor.py:175} INFO - Processing /opt/airflow/dags/ingestion_dag.py took 0.154 seconds
[2022-12-25T14:54:06.146+0000] {processor.py:153} INFO - Started process (PID=1805) to work on /opt/airflow/dags/ingestion_dag.py
[2022-12-25T14:54:06.149+0000] {processor.py:743} INFO - Processing file /opt/airflow/dags/ingestion_dag.py for tasks to queue
[2022-12-25T14:54:06.151+0000] {logging_mixin.py:137} INFO - [2022-12-25T14:54:06.151+0000] {dagbag.py:538} INFO - Filling up the DagBag from /opt/airflow/dags/ingestion_dag.py
[2022-12-25T14:54:06.196+0000] {processor.py:753} INFO - DAG(s) dict_keys(['data_ingestion_to_cloud']) retrieved from /opt/airflow/dags/ingestion_dag.py
[2022-12-25T14:54:06.217+0000] {logging_mixin.py:137} INFO - [2022-12-25T14:54:06.217+0000] {dag.py:2676} INFO - Sync 1 DAGs
[2022-12-25T14:54:06.232+0000] {logging_mixin.py:137} INFO - [2022-12-25T14:54:06.232+0000] {dag.py:3427} INFO - Setting next_dagrun for data_ingestion_to_cloud to None, run_after=None
[2022-12-25T14:54:06.246+0000] {processor.py:175} INFO - Processing /opt/airflow/dags/ingestion_dag.py took 0.106 seconds
[2022-12-25T14:54:11.330+0000] {processor.py:153} INFO - Started process (PID=1807) to work on /opt/airflow/dags/ingestion_dag.py
[2022-12-25T14:54:11.331+0000] {processor.py:743} INFO - Processing file /opt/airflow/dags/ingestion_dag.py for tasks to queue
[2022-12-25T14:54:11.333+0000] {logging_mixin.py:137} INFO - [2022-12-25T14:54:11.332+0000] {dagbag.py:538} INFO - Filling up the DagBag from /opt/airflow/dags/ingestion_dag.py
[2022-12-25T14:54:11.364+0000] {processor.py:753} INFO - DAG(s) dict_keys(['data_ingestion_to_cloud']) retrieved from /opt/airflow/dags/ingestion_dag.py
[2022-12-25T14:54:11.383+0000] {logging_mixin.py:137} INFO - [2022-12-25T14:54:11.383+0000] {dag.py:2676} INFO - Sync 1 DAGs
[2022-12-25T14:54:11.398+0000] {logging_mixin.py:137} INFO - [2022-12-25T14:54:11.398+0000] {dag.py:3427} INFO - Setting next_dagrun for data_ingestion_to_cloud to None, run_after=None
[2022-12-25T14:54:11.410+0000] {processor.py:175} INFO - Processing /opt/airflow/dags/ingestion_dag.py took 0.084 seconds
[2022-12-25T14:54:41.619+0000] {processor.py:153} INFO - Started process (PID=1845) to work on /opt/airflow/dags/ingestion_dag.py
[2022-12-25T14:54:41.621+0000] {processor.py:743} INFO - Processing file /opt/airflow/dags/ingestion_dag.py for tasks to queue
[2022-12-25T14:54:41.623+0000] {logging_mixin.py:137} INFO - [2022-12-25T14:54:41.622+0000] {dagbag.py:538} INFO - Filling up the DagBag from /opt/airflow/dags/ingestion_dag.py
[2022-12-25T14:54:41.659+0000] {processor.py:753} INFO - DAG(s) dict_keys(['data_ingestion_to_cloud']) retrieved from /opt/airflow/dags/ingestion_dag.py
[2022-12-25T14:54:41.704+0000] {logging_mixin.py:137} INFO - [2022-12-25T14:54:41.704+0000] {dag.py:2676} INFO - Sync 1 DAGs
[2022-12-25T14:54:41.722+0000] {logging_mixin.py:137} INFO - [2022-12-25T14:54:41.722+0000] {dag.py:3427} INFO - Setting next_dagrun for data_ingestion_to_cloud to None, run_after=None
[2022-12-25T14:54:41.733+0000] {processor.py:175} INFO - Processing /opt/airflow/dags/ingestion_dag.py took 0.119 seconds
[2022-12-25T14:55:11.989+0000] {processor.py:153} INFO - Started process (PID=1881) to work on /opt/airflow/dags/ingestion_dag.py
[2022-12-25T14:55:11.991+0000] {processor.py:743} INFO - Processing file /opt/airflow/dags/ingestion_dag.py for tasks to queue
[2022-12-25T14:55:11.992+0000] {logging_mixin.py:137} INFO - [2022-12-25T14:55:11.992+0000] {dagbag.py:538} INFO - Filling up the DagBag from /opt/airflow/dags/ingestion_dag.py
[2022-12-25T14:55:12.018+0000] {processor.py:753} INFO - DAG(s) dict_keys(['data_ingestion_to_cloud']) retrieved from /opt/airflow/dags/ingestion_dag.py
[2022-12-25T14:55:12.043+0000] {logging_mixin.py:137} INFO - [2022-12-25T14:55:12.043+0000] {dag.py:2676} INFO - Sync 1 DAGs
[2022-12-25T14:55:12.059+0000] {logging_mixin.py:137} INFO - [2022-12-25T14:55:12.059+0000] {dag.py:3427} INFO - Setting next_dagrun for data_ingestion_to_cloud to None, run_after=None
[2022-12-25T14:55:12.070+0000] {processor.py:175} INFO - Processing /opt/airflow/dags/ingestion_dag.py took 0.084 seconds
[2022-12-25T14:55:42.492+0000] {processor.py:153} INFO - Started process (PID=1910) to work on /opt/airflow/dags/ingestion_dag.py
[2022-12-25T14:55:42.493+0000] {processor.py:743} INFO - Processing file /opt/airflow/dags/ingestion_dag.py for tasks to queue
[2022-12-25T14:55:42.494+0000] {logging_mixin.py:137} INFO - [2022-12-25T14:55:42.494+0000] {dagbag.py:538} INFO - Filling up the DagBag from /opt/airflow/dags/ingestion_dag.py
[2022-12-25T14:55:42.526+0000] {processor.py:753} INFO - DAG(s) dict_keys(['data_ingestion_to_cloud']) retrieved from /opt/airflow/dags/ingestion_dag.py
[2022-12-25T14:55:42.576+0000] {logging_mixin.py:137} INFO - [2022-12-25T14:55:42.576+0000] {dag.py:2676} INFO - Sync 1 DAGs
[2022-12-25T14:55:42.604+0000] {logging_mixin.py:137} INFO - [2022-12-25T14:55:42.604+0000] {dag.py:3427} INFO - Setting next_dagrun for data_ingestion_to_cloud to None, run_after=None
[2022-12-25T14:55:42.618+0000] {processor.py:175} INFO - Processing /opt/airflow/dags/ingestion_dag.py took 0.130 seconds
[2022-12-25T14:56:13.026+0000] {processor.py:153} INFO - Started process (PID=1946) to work on /opt/airflow/dags/ingestion_dag.py
[2022-12-25T14:56:13.028+0000] {processor.py:743} INFO - Processing file /opt/airflow/dags/ingestion_dag.py for tasks to queue
[2022-12-25T14:56:13.029+0000] {logging_mixin.py:137} INFO - [2022-12-25T14:56:13.029+0000] {dagbag.py:538} INFO - Filling up the DagBag from /opt/airflow/dags/ingestion_dag.py
[2022-12-25T14:56:13.053+0000] {processor.py:753} INFO - DAG(s) dict_keys(['data_ingestion_to_cloud']) retrieved from /opt/airflow/dags/ingestion_dag.py
[2022-12-25T14:56:13.080+0000] {logging_mixin.py:137} INFO - [2022-12-25T14:56:13.080+0000] {dag.py:2676} INFO - Sync 1 DAGs
[2022-12-25T14:56:13.097+0000] {logging_mixin.py:137} INFO - [2022-12-25T14:56:13.097+0000] {dag.py:3427} INFO - Setting next_dagrun for data_ingestion_to_cloud to None, run_after=None
[2022-12-25T14:56:13.110+0000] {processor.py:175} INFO - Processing /opt/airflow/dags/ingestion_dag.py took 0.088 seconds
[2022-12-25T14:56:43.463+0000] {processor.py:153} INFO - Started process (PID=1983) to work on /opt/airflow/dags/ingestion_dag.py
[2022-12-25T14:56:43.466+0000] {processor.py:743} INFO - Processing file /opt/airflow/dags/ingestion_dag.py for tasks to queue
[2022-12-25T14:56:43.467+0000] {logging_mixin.py:137} INFO - [2022-12-25T14:56:43.467+0000] {dagbag.py:538} INFO - Filling up the DagBag from /opt/airflow/dags/ingestion_dag.py
[2022-12-25T14:56:43.508+0000] {processor.py:753} INFO - DAG(s) dict_keys(['data_ingestion_to_cloud']) retrieved from /opt/airflow/dags/ingestion_dag.py
[2022-12-25T14:56:43.548+0000] {logging_mixin.py:137} INFO - [2022-12-25T14:56:43.548+0000] {dag.py:2676} INFO - Sync 1 DAGs
[2022-12-25T14:56:43.569+0000] {logging_mixin.py:137} INFO - [2022-12-25T14:56:43.569+0000] {dag.py:3427} INFO - Setting next_dagrun for data_ingestion_to_cloud to None, run_after=None
[2022-12-25T14:56:43.583+0000] {processor.py:175} INFO - Processing /opt/airflow/dags/ingestion_dag.py took 0.122 seconds
[2022-12-25T14:57:14.038+0000] {processor.py:153} INFO - Started process (PID=2008) to work on /opt/airflow/dags/ingestion_dag.py
[2022-12-25T14:57:14.041+0000] {processor.py:743} INFO - Processing file /opt/airflow/dags/ingestion_dag.py for tasks to queue
[2022-12-25T14:57:14.042+0000] {logging_mixin.py:137} INFO - [2022-12-25T14:57:14.042+0000] {dagbag.py:538} INFO - Filling up the DagBag from /opt/airflow/dags/ingestion_dag.py
[2022-12-25T14:57:14.071+0000] {processor.py:753} INFO - DAG(s) dict_keys(['data_ingestion_to_cloud']) retrieved from /opt/airflow/dags/ingestion_dag.py
[2022-12-25T14:57:14.099+0000] {logging_mixin.py:137} INFO - [2022-12-25T14:57:14.099+0000] {dag.py:2676} INFO - Sync 1 DAGs
[2022-12-25T14:57:14.115+0000] {logging_mixin.py:137} INFO - [2022-12-25T14:57:14.114+0000] {dag.py:3427} INFO - Setting next_dagrun for data_ingestion_to_cloud to None, run_after=None
[2022-12-25T14:57:14.124+0000] {processor.py:175} INFO - Processing /opt/airflow/dags/ingestion_dag.py took 0.090 seconds
[2022-12-25T14:57:44.607+0000] {processor.py:153} INFO - Started process (PID=2045) to work on /opt/airflow/dags/ingestion_dag.py
[2022-12-25T14:57:44.609+0000] {processor.py:743} INFO - Processing file /opt/airflow/dags/ingestion_dag.py for tasks to queue
[2022-12-25T14:57:44.610+0000] {logging_mixin.py:137} INFO - [2022-12-25T14:57:44.610+0000] {dagbag.py:538} INFO - Filling up the DagBag from /opt/airflow/dags/ingestion_dag.py
[2022-12-25T14:57:44.642+0000] {processor.py:753} INFO - DAG(s) dict_keys(['data_ingestion_to_cloud']) retrieved from /opt/airflow/dags/ingestion_dag.py
[2022-12-25T14:57:44.676+0000] {logging_mixin.py:137} INFO - [2022-12-25T14:57:44.676+0000] {dag.py:2676} INFO - Sync 1 DAGs
[2022-12-25T14:57:44.695+0000] {logging_mixin.py:137} INFO - [2022-12-25T14:57:44.695+0000] {dag.py:3427} INFO - Setting next_dagrun for data_ingestion_to_cloud to None, run_after=None
[2022-12-25T14:57:44.706+0000] {processor.py:175} INFO - Processing /opt/airflow/dags/ingestion_dag.py took 0.102 seconds
[2022-12-25T14:58:15.068+0000] {processor.py:153} INFO - Started process (PID=2082) to work on /opt/airflow/dags/ingestion_dag.py
[2022-12-25T14:58:15.070+0000] {processor.py:743} INFO - Processing file /opt/airflow/dags/ingestion_dag.py for tasks to queue
[2022-12-25T14:58:15.072+0000] {logging_mixin.py:137} INFO - [2022-12-25T14:58:15.072+0000] {dagbag.py:538} INFO - Filling up the DagBag from /opt/airflow/dags/ingestion_dag.py
[2022-12-25T14:58:15.104+0000] {processor.py:753} INFO - DAG(s) dict_keys(['data_ingestion_to_cloud']) retrieved from /opt/airflow/dags/ingestion_dag.py
[2022-12-25T14:58:15.131+0000] {logging_mixin.py:137} INFO - [2022-12-25T14:58:15.131+0000] {dag.py:2676} INFO - Sync 1 DAGs
[2022-12-25T14:58:15.149+0000] {logging_mixin.py:137} INFO - [2022-12-25T14:58:15.148+0000] {dag.py:3427} INFO - Setting next_dagrun for data_ingestion_to_cloud to None, run_after=None
[2022-12-25T14:58:15.159+0000] {processor.py:175} INFO - Processing /opt/airflow/dags/ingestion_dag.py took 0.097 seconds
[2022-12-25T14:58:45.345+0000] {processor.py:153} INFO - Started process (PID=2107) to work on /opt/airflow/dags/ingestion_dag.py
[2022-12-25T14:58:45.348+0000] {processor.py:743} INFO - Processing file /opt/airflow/dags/ingestion_dag.py for tasks to queue
[2022-12-25T14:58:45.350+0000] {logging_mixin.py:137} INFO - [2022-12-25T14:58:45.350+0000] {dagbag.py:538} INFO - Filling up the DagBag from /opt/airflow/dags/ingestion_dag.py
[2022-12-25T14:58:45.386+0000] {processor.py:753} INFO - DAG(s) dict_keys(['data_ingestion_to_cloud']) retrieved from /opt/airflow/dags/ingestion_dag.py
[2022-12-25T14:58:45.417+0000] {logging_mixin.py:137} INFO - [2022-12-25T14:58:45.416+0000] {dag.py:2676} INFO - Sync 1 DAGs
[2022-12-25T14:58:45.433+0000] {logging_mixin.py:137} INFO - [2022-12-25T14:58:45.433+0000] {dag.py:3427} INFO - Setting next_dagrun for data_ingestion_to_cloud to None, run_after=None
[2022-12-25T14:58:45.444+0000] {processor.py:175} INFO - Processing /opt/airflow/dags/ingestion_dag.py took 0.105 seconds
[2022-12-25T14:59:15.662+0000] {processor.py:153} INFO - Started process (PID=2144) to work on /opt/airflow/dags/ingestion_dag.py
[2022-12-25T14:59:15.666+0000] {processor.py:743} INFO - Processing file /opt/airflow/dags/ingestion_dag.py for tasks to queue
[2022-12-25T14:59:15.667+0000] {logging_mixin.py:137} INFO - [2022-12-25T14:59:15.667+0000] {dagbag.py:538} INFO - Filling up the DagBag from /opt/airflow/dags/ingestion_dag.py
[2022-12-25T14:59:15.696+0000] {processor.py:753} INFO - DAG(s) dict_keys(['data_ingestion_to_cloud']) retrieved from /opt/airflow/dags/ingestion_dag.py
[2022-12-25T14:59:15.723+0000] {logging_mixin.py:137} INFO - [2022-12-25T14:59:15.723+0000] {dag.py:2676} INFO - Sync 1 DAGs
[2022-12-25T14:59:15.739+0000] {logging_mixin.py:137} INFO - [2022-12-25T14:59:15.739+0000] {dag.py:3427} INFO - Setting next_dagrun for data_ingestion_to_cloud to None, run_after=None
[2022-12-25T14:59:15.749+0000] {processor.py:175} INFO - Processing /opt/airflow/dags/ingestion_dag.py took 0.093 seconds
[2022-12-25T14:59:46.102+0000] {processor.py:153} INFO - Started process (PID=2182) to work on /opt/airflow/dags/ingestion_dag.py
[2022-12-25T14:59:46.104+0000] {processor.py:743} INFO - Processing file /opt/airflow/dags/ingestion_dag.py for tasks to queue
[2022-12-25T14:59:46.105+0000] {logging_mixin.py:137} INFO - [2022-12-25T14:59:46.105+0000] {dagbag.py:538} INFO - Filling up the DagBag from /opt/airflow/dags/ingestion_dag.py
[2022-12-25T14:59:46.133+0000] {processor.py:753} INFO - DAG(s) dict_keys(['data_ingestion_to_cloud']) retrieved from /opt/airflow/dags/ingestion_dag.py
[2022-12-25T14:59:46.165+0000] {logging_mixin.py:137} INFO - [2022-12-25T14:59:46.165+0000] {dag.py:2676} INFO - Sync 1 DAGs
[2022-12-25T14:59:46.185+0000] {logging_mixin.py:137} INFO - [2022-12-25T14:59:46.185+0000] {dag.py:3427} INFO - Setting next_dagrun for data_ingestion_to_cloud to None, run_after=None
[2022-12-25T14:59:46.196+0000] {processor.py:175} INFO - Processing /opt/airflow/dags/ingestion_dag.py took 0.097 seconds
[2022-12-25T15:00:16.475+0000] {processor.py:153} INFO - Started process (PID=2206) to work on /opt/airflow/dags/ingestion_dag.py
[2022-12-25T15:00:16.479+0000] {processor.py:743} INFO - Processing file /opt/airflow/dags/ingestion_dag.py for tasks to queue
[2022-12-25T15:00:16.481+0000] {logging_mixin.py:137} INFO - [2022-12-25T15:00:16.481+0000] {dagbag.py:538} INFO - Filling up the DagBag from /opt/airflow/dags/ingestion_dag.py
[2022-12-25T15:00:16.511+0000] {processor.py:753} INFO - DAG(s) dict_keys(['data_ingestion_to_cloud']) retrieved from /opt/airflow/dags/ingestion_dag.py
[2022-12-25T15:00:16.536+0000] {logging_mixin.py:137} INFO - [2022-12-25T15:00:16.536+0000] {dag.py:2676} INFO - Sync 1 DAGs
[2022-12-25T15:00:16.552+0000] {logging_mixin.py:137} INFO - [2022-12-25T15:00:16.552+0000] {dag.py:3427} INFO - Setting next_dagrun for data_ingestion_to_cloud to None, run_after=None
[2022-12-25T15:00:16.563+0000] {processor.py:175} INFO - Processing /opt/airflow/dags/ingestion_dag.py took 0.094 seconds
[2022-12-25T15:00:46.844+0000] {processor.py:153} INFO - Started process (PID=2242) to work on /opt/airflow/dags/ingestion_dag.py
[2022-12-25T15:00:46.847+0000] {processor.py:743} INFO - Processing file /opt/airflow/dags/ingestion_dag.py for tasks to queue
[2022-12-25T15:00:46.849+0000] {logging_mixin.py:137} INFO - [2022-12-25T15:00:46.849+0000] {dagbag.py:538} INFO - Filling up the DagBag from /opt/airflow/dags/ingestion_dag.py
[2022-12-25T15:00:46.881+0000] {processor.py:753} INFO - DAG(s) dict_keys(['data_ingestion_to_cloud']) retrieved from /opt/airflow/dags/ingestion_dag.py
[2022-12-25T15:00:46.906+0000] {logging_mixin.py:137} INFO - [2022-12-25T15:00:46.905+0000] {dag.py:2676} INFO - Sync 1 DAGs
[2022-12-25T15:00:46.922+0000] {logging_mixin.py:137} INFO - [2022-12-25T15:00:46.922+0000] {dag.py:3427} INFO - Setting next_dagrun for data_ingestion_to_cloud to None, run_after=None
[2022-12-25T15:00:46.932+0000] {processor.py:175} INFO - Processing /opt/airflow/dags/ingestion_dag.py took 0.094 seconds
[2022-12-25T15:01:17.202+0000] {processor.py:153} INFO - Started process (PID=2280) to work on /opt/airflow/dags/ingestion_dag.py
[2022-12-25T15:01:17.206+0000] {processor.py:743} INFO - Processing file /opt/airflow/dags/ingestion_dag.py for tasks to queue
[2022-12-25T15:01:17.208+0000] {logging_mixin.py:137} INFO - [2022-12-25T15:01:17.208+0000] {dagbag.py:538} INFO - Filling up the DagBag from /opt/airflow/dags/ingestion_dag.py
[2022-12-25T15:01:17.246+0000] {processor.py:753} INFO - DAG(s) dict_keys(['data_ingestion_to_cloud']) retrieved from /opt/airflow/dags/ingestion_dag.py
[2022-12-25T15:01:17.279+0000] {logging_mixin.py:137} INFO - [2022-12-25T15:01:17.278+0000] {dag.py:2676} INFO - Sync 1 DAGs
[2022-12-25T15:01:17.298+0000] {logging_mixin.py:137} INFO - [2022-12-25T15:01:17.298+0000] {dag.py:3427} INFO - Setting next_dagrun for data_ingestion_to_cloud to None, run_after=None
[2022-12-25T15:01:17.311+0000] {processor.py:175} INFO - Processing /opt/airflow/dags/ingestion_dag.py took 0.116 seconds
[2022-12-25T15:01:47.530+0000] {processor.py:153} INFO - Started process (PID=2305) to work on /opt/airflow/dags/ingestion_dag.py
[2022-12-25T15:01:47.532+0000] {processor.py:743} INFO - Processing file /opt/airflow/dags/ingestion_dag.py for tasks to queue
[2022-12-25T15:01:47.533+0000] {logging_mixin.py:137} INFO - [2022-12-25T15:01:47.533+0000] {dagbag.py:538} INFO - Filling up the DagBag from /opt/airflow/dags/ingestion_dag.py
[2022-12-25T15:01:47.563+0000] {processor.py:753} INFO - DAG(s) dict_keys(['data_ingestion_to_cloud']) retrieved from /opt/airflow/dags/ingestion_dag.py
[2022-12-25T15:01:47.589+0000] {logging_mixin.py:137} INFO - [2022-12-25T15:01:47.589+0000] {dag.py:2676} INFO - Sync 1 DAGs
[2022-12-25T15:01:47.605+0000] {logging_mixin.py:137} INFO - [2022-12-25T15:01:47.604+0000] {dag.py:3427} INFO - Setting next_dagrun for data_ingestion_to_cloud to None, run_after=None
[2022-12-25T15:01:47.615+0000] {processor.py:175} INFO - Processing /opt/airflow/dags/ingestion_dag.py took 0.091 seconds
[2022-12-25T15:02:17.896+0000] {processor.py:153} INFO - Started process (PID=2342) to work on /opt/airflow/dags/ingestion_dag.py
[2022-12-25T15:02:17.899+0000] {processor.py:743} INFO - Processing file /opt/airflow/dags/ingestion_dag.py for tasks to queue
[2022-12-25T15:02:17.901+0000] {logging_mixin.py:137} INFO - [2022-12-25T15:02:17.901+0000] {dagbag.py:538} INFO - Filling up the DagBag from /opt/airflow/dags/ingestion_dag.py
[2022-12-25T15:02:17.933+0000] {processor.py:753} INFO - DAG(s) dict_keys(['data_ingestion_to_cloud']) retrieved from /opt/airflow/dags/ingestion_dag.py
[2022-12-25T15:02:17.960+0000] {logging_mixin.py:137} INFO - [2022-12-25T15:02:17.960+0000] {dag.py:2676} INFO - Sync 1 DAGs
[2022-12-25T15:02:17.975+0000] {logging_mixin.py:137} INFO - [2022-12-25T15:02:17.975+0000] {dag.py:3427} INFO - Setting next_dagrun for data_ingestion_to_cloud to None, run_after=None
[2022-12-25T15:02:17.986+0000] {processor.py:175} INFO - Processing /opt/airflow/dags/ingestion_dag.py took 0.095 seconds
[2022-12-25T15:02:48.205+0000] {processor.py:153} INFO - Started process (PID=2379) to work on /opt/airflow/dags/ingestion_dag.py
[2022-12-25T15:02:48.207+0000] {processor.py:743} INFO - Processing file /opt/airflow/dags/ingestion_dag.py for tasks to queue
[2022-12-25T15:02:48.208+0000] {logging_mixin.py:137} INFO - [2022-12-25T15:02:48.208+0000] {dagbag.py:538} INFO - Filling up the DagBag from /opt/airflow/dags/ingestion_dag.py
[2022-12-25T15:02:48.233+0000] {processor.py:753} INFO - DAG(s) dict_keys(['data_ingestion_to_cloud']) retrieved from /opt/airflow/dags/ingestion_dag.py
[2022-12-25T15:02:48.263+0000] {logging_mixin.py:137} INFO - [2022-12-25T15:02:48.263+0000] {dag.py:2676} INFO - Sync 1 DAGs
[2022-12-25T15:02:48.278+0000] {logging_mixin.py:137} INFO - [2022-12-25T15:02:48.278+0000] {dag.py:3427} INFO - Setting next_dagrun for data_ingestion_to_cloud to None, run_after=None
[2022-12-25T15:02:48.288+0000] {processor.py:175} INFO - Processing /opt/airflow/dags/ingestion_dag.py took 0.085 seconds
[2022-12-25T15:03:18.569+0000] {processor.py:153} INFO - Started process (PID=2403) to work on /opt/airflow/dags/ingestion_dag.py
[2022-12-25T15:03:18.572+0000] {processor.py:743} INFO - Processing file /opt/airflow/dags/ingestion_dag.py for tasks to queue
[2022-12-25T15:03:18.574+0000] {logging_mixin.py:137} INFO - [2022-12-25T15:03:18.574+0000] {dagbag.py:538} INFO - Filling up the DagBag from /opt/airflow/dags/ingestion_dag.py
[2022-12-25T15:03:18.606+0000] {processor.py:753} INFO - DAG(s) dict_keys(['data_ingestion_to_cloud']) retrieved from /opt/airflow/dags/ingestion_dag.py
[2022-12-25T15:03:18.637+0000] {logging_mixin.py:137} INFO - [2022-12-25T15:03:18.636+0000] {dag.py:2676} INFO - Sync 1 DAGs
[2022-12-25T15:03:18.653+0000] {logging_mixin.py:137} INFO - [2022-12-25T15:03:18.653+0000] {dag.py:3427} INFO - Setting next_dagrun for data_ingestion_to_cloud to None, run_after=None
[2022-12-25T15:03:18.664+0000] {processor.py:175} INFO - Processing /opt/airflow/dags/ingestion_dag.py took 0.102 seconds
[2022-12-25T15:03:48.852+0000] {processor.py:153} INFO - Started process (PID=2440) to work on /opt/airflow/dags/ingestion_dag.py
[2022-12-25T15:03:48.855+0000] {processor.py:743} INFO - Processing file /opt/airflow/dags/ingestion_dag.py for tasks to queue
[2022-12-25T15:03:48.857+0000] {logging_mixin.py:137} INFO - [2022-12-25T15:03:48.857+0000] {dagbag.py:538} INFO - Filling up the DagBag from /opt/airflow/dags/ingestion_dag.py
[2022-12-25T15:03:48.890+0000] {processor.py:753} INFO - DAG(s) dict_keys(['data_ingestion_to_cloud']) retrieved from /opt/airflow/dags/ingestion_dag.py
[2022-12-25T15:03:48.917+0000] {logging_mixin.py:137} INFO - [2022-12-25T15:03:48.917+0000] {dag.py:2676} INFO - Sync 1 DAGs
[2022-12-25T15:03:48.933+0000] {logging_mixin.py:137} INFO - [2022-12-25T15:03:48.933+0000] {dag.py:3427} INFO - Setting next_dagrun for data_ingestion_to_cloud to None, run_after=None
[2022-12-25T15:03:48.943+0000] {processor.py:175} INFO - Processing /opt/airflow/dags/ingestion_dag.py took 0.098 seconds
[2022-12-25T15:04:48.957+0000] {processor.py:153} INFO - Started process (PID=34) to work on /opt/airflow/dags/ingestion_dag.py
[2022-12-25T15:04:48.958+0000] {processor.py:743} INFO - Processing file /opt/airflow/dags/ingestion_dag.py for tasks to queue
[2022-12-25T15:04:48.959+0000] {logging_mixin.py:137} INFO - [2022-12-25T15:04:48.959+0000] {dagbag.py:538} INFO - Filling up the DagBag from /opt/airflow/dags/ingestion_dag.py
[2022-12-25T15:04:48.998+0000] {processor.py:753} INFO - DAG(s) dict_keys(['data_ingestion_to_cloud']) retrieved from /opt/airflow/dags/ingestion_dag.py
[2022-12-25T15:04:49.049+0000] {logging_mixin.py:137} INFO - [2022-12-25T15:04:49.049+0000] {dag.py:2676} INFO - Sync 1 DAGs
[2022-12-25T15:04:49.066+0000] {logging_mixin.py:137} INFO - [2022-12-25T15:04:49.066+0000] {dag.py:3427} INFO - Setting next_dagrun for data_ingestion_to_cloud to None, run_after=None
[2022-12-25T15:04:49.080+0000] {processor.py:175} INFO - Processing /opt/airflow/dags/ingestion_dag.py took 0.125 seconds
[2022-12-25T15:05:19.231+0000] {processor.py:153} INFO - Started process (PID=72) to work on /opt/airflow/dags/ingestion_dag.py
[2022-12-25T15:05:19.232+0000] {processor.py:743} INFO - Processing file /opt/airflow/dags/ingestion_dag.py for tasks to queue
[2022-12-25T15:05:19.234+0000] {logging_mixin.py:137} INFO - [2022-12-25T15:05:19.234+0000] {dagbag.py:538} INFO - Filling up the DagBag from /opt/airflow/dags/ingestion_dag.py
[2022-12-25T15:05:19.269+0000] {processor.py:753} INFO - DAG(s) dict_keys(['data_ingestion_to_cloud']) retrieved from /opt/airflow/dags/ingestion_dag.py
[2022-12-25T15:05:19.301+0000] {logging_mixin.py:137} INFO - [2022-12-25T15:05:19.301+0000] {dag.py:2676} INFO - Sync 1 DAGs
[2022-12-25T15:05:19.320+0000] {logging_mixin.py:137} INFO - [2022-12-25T15:05:19.320+0000] {dag.py:3427} INFO - Setting next_dagrun for data_ingestion_to_cloud to None, run_after=None
[2022-12-25T15:05:19.331+0000] {processor.py:175} INFO - Processing /opt/airflow/dags/ingestion_dag.py took 0.105 seconds
[2022-12-25T15:05:49.527+0000] {processor.py:153} INFO - Started process (PID=97) to work on /opt/airflow/dags/ingestion_dag.py
[2022-12-25T15:05:49.530+0000] {processor.py:743} INFO - Processing file /opt/airflow/dags/ingestion_dag.py for tasks to queue
[2022-12-25T15:05:49.531+0000] {logging_mixin.py:137} INFO - [2022-12-25T15:05:49.531+0000] {dagbag.py:538} INFO - Filling up the DagBag from /opt/airflow/dags/ingestion_dag.py
[2022-12-25T15:05:49.557+0000] {processor.py:753} INFO - DAG(s) dict_keys(['data_ingestion_to_cloud']) retrieved from /opt/airflow/dags/ingestion_dag.py
[2022-12-25T15:05:49.583+0000] {logging_mixin.py:137} INFO - [2022-12-25T15:05:49.582+0000] {dag.py:2676} INFO - Sync 1 DAGs
[2022-12-25T15:05:49.599+0000] {logging_mixin.py:137} INFO - [2022-12-25T15:05:49.599+0000] {dag.py:3427} INFO - Setting next_dagrun for data_ingestion_to_cloud to None, run_after=None
[2022-12-25T15:05:49.611+0000] {processor.py:175} INFO - Processing /opt/airflow/dags/ingestion_dag.py took 0.086 seconds
[2022-12-25T15:06:19.831+0000] {processor.py:153} INFO - Started process (PID=133) to work on /opt/airflow/dags/ingestion_dag.py
[2022-12-25T15:06:19.833+0000] {processor.py:743} INFO - Processing file /opt/airflow/dags/ingestion_dag.py for tasks to queue
[2022-12-25T15:06:19.835+0000] {logging_mixin.py:137} INFO - [2022-12-25T15:06:19.835+0000] {dagbag.py:538} INFO - Filling up the DagBag from /opt/airflow/dags/ingestion_dag.py
[2022-12-25T15:06:19.869+0000] {processor.py:753} INFO - DAG(s) dict_keys(['data_ingestion_to_cloud']) retrieved from /opt/airflow/dags/ingestion_dag.py
[2022-12-25T15:06:19.899+0000] {logging_mixin.py:137} INFO - [2022-12-25T15:06:19.899+0000] {dag.py:2676} INFO - Sync 1 DAGs
[2022-12-25T15:06:19.916+0000] {logging_mixin.py:137} INFO - [2022-12-25T15:06:19.916+0000] {dag.py:3427} INFO - Setting next_dagrun for data_ingestion_to_cloud to None, run_after=None
[2022-12-25T15:06:19.928+0000] {processor.py:175} INFO - Processing /opt/airflow/dags/ingestion_dag.py took 0.103 seconds
[2022-12-25T15:06:50.085+0000] {processor.py:153} INFO - Started process (PID=172) to work on /opt/airflow/dags/ingestion_dag.py
[2022-12-25T15:06:50.087+0000] {processor.py:743} INFO - Processing file /opt/airflow/dags/ingestion_dag.py for tasks to queue
[2022-12-25T15:06:50.089+0000] {logging_mixin.py:137} INFO - [2022-12-25T15:06:50.088+0000] {dagbag.py:538} INFO - Filling up the DagBag from /opt/airflow/dags/ingestion_dag.py
[2022-12-25T15:06:50.118+0000] {processor.py:753} INFO - DAG(s) dict_keys(['data_ingestion_to_cloud']) retrieved from /opt/airflow/dags/ingestion_dag.py
[2022-12-25T15:06:50.149+0000] {logging_mixin.py:137} INFO - [2022-12-25T15:06:50.148+0000] {dag.py:2676} INFO - Sync 1 DAGs
[2022-12-25T15:06:50.165+0000] {logging_mixin.py:137} INFO - [2022-12-25T15:06:50.165+0000] {dag.py:3427} INFO - Setting next_dagrun for data_ingestion_to_cloud to None, run_after=None
[2022-12-25T15:06:50.176+0000] {processor.py:175} INFO - Processing /opt/airflow/dags/ingestion_dag.py took 0.094 seconds
[2022-12-25T15:07:20.410+0000] {processor.py:153} INFO - Started process (PID=198) to work on /opt/airflow/dags/ingestion_dag.py
[2022-12-25T15:07:20.412+0000] {processor.py:743} INFO - Processing file /opt/airflow/dags/ingestion_dag.py for tasks to queue
[2022-12-25T15:07:20.413+0000] {logging_mixin.py:137} INFO - [2022-12-25T15:07:20.413+0000] {dagbag.py:538} INFO - Filling up the DagBag from /opt/airflow/dags/ingestion_dag.py
[2022-12-25T15:07:20.450+0000] {processor.py:753} INFO - DAG(s) dict_keys(['data_ingestion_to_cloud']) retrieved from /opt/airflow/dags/ingestion_dag.py
[2022-12-25T15:07:20.492+0000] {logging_mixin.py:137} INFO - [2022-12-25T15:07:20.491+0000] {dag.py:2676} INFO - Sync 1 DAGs
[2022-12-25T15:07:20.511+0000] {logging_mixin.py:137} INFO - [2022-12-25T15:07:20.510+0000] {dag.py:3427} INFO - Setting next_dagrun for data_ingestion_to_cloud to None, run_after=None
[2022-12-25T15:07:20.522+0000] {processor.py:175} INFO - Processing /opt/airflow/dags/ingestion_dag.py took 0.117 seconds
[2022-12-25T15:07:50.703+0000] {processor.py:153} INFO - Started process (PID=234) to work on /opt/airflow/dags/ingestion_dag.py
[2022-12-25T15:07:50.705+0000] {processor.py:743} INFO - Processing file /opt/airflow/dags/ingestion_dag.py for tasks to queue
[2022-12-25T15:07:50.707+0000] {logging_mixin.py:137} INFO - [2022-12-25T15:07:50.707+0000] {dagbag.py:538} INFO - Filling up the DagBag from /opt/airflow/dags/ingestion_dag.py
[2022-12-25T15:07:50.739+0000] {processor.py:753} INFO - DAG(s) dict_keys(['data_ingestion_to_cloud']) retrieved from /opt/airflow/dags/ingestion_dag.py
[2022-12-25T15:07:50.766+0000] {logging_mixin.py:137} INFO - [2022-12-25T15:07:50.766+0000] {dag.py:2676} INFO - Sync 1 DAGs
[2022-12-25T15:07:50.781+0000] {logging_mixin.py:137} INFO - [2022-12-25T15:07:50.781+0000] {dag.py:3427} INFO - Setting next_dagrun for data_ingestion_to_cloud to None, run_after=None
[2022-12-25T15:07:50.793+0000] {processor.py:175} INFO - Processing /opt/airflow/dags/ingestion_dag.py took 0.095 seconds
[2022-12-25T15:08:20.995+0000] {processor.py:153} INFO - Started process (PID=271) to work on /opt/airflow/dags/ingestion_dag.py
[2022-12-25T15:08:20.997+0000] {processor.py:743} INFO - Processing file /opt/airflow/dags/ingestion_dag.py for tasks to queue
[2022-12-25T15:08:20.998+0000] {logging_mixin.py:137} INFO - [2022-12-25T15:08:20.998+0000] {dagbag.py:538} INFO - Filling up the DagBag from /opt/airflow/dags/ingestion_dag.py
[2022-12-25T15:08:21.022+0000] {processor.py:753} INFO - DAG(s) dict_keys(['data_ingestion_to_cloud']) retrieved from /opt/airflow/dags/ingestion_dag.py
[2022-12-25T15:08:21.048+0000] {logging_mixin.py:137} INFO - [2022-12-25T15:08:21.048+0000] {dag.py:2676} INFO - Sync 1 DAGs
[2022-12-25T15:08:21.064+0000] {logging_mixin.py:137} INFO - [2022-12-25T15:08:21.064+0000] {dag.py:3427} INFO - Setting next_dagrun for data_ingestion_to_cloud to None, run_after=None
[2022-12-25T15:08:21.074+0000] {processor.py:175} INFO - Processing /opt/airflow/dags/ingestion_dag.py took 0.083 seconds
[2022-12-25T15:08:51.361+0000] {processor.py:153} INFO - Started process (PID=296) to work on /opt/airflow/dags/ingestion_dag.py
[2022-12-25T15:08:51.362+0000] {processor.py:743} INFO - Processing file /opt/airflow/dags/ingestion_dag.py for tasks to queue
[2022-12-25T15:08:51.363+0000] {logging_mixin.py:137} INFO - [2022-12-25T15:08:51.363+0000] {dagbag.py:538} INFO - Filling up the DagBag from /opt/airflow/dags/ingestion_dag.py
[2022-12-25T15:08:51.386+0000] {processor.py:753} INFO - DAG(s) dict_keys(['data_ingestion_to_cloud']) retrieved from /opt/airflow/dags/ingestion_dag.py
[2022-12-25T15:08:51.411+0000] {logging_mixin.py:137} INFO - [2022-12-25T15:08:51.411+0000] {dag.py:2676} INFO - Sync 1 DAGs
[2022-12-25T15:08:51.427+0000] {logging_mixin.py:137} INFO - [2022-12-25T15:08:51.427+0000] {dag.py:3427} INFO - Setting next_dagrun for data_ingestion_to_cloud to None, run_after=None
[2022-12-25T15:08:51.438+0000] {processor.py:175} INFO - Processing /opt/airflow/dags/ingestion_dag.py took 0.081 seconds
[2022-12-25T15:09:21.717+0000] {processor.py:153} INFO - Started process (PID=334) to work on /opt/airflow/dags/ingestion_dag.py
[2022-12-25T15:09:21.719+0000] {processor.py:743} INFO - Processing file /opt/airflow/dags/ingestion_dag.py for tasks to queue
[2022-12-25T15:09:21.720+0000] {logging_mixin.py:137} INFO - [2022-12-25T15:09:21.720+0000] {dagbag.py:538} INFO - Filling up the DagBag from /opt/airflow/dags/ingestion_dag.py
[2022-12-25T15:09:21.747+0000] {processor.py:753} INFO - DAG(s) dict_keys(['data_ingestion_to_cloud']) retrieved from /opt/airflow/dags/ingestion_dag.py
[2022-12-25T15:09:21.778+0000] {logging_mixin.py:137} INFO - [2022-12-25T15:09:21.778+0000] {dag.py:2676} INFO - Sync 1 DAGs
[2022-12-25T15:09:21.796+0000] {logging_mixin.py:137} INFO - [2022-12-25T15:09:21.796+0000] {dag.py:3427} INFO - Setting next_dagrun for data_ingestion_to_cloud to None, run_after=None
[2022-12-25T15:09:21.807+0000] {processor.py:175} INFO - Processing /opt/airflow/dags/ingestion_dag.py took 0.092 seconds
[2022-12-25T15:09:52.052+0000] {processor.py:153} INFO - Started process (PID=371) to work on /opt/airflow/dags/ingestion_dag.py
[2022-12-25T15:09:52.055+0000] {processor.py:743} INFO - Processing file /opt/airflow/dags/ingestion_dag.py for tasks to queue
[2022-12-25T15:09:52.057+0000] {logging_mixin.py:137} INFO - [2022-12-25T15:09:52.057+0000] {dagbag.py:538} INFO - Filling up the DagBag from /opt/airflow/dags/ingestion_dag.py
[2022-12-25T15:09:52.084+0000] {processor.py:753} INFO - DAG(s) dict_keys(['data_ingestion_to_cloud']) retrieved from /opt/airflow/dags/ingestion_dag.py
[2022-12-25T15:09:52.122+0000] {logging_mixin.py:137} INFO - [2022-12-25T15:09:52.122+0000] {dag.py:2676} INFO - Sync 1 DAGs
[2022-12-25T15:09:52.139+0000] {logging_mixin.py:137} INFO - [2022-12-25T15:09:52.139+0000] {dag.py:3427} INFO - Setting next_dagrun for data_ingestion_to_cloud to None, run_after=None
[2022-12-25T15:09:52.150+0000] {processor.py:175} INFO - Processing /opt/airflow/dags/ingestion_dag.py took 0.103 seconds
[2022-12-25T15:10:22.376+0000] {processor.py:153} INFO - Started process (PID=397) to work on /opt/airflow/dags/ingestion_dag.py
[2022-12-25T15:10:22.377+0000] {processor.py:743} INFO - Processing file /opt/airflow/dags/ingestion_dag.py for tasks to queue
[2022-12-25T15:10:22.378+0000] {logging_mixin.py:137} INFO - [2022-12-25T15:10:22.378+0000] {dagbag.py:538} INFO - Filling up the DagBag from /opt/airflow/dags/ingestion_dag.py
[2022-12-25T15:10:22.415+0000] {processor.py:753} INFO - DAG(s) dict_keys(['data_ingestion_to_cloud']) retrieved from /opt/airflow/dags/ingestion_dag.py
[2022-12-25T15:10:22.452+0000] {logging_mixin.py:137} INFO - [2022-12-25T15:10:22.451+0000] {dag.py:2676} INFO - Sync 1 DAGs
[2022-12-25T15:10:22.470+0000] {logging_mixin.py:137} INFO - [2022-12-25T15:10:22.470+0000] {dag.py:3427} INFO - Setting next_dagrun for data_ingestion_to_cloud to None, run_after=None
[2022-12-25T15:10:22.482+0000] {processor.py:175} INFO - Processing /opt/airflow/dags/ingestion_dag.py took 0.110 seconds
[2022-12-25T15:10:52.683+0000] {processor.py:153} INFO - Started process (PID=434) to work on /opt/airflow/dags/ingestion_dag.py
[2022-12-25T15:10:52.686+0000] {processor.py:743} INFO - Processing file /opt/airflow/dags/ingestion_dag.py for tasks to queue
[2022-12-25T15:10:52.688+0000] {logging_mixin.py:137} INFO - [2022-12-25T15:10:52.688+0000] {dagbag.py:538} INFO - Filling up the DagBag from /opt/airflow/dags/ingestion_dag.py
[2022-12-25T15:10:52.716+0000] {processor.py:753} INFO - DAG(s) dict_keys(['data_ingestion_to_cloud']) retrieved from /opt/airflow/dags/ingestion_dag.py
[2022-12-25T15:10:52.764+0000] {logging_mixin.py:137} INFO - [2022-12-25T15:10:52.763+0000] {dag.py:2676} INFO - Sync 1 DAGs
[2022-12-25T15:10:52.780+0000] {logging_mixin.py:137} INFO - [2022-12-25T15:10:52.780+0000] {dag.py:3427} INFO - Setting next_dagrun for data_ingestion_to_cloud to None, run_after=None
[2022-12-25T15:10:52.792+0000] {processor.py:175} INFO - Processing /opt/airflow/dags/ingestion_dag.py took 0.115 seconds
[2022-12-25T15:11:22.995+0000] {processor.py:153} INFO - Started process (PID=471) to work on /opt/airflow/dags/ingestion_dag.py
[2022-12-25T15:11:22.996+0000] {processor.py:743} INFO - Processing file /opt/airflow/dags/ingestion_dag.py for tasks to queue
[2022-12-25T15:11:22.997+0000] {logging_mixin.py:137} INFO - [2022-12-25T15:11:22.997+0000] {dagbag.py:538} INFO - Filling up the DagBag from /opt/airflow/dags/ingestion_dag.py
[2022-12-25T15:11:23.016+0000] {processor.py:753} INFO - DAG(s) dict_keys(['data_ingestion_to_cloud']) retrieved from /opt/airflow/dags/ingestion_dag.py
[2022-12-25T15:11:23.043+0000] {logging_mixin.py:137} INFO - [2022-12-25T15:11:23.043+0000] {dag.py:2676} INFO - Sync 1 DAGs
[2022-12-25T15:11:23.060+0000] {logging_mixin.py:137} INFO - [2022-12-25T15:11:23.060+0000] {dag.py:3427} INFO - Setting next_dagrun for data_ingestion_to_cloud to None, run_after=None
[2022-12-25T15:11:23.071+0000] {processor.py:175} INFO - Processing /opt/airflow/dags/ingestion_dag.py took 0.079 seconds
[2022-12-25T15:11:53.302+0000] {processor.py:153} INFO - Started process (PID=496) to work on /opt/airflow/dags/ingestion_dag.py
[2022-12-25T15:11:53.303+0000] {processor.py:743} INFO - Processing file /opt/airflow/dags/ingestion_dag.py for tasks to queue
[2022-12-25T15:11:53.304+0000] {logging_mixin.py:137} INFO - [2022-12-25T15:11:53.304+0000] {dagbag.py:538} INFO - Filling up the DagBag from /opt/airflow/dags/ingestion_dag.py
[2022-12-25T15:11:53.327+0000] {processor.py:753} INFO - DAG(s) dict_keys(['data_ingestion_to_cloud']) retrieved from /opt/airflow/dags/ingestion_dag.py
[2022-12-25T15:11:53.353+0000] {logging_mixin.py:137} INFO - [2022-12-25T15:11:53.353+0000] {dag.py:2676} INFO - Sync 1 DAGs
[2022-12-25T15:11:53.370+0000] {logging_mixin.py:137} INFO - [2022-12-25T15:11:53.370+0000] {dag.py:3427} INFO - Setting next_dagrun for data_ingestion_to_cloud to None, run_after=None
[2022-12-25T15:11:53.381+0000] {processor.py:175} INFO - Processing /opt/airflow/dags/ingestion_dag.py took 0.082 seconds
[2022-12-25T15:12:23.676+0000] {processor.py:153} INFO - Started process (PID=533) to work on /opt/airflow/dags/ingestion_dag.py
[2022-12-25T15:12:23.677+0000] {processor.py:743} INFO - Processing file /opt/airflow/dags/ingestion_dag.py for tasks to queue
[2022-12-25T15:12:23.679+0000] {logging_mixin.py:137} INFO - [2022-12-25T15:12:23.679+0000] {dagbag.py:538} INFO - Filling up the DagBag from /opt/airflow/dags/ingestion_dag.py
[2022-12-25T15:12:23.707+0000] {processor.py:753} INFO - DAG(s) dict_keys(['data_ingestion_to_cloud']) retrieved from /opt/airflow/dags/ingestion_dag.py
[2022-12-25T15:12:23.734+0000] {logging_mixin.py:137} INFO - [2022-12-25T15:12:23.734+0000] {dag.py:2676} INFO - Sync 1 DAGs
[2022-12-25T15:12:23.750+0000] {logging_mixin.py:137} INFO - [2022-12-25T15:12:23.750+0000] {dag.py:3427} INFO - Setting next_dagrun for data_ingestion_to_cloud to None, run_after=None
[2022-12-25T15:12:23.760+0000] {processor.py:175} INFO - Processing /opt/airflow/dags/ingestion_dag.py took 0.089 seconds
[2022-12-25T15:12:53.980+0000] {processor.py:153} INFO - Started process (PID=570) to work on /opt/airflow/dags/ingestion_dag.py
[2022-12-25T15:12:53.982+0000] {processor.py:743} INFO - Processing file /opt/airflow/dags/ingestion_dag.py for tasks to queue
[2022-12-25T15:12:53.983+0000] {logging_mixin.py:137} INFO - [2022-12-25T15:12:53.983+0000] {dagbag.py:538} INFO - Filling up the DagBag from /opt/airflow/dags/ingestion_dag.py
[2022-12-25T15:12:54.012+0000] {processor.py:753} INFO - DAG(s) dict_keys(['data_ingestion_to_cloud']) retrieved from /opt/airflow/dags/ingestion_dag.py
[2022-12-25T15:12:54.038+0000] {logging_mixin.py:137} INFO - [2022-12-25T15:12:54.038+0000] {dag.py:2676} INFO - Sync 1 DAGs
[2022-12-25T15:12:54.054+0000] {logging_mixin.py:137} INFO - [2022-12-25T15:12:54.054+0000] {dag.py:3427} INFO - Setting next_dagrun for data_ingestion_to_cloud to None, run_after=None
[2022-12-25T15:12:54.066+0000] {processor.py:175} INFO - Processing /opt/airflow/dags/ingestion_dag.py took 0.092 seconds
[2022-12-25T15:13:24.249+0000] {processor.py:153} INFO - Started process (PID=595) to work on /opt/airflow/dags/ingestion_dag.py
[2022-12-25T15:13:24.251+0000] {processor.py:743} INFO - Processing file /opt/airflow/dags/ingestion_dag.py for tasks to queue
[2022-12-25T15:13:24.252+0000] {logging_mixin.py:137} INFO - [2022-12-25T15:13:24.252+0000] {dagbag.py:538} INFO - Filling up the DagBag from /opt/airflow/dags/ingestion_dag.py
[2022-12-25T15:13:24.281+0000] {processor.py:753} INFO - DAG(s) dict_keys(['data_ingestion_to_cloud']) retrieved from /opt/airflow/dags/ingestion_dag.py
[2022-12-25T15:13:24.313+0000] {logging_mixin.py:137} INFO - [2022-12-25T15:13:24.313+0000] {dag.py:2676} INFO - Sync 1 DAGs
[2022-12-25T15:13:24.330+0000] {logging_mixin.py:137} INFO - [2022-12-25T15:13:24.330+0000] {dag.py:3427} INFO - Setting next_dagrun for data_ingestion_to_cloud to None, run_after=None
[2022-12-25T15:13:24.341+0000] {processor.py:175} INFO - Processing /opt/airflow/dags/ingestion_dag.py took 0.096 seconds
[2022-12-25T15:13:54.570+0000] {processor.py:153} INFO - Started process (PID=633) to work on /opt/airflow/dags/ingestion_dag.py
[2022-12-25T15:13:54.572+0000] {processor.py:743} INFO - Processing file /opt/airflow/dags/ingestion_dag.py for tasks to queue
[2022-12-25T15:13:54.573+0000] {logging_mixin.py:137} INFO - [2022-12-25T15:13:54.573+0000] {dagbag.py:538} INFO - Filling up the DagBag from /opt/airflow/dags/ingestion_dag.py
[2022-12-25T15:13:54.600+0000] {processor.py:753} INFO - DAG(s) dict_keys(['data_ingestion_to_cloud']) retrieved from /opt/airflow/dags/ingestion_dag.py
[2022-12-25T15:13:54.626+0000] {logging_mixin.py:137} INFO - [2022-12-25T15:13:54.626+0000] {dag.py:2676} INFO - Sync 1 DAGs
[2022-12-25T15:13:54.642+0000] {logging_mixin.py:137} INFO - [2022-12-25T15:13:54.642+0000] {dag.py:3427} INFO - Setting next_dagrun for data_ingestion_to_cloud to None, run_after=None
[2022-12-25T15:13:54.652+0000] {processor.py:175} INFO - Processing /opt/airflow/dags/ingestion_dag.py took 0.085 seconds
[2022-12-25T15:14:24.844+0000] {processor.py:153} INFO - Started process (PID=670) to work on /opt/airflow/dags/ingestion_dag.py
[2022-12-25T15:14:24.846+0000] {processor.py:743} INFO - Processing file /opt/airflow/dags/ingestion_dag.py for tasks to queue
[2022-12-25T15:14:24.847+0000] {logging_mixin.py:137} INFO - [2022-12-25T15:14:24.847+0000] {dagbag.py:538} INFO - Filling up the DagBag from /opt/airflow/dags/ingestion_dag.py
[2022-12-25T15:14:24.870+0000] {processor.py:753} INFO - DAG(s) dict_keys(['data_ingestion_to_cloud']) retrieved from /opt/airflow/dags/ingestion_dag.py
[2022-12-25T15:14:24.896+0000] {logging_mixin.py:137} INFO - [2022-12-25T15:14:24.896+0000] {dag.py:2676} INFO - Sync 1 DAGs
[2022-12-25T15:14:24.912+0000] {logging_mixin.py:137} INFO - [2022-12-25T15:14:24.912+0000] {dag.py:3427} INFO - Setting next_dagrun for data_ingestion_to_cloud to None, run_after=None
[2022-12-25T15:14:24.923+0000] {processor.py:175} INFO - Processing /opt/airflow/dags/ingestion_dag.py took 0.083 seconds
[2022-12-25T15:14:55.148+0000] {processor.py:153} INFO - Started process (PID=695) to work on /opt/airflow/dags/ingestion_dag.py
[2022-12-25T15:14:55.150+0000] {processor.py:743} INFO - Processing file /opt/airflow/dags/ingestion_dag.py for tasks to queue
[2022-12-25T15:14:55.151+0000] {logging_mixin.py:137} INFO - [2022-12-25T15:14:55.151+0000] {dagbag.py:538} INFO - Filling up the DagBag from /opt/airflow/dags/ingestion_dag.py
[2022-12-25T15:14:55.173+0000] {processor.py:753} INFO - DAG(s) dict_keys(['data_ingestion_to_cloud']) retrieved from /opt/airflow/dags/ingestion_dag.py
[2022-12-25T15:14:55.198+0000] {logging_mixin.py:137} INFO - [2022-12-25T15:14:55.198+0000] {dag.py:2676} INFO - Sync 1 DAGs
[2022-12-25T15:14:55.214+0000] {logging_mixin.py:137} INFO - [2022-12-25T15:14:55.214+0000] {dag.py:3427} INFO - Setting next_dagrun for data_ingestion_to_cloud to None, run_after=None
[2022-12-25T15:14:55.225+0000] {processor.py:175} INFO - Processing /opt/airflow/dags/ingestion_dag.py took 0.080 seconds
[2022-12-25T15:15:25.468+0000] {processor.py:153} INFO - Started process (PID=732) to work on /opt/airflow/dags/ingestion_dag.py
[2022-12-25T15:15:25.470+0000] {processor.py:743} INFO - Processing file /opt/airflow/dags/ingestion_dag.py for tasks to queue
[2022-12-25T15:15:25.471+0000] {logging_mixin.py:137} INFO - [2022-12-25T15:15:25.471+0000] {dagbag.py:538} INFO - Filling up the DagBag from /opt/airflow/dags/ingestion_dag.py
[2022-12-25T15:15:25.496+0000] {processor.py:753} INFO - DAG(s) dict_keys(['data_ingestion_to_cloud']) retrieved from /opt/airflow/dags/ingestion_dag.py
[2022-12-25T15:15:25.523+0000] {logging_mixin.py:137} INFO - [2022-12-25T15:15:25.523+0000] {dag.py:2676} INFO - Sync 1 DAGs
[2022-12-25T15:15:25.539+0000] {logging_mixin.py:137} INFO - [2022-12-25T15:15:25.539+0000] {dag.py:3427} INFO - Setting next_dagrun for data_ingestion_to_cloud to None, run_after=None
[2022-12-25T15:15:25.550+0000] {processor.py:175} INFO - Processing /opt/airflow/dags/ingestion_dag.py took 0.088 seconds
[2022-12-25T15:15:55.950+0000] {processor.py:153} INFO - Started process (PID=769) to work on /opt/airflow/dags/ingestion_dag.py
[2022-12-25T15:15:55.952+0000] {processor.py:743} INFO - Processing file /opt/airflow/dags/ingestion_dag.py for tasks to queue
[2022-12-25T15:15:55.955+0000] {logging_mixin.py:137} INFO - [2022-12-25T15:15:55.954+0000] {dagbag.py:538} INFO - Filling up the DagBag from /opt/airflow/dags/ingestion_dag.py
[2022-12-25T15:15:55.988+0000] {processor.py:753} INFO - DAG(s) dict_keys(['data_ingestion_to_cloud']) retrieved from /opt/airflow/dags/ingestion_dag.py
[2022-12-25T15:15:56.014+0000] {logging_mixin.py:137} INFO - [2022-12-25T15:15:56.014+0000] {dag.py:2676} INFO - Sync 1 DAGs
[2022-12-25T15:15:56.031+0000] {logging_mixin.py:137} INFO - [2022-12-25T15:15:56.031+0000] {dag.py:3427} INFO - Setting next_dagrun for data_ingestion_to_cloud to None, run_after=None
[2022-12-25T15:15:56.042+0000] {processor.py:175} INFO - Processing /opt/airflow/dags/ingestion_dag.py took 0.097 seconds
[2022-12-25T15:16:26.333+0000] {processor.py:153} INFO - Started process (PID=803) to work on /opt/airflow/dags/ingestion_dag.py
[2022-12-25T15:16:26.338+0000] {processor.py:743} INFO - Processing file /opt/airflow/dags/ingestion_dag.py for tasks to queue
[2022-12-25T15:16:26.340+0000] {logging_mixin.py:137} INFO - [2022-12-25T15:16:26.340+0000] {dagbag.py:538} INFO - Filling up the DagBag from /opt/airflow/dags/ingestion_dag.py
[2022-12-25T15:16:26.372+0000] {processor.py:753} INFO - DAG(s) dict_keys(['data_ingestion_to_cloud']) retrieved from /opt/airflow/dags/ingestion_dag.py
[2022-12-25T15:16:26.446+0000] {logging_mixin.py:137} INFO - [2022-12-25T15:16:26.446+0000] {dag.py:2676} INFO - Sync 1 DAGs
[2022-12-25T15:16:26.463+0000] {logging_mixin.py:137} INFO - [2022-12-25T15:16:26.463+0000] {dag.py:3427} INFO - Setting next_dagrun for data_ingestion_to_cloud to None, run_after=None
[2022-12-25T15:16:26.476+0000] {processor.py:175} INFO - Processing /opt/airflow/dags/ingestion_dag.py took 0.145 seconds
[2022-12-25T15:16:56.711+0000] {processor.py:153} INFO - Started process (PID=831) to work on /opt/airflow/dags/ingestion_dag.py
[2022-12-25T15:16:56.712+0000] {processor.py:743} INFO - Processing file /opt/airflow/dags/ingestion_dag.py for tasks to queue
[2022-12-25T15:16:56.713+0000] {logging_mixin.py:137} INFO - [2022-12-25T15:16:56.713+0000] {dagbag.py:538} INFO - Filling up the DagBag from /opt/airflow/dags/ingestion_dag.py
[2022-12-25T15:16:56.738+0000] {processor.py:753} INFO - DAG(s) dict_keys(['data_ingestion_to_cloud']) retrieved from /opt/airflow/dags/ingestion_dag.py
[2022-12-25T15:16:56.766+0000] {logging_mixin.py:137} INFO - [2022-12-25T15:16:56.766+0000] {dag.py:2676} INFO - Sync 1 DAGs
[2022-12-25T15:16:56.786+0000] {logging_mixin.py:137} INFO - [2022-12-25T15:16:56.785+0000] {dag.py:3427} INFO - Setting next_dagrun for data_ingestion_to_cloud to None, run_after=None
[2022-12-25T15:16:56.800+0000] {processor.py:175} INFO - Processing /opt/airflow/dags/ingestion_dag.py took 0.091 seconds
[2022-12-25T15:17:27.083+0000] {processor.py:153} INFO - Started process (PID=869) to work on /opt/airflow/dags/ingestion_dag.py
[2022-12-25T15:17:27.087+0000] {processor.py:743} INFO - Processing file /opt/airflow/dags/ingestion_dag.py for tasks to queue
[2022-12-25T15:17:27.089+0000] {logging_mixin.py:137} INFO - [2022-12-25T15:17:27.089+0000] {dagbag.py:538} INFO - Filling up the DagBag from /opt/airflow/dags/ingestion_dag.py
[2022-12-25T15:17:27.126+0000] {processor.py:753} INFO - DAG(s) dict_keys(['data_ingestion_to_cloud']) retrieved from /opt/airflow/dags/ingestion_dag.py
[2022-12-25T15:17:27.156+0000] {logging_mixin.py:137} INFO - [2022-12-25T15:17:27.155+0000] {dag.py:2676} INFO - Sync 1 DAGs
[2022-12-25T15:17:27.172+0000] {logging_mixin.py:137} INFO - [2022-12-25T15:17:27.172+0000] {dag.py:3427} INFO - Setting next_dagrun for data_ingestion_to_cloud to None, run_after=None
[2022-12-25T15:17:27.183+0000] {processor.py:175} INFO - Processing /opt/airflow/dags/ingestion_dag.py took 0.108 seconds
[2022-12-25T15:17:57.396+0000] {processor.py:153} INFO - Started process (PID=907) to work on /opt/airflow/dags/ingestion_dag.py
[2022-12-25T15:17:57.398+0000] {processor.py:743} INFO - Processing file /opt/airflow/dags/ingestion_dag.py for tasks to queue
[2022-12-25T15:17:57.399+0000] {logging_mixin.py:137} INFO - [2022-12-25T15:17:57.399+0000] {dagbag.py:538} INFO - Filling up the DagBag from /opt/airflow/dags/ingestion_dag.py
[2022-12-25T15:17:57.424+0000] {processor.py:753} INFO - DAG(s) dict_keys(['data_ingestion_to_cloud']) retrieved from /opt/airflow/dags/ingestion_dag.py
[2022-12-25T15:17:57.453+0000] {logging_mixin.py:137} INFO - [2022-12-25T15:17:57.453+0000] {dag.py:2676} INFO - Sync 1 DAGs
[2022-12-25T15:17:57.470+0000] {logging_mixin.py:137} INFO - [2022-12-25T15:17:57.470+0000] {dag.py:3427} INFO - Setting next_dagrun for data_ingestion_to_cloud to None, run_after=None
[2022-12-25T15:17:57.483+0000] {processor.py:175} INFO - Processing /opt/airflow/dags/ingestion_dag.py took 0.090 seconds
[2022-12-25T15:18:27.871+0000] {processor.py:153} INFO - Started process (PID=932) to work on /opt/airflow/dags/ingestion_dag.py
[2022-12-25T15:18:27.873+0000] {processor.py:743} INFO - Processing file /opt/airflow/dags/ingestion_dag.py for tasks to queue
[2022-12-25T15:18:27.875+0000] {logging_mixin.py:137} INFO - [2022-12-25T15:18:27.875+0000] {dagbag.py:538} INFO - Filling up the DagBag from /opt/airflow/dags/ingestion_dag.py
[2022-12-25T15:18:27.906+0000] {processor.py:753} INFO - DAG(s) dict_keys(['data_ingestion_to_cloud']) retrieved from /opt/airflow/dags/ingestion_dag.py
[2022-12-25T15:18:27.930+0000] {logging_mixin.py:137} INFO - [2022-12-25T15:18:27.930+0000] {dag.py:2676} INFO - Sync 1 DAGs
[2022-12-25T15:18:27.946+0000] {logging_mixin.py:137} INFO - [2022-12-25T15:18:27.946+0000] {dag.py:3427} INFO - Setting next_dagrun for data_ingestion_to_cloud to None, run_after=None
[2022-12-25T15:18:27.957+0000] {processor.py:175} INFO - Processing /opt/airflow/dags/ingestion_dag.py took 0.092 seconds
[2022-12-25T15:18:58.214+0000] {processor.py:153} INFO - Started process (PID=969) to work on /opt/airflow/dags/ingestion_dag.py
[2022-12-25T15:18:58.215+0000] {processor.py:743} INFO - Processing file /opt/airflow/dags/ingestion_dag.py for tasks to queue
[2022-12-25T15:18:58.216+0000] {logging_mixin.py:137} INFO - [2022-12-25T15:18:58.216+0000] {dagbag.py:538} INFO - Filling up the DagBag from /opt/airflow/dags/ingestion_dag.py
[2022-12-25T15:18:58.249+0000] {processor.py:753} INFO - DAG(s) dict_keys(['data_ingestion_to_cloud']) retrieved from /opt/airflow/dags/ingestion_dag.py
[2022-12-25T15:18:58.297+0000] {logging_mixin.py:137} INFO - [2022-12-25T15:18:58.297+0000] {dag.py:2676} INFO - Sync 1 DAGs
[2022-12-25T15:18:58.317+0000] {logging_mixin.py:137} INFO - [2022-12-25T15:18:58.317+0000] {dag.py:3427} INFO - Setting next_dagrun for data_ingestion_to_cloud to None, run_after=None
[2022-12-25T15:18:58.329+0000] {processor.py:175} INFO - Processing /opt/airflow/dags/ingestion_dag.py took 0.118 seconds
[2022-12-25T15:19:28.472+0000] {processor.py:153} INFO - Started process (PID=1006) to work on /opt/airflow/dags/ingestion_dag.py
[2022-12-25T15:19:28.473+0000] {processor.py:743} INFO - Processing file /opt/airflow/dags/ingestion_dag.py for tasks to queue
[2022-12-25T15:19:28.475+0000] {logging_mixin.py:137} INFO - [2022-12-25T15:19:28.475+0000] {dagbag.py:538} INFO - Filling up the DagBag from /opt/airflow/dags/ingestion_dag.py
[2022-12-25T15:19:28.509+0000] {processor.py:753} INFO - DAG(s) dict_keys(['data_ingestion_to_cloud']) retrieved from /opt/airflow/dags/ingestion_dag.py
[2022-12-25T15:19:28.548+0000] {logging_mixin.py:137} INFO - [2022-12-25T15:19:28.548+0000] {dag.py:2676} INFO - Sync 1 DAGs
[2022-12-25T15:19:28.581+0000] {logging_mixin.py:137} INFO - [2022-12-25T15:19:28.581+0000] {dag.py:3427} INFO - Setting next_dagrun for data_ingestion_to_cloud to None, run_after=None
[2022-12-25T15:19:28.595+0000] {processor.py:175} INFO - Processing /opt/airflow/dags/ingestion_dag.py took 0.128 seconds
[2022-12-25T15:19:58.860+0000] {processor.py:153} INFO - Started process (PID=1031) to work on /opt/airflow/dags/ingestion_dag.py
[2022-12-25T15:19:58.862+0000] {processor.py:743} INFO - Processing file /opt/airflow/dags/ingestion_dag.py for tasks to queue
[2022-12-25T15:19:58.864+0000] {logging_mixin.py:137} INFO - [2022-12-25T15:19:58.864+0000] {dagbag.py:538} INFO - Filling up the DagBag from /opt/airflow/dags/ingestion_dag.py
[2022-12-25T15:19:58.899+0000] {processor.py:753} INFO - DAG(s) dict_keys(['data_ingestion_to_cloud']) retrieved from /opt/airflow/dags/ingestion_dag.py
[2022-12-25T15:19:58.930+0000] {logging_mixin.py:137} INFO - [2022-12-25T15:19:58.929+0000] {dag.py:2676} INFO - Sync 1 DAGs
[2022-12-25T15:19:58.947+0000] {logging_mixin.py:137} INFO - [2022-12-25T15:19:58.947+0000] {dag.py:3427} INFO - Setting next_dagrun for data_ingestion_to_cloud to None, run_after=None
[2022-12-25T15:19:58.959+0000] {processor.py:175} INFO - Processing /opt/airflow/dags/ingestion_dag.py took 0.104 seconds
[2022-12-25T15:20:29.211+0000] {processor.py:153} INFO - Started process (PID=1068) to work on /opt/airflow/dags/ingestion_dag.py
[2022-12-25T15:20:29.213+0000] {processor.py:743} INFO - Processing file /opt/airflow/dags/ingestion_dag.py for tasks to queue
[2022-12-25T15:20:29.214+0000] {logging_mixin.py:137} INFO - [2022-12-25T15:20:29.214+0000] {dagbag.py:538} INFO - Filling up the DagBag from /opt/airflow/dags/ingestion_dag.py
[2022-12-25T15:20:29.239+0000] {processor.py:753} INFO - DAG(s) dict_keys(['data_ingestion_to_cloud']) retrieved from /opt/airflow/dags/ingestion_dag.py
[2022-12-25T15:20:29.267+0000] {logging_mixin.py:137} INFO - [2022-12-25T15:20:29.267+0000] {dag.py:2676} INFO - Sync 1 DAGs
[2022-12-25T15:20:29.285+0000] {logging_mixin.py:137} INFO - [2022-12-25T15:20:29.285+0000] {dag.py:3427} INFO - Setting next_dagrun for data_ingestion_to_cloud to None, run_after=None
[2022-12-25T15:20:29.297+0000] {processor.py:175} INFO - Processing /opt/airflow/dags/ingestion_dag.py took 0.089 seconds
[2022-12-25T15:20:59.551+0000] {processor.py:153} INFO - Started process (PID=1104) to work on /opt/airflow/dags/ingestion_dag.py
[2022-12-25T15:20:59.553+0000] {processor.py:743} INFO - Processing file /opt/airflow/dags/ingestion_dag.py for tasks to queue
[2022-12-25T15:20:59.554+0000] {logging_mixin.py:137} INFO - [2022-12-25T15:20:59.553+0000] {dagbag.py:538} INFO - Filling up the DagBag from /opt/airflow/dags/ingestion_dag.py
[2022-12-25T15:20:59.584+0000] {processor.py:753} INFO - DAG(s) dict_keys(['data_ingestion_to_cloud']) retrieved from /opt/airflow/dags/ingestion_dag.py
[2022-12-25T15:20:59.616+0000] {logging_mixin.py:137} INFO - [2022-12-25T15:20:59.615+0000] {dag.py:2676} INFO - Sync 1 DAGs
[2022-12-25T15:20:59.633+0000] {logging_mixin.py:137} INFO - [2022-12-25T15:20:59.633+0000] {dag.py:3427} INFO - Setting next_dagrun for data_ingestion_to_cloud to None, run_after=None
[2022-12-25T15:20:59.645+0000] {processor.py:175} INFO - Processing /opt/airflow/dags/ingestion_dag.py took 0.098 seconds
[2022-12-25T15:21:29.972+0000] {processor.py:153} INFO - Started process (PID=1129) to work on /opt/airflow/dags/ingestion_dag.py
[2022-12-25T15:21:29.974+0000] {processor.py:743} INFO - Processing file /opt/airflow/dags/ingestion_dag.py for tasks to queue
[2022-12-25T15:21:29.976+0000] {logging_mixin.py:137} INFO - [2022-12-25T15:21:29.976+0000] {dagbag.py:538} INFO - Filling up the DagBag from /opt/airflow/dags/ingestion_dag.py
[2022-12-25T15:21:30.009+0000] {processor.py:753} INFO - DAG(s) dict_keys(['data_ingestion_to_cloud']) retrieved from /opt/airflow/dags/ingestion_dag.py
[2022-12-25T15:21:30.035+0000] {logging_mixin.py:137} INFO - [2022-12-25T15:21:30.035+0000] {dag.py:2676} INFO - Sync 1 DAGs
[2022-12-25T15:21:30.053+0000] {logging_mixin.py:137} INFO - [2022-12-25T15:21:30.053+0000] {dag.py:3427} INFO - Setting next_dagrun for data_ingestion_to_cloud to None, run_after=None
[2022-12-25T15:21:30.077+0000] {processor.py:175} INFO - Processing /opt/airflow/dags/ingestion_dag.py took 0.111 seconds
[2022-12-25T15:22:00.316+0000] {processor.py:153} INFO - Started process (PID=1165) to work on /opt/airflow/dags/ingestion_dag.py
[2022-12-25T15:22:00.318+0000] {processor.py:743} INFO - Processing file /opt/airflow/dags/ingestion_dag.py for tasks to queue
[2022-12-25T15:22:00.319+0000] {logging_mixin.py:137} INFO - [2022-12-25T15:22:00.319+0000] {dagbag.py:538} INFO - Filling up the DagBag from /opt/airflow/dags/ingestion_dag.py
[2022-12-25T15:22:00.353+0000] {processor.py:753} INFO - DAG(s) dict_keys(['data_ingestion_to_cloud']) retrieved from /opt/airflow/dags/ingestion_dag.py
[2022-12-25T15:22:00.384+0000] {logging_mixin.py:137} INFO - [2022-12-25T15:22:00.384+0000] {dag.py:2676} INFO - Sync 1 DAGs
[2022-12-25T15:22:00.403+0000] {logging_mixin.py:137} INFO - [2022-12-25T15:22:00.403+0000] {dag.py:3427} INFO - Setting next_dagrun for data_ingestion_to_cloud to None, run_after=None
[2022-12-25T15:22:00.414+0000] {processor.py:175} INFO - Processing /opt/airflow/dags/ingestion_dag.py took 0.104 seconds
[2022-12-25T15:22:30.708+0000] {processor.py:153} INFO - Started process (PID=1190) to work on /opt/airflow/dags/ingestion_dag.py
[2022-12-25T15:22:30.710+0000] {processor.py:743} INFO - Processing file /opt/airflow/dags/ingestion_dag.py for tasks to queue
[2022-12-25T15:22:30.712+0000] {logging_mixin.py:137} INFO - [2022-12-25T15:22:30.711+0000] {dagbag.py:538} INFO - Filling up the DagBag from /opt/airflow/dags/ingestion_dag.py
[2022-12-25T15:22:30.744+0000] {processor.py:753} INFO - DAG(s) dict_keys(['data_ingestion_to_cloud']) retrieved from /opt/airflow/dags/ingestion_dag.py
[2022-12-25T15:22:30.772+0000] {logging_mixin.py:137} INFO - [2022-12-25T15:22:30.772+0000] {dag.py:2676} INFO - Sync 1 DAGs
[2022-12-25T15:22:30.790+0000] {logging_mixin.py:137} INFO - [2022-12-25T15:22:30.790+0000] {dag.py:3427} INFO - Setting next_dagrun for data_ingestion_to_cloud to None, run_after=None
[2022-12-25T15:22:30.802+0000] {processor.py:175} INFO - Processing /opt/airflow/dags/ingestion_dag.py took 0.099 seconds
[2022-12-25T15:23:01.070+0000] {processor.py:153} INFO - Started process (PID=1227) to work on /opt/airflow/dags/ingestion_dag.py
[2022-12-25T15:23:01.071+0000] {processor.py:743} INFO - Processing file /opt/airflow/dags/ingestion_dag.py for tasks to queue
[2022-12-25T15:23:01.072+0000] {logging_mixin.py:137} INFO - [2022-12-25T15:23:01.072+0000] {dagbag.py:538} INFO - Filling up the DagBag from /opt/airflow/dags/ingestion_dag.py
[2022-12-25T15:23:01.103+0000] {processor.py:753} INFO - DAG(s) dict_keys(['data_ingestion_to_cloud']) retrieved from /opt/airflow/dags/ingestion_dag.py
[2022-12-25T15:23:01.141+0000] {logging_mixin.py:137} INFO - [2022-12-25T15:23:01.141+0000] {dag.py:2676} INFO - Sync 1 DAGs
[2022-12-25T15:23:01.160+0000] {logging_mixin.py:137} INFO - [2022-12-25T15:23:01.160+0000] {dag.py:3427} INFO - Setting next_dagrun for data_ingestion_to_cloud to None, run_after=None
[2022-12-25T15:23:01.172+0000] {processor.py:175} INFO - Processing /opt/airflow/dags/ingestion_dag.py took 0.106 seconds
[2022-12-25T15:23:31.383+0000] {processor.py:153} INFO - Started process (PID=1263) to work on /opt/airflow/dags/ingestion_dag.py
[2022-12-25T15:23:31.384+0000] {processor.py:743} INFO - Processing file /opt/airflow/dags/ingestion_dag.py for tasks to queue
[2022-12-25T15:23:31.385+0000] {logging_mixin.py:137} INFO - [2022-12-25T15:23:31.385+0000] {dagbag.py:538} INFO - Filling up the DagBag from /opt/airflow/dags/ingestion_dag.py
[2022-12-25T15:23:31.412+0000] {processor.py:753} INFO - DAG(s) dict_keys(['data_ingestion_to_cloud']) retrieved from /opt/airflow/dags/ingestion_dag.py
[2022-12-25T15:23:31.443+0000] {logging_mixin.py:137} INFO - [2022-12-25T15:23:31.443+0000] {dag.py:2676} INFO - Sync 1 DAGs
[2022-12-25T15:23:31.461+0000] {logging_mixin.py:137} INFO - [2022-12-25T15:23:31.461+0000] {dag.py:3427} INFO - Setting next_dagrun for data_ingestion_to_cloud to None, run_after=None
[2022-12-25T15:23:31.472+0000] {processor.py:175} INFO - Processing /opt/airflow/dags/ingestion_dag.py took 0.092 seconds
[2022-12-25T15:24:01.689+0000] {processor.py:153} INFO - Started process (PID=1288) to work on /opt/airflow/dags/ingestion_dag.py
[2022-12-25T15:24:01.691+0000] {processor.py:743} INFO - Processing file /opt/airflow/dags/ingestion_dag.py for tasks to queue
[2022-12-25T15:24:01.692+0000] {logging_mixin.py:137} INFO - [2022-12-25T15:24:01.692+0000] {dagbag.py:538} INFO - Filling up the DagBag from /opt/airflow/dags/ingestion_dag.py
[2022-12-25T15:24:01.724+0000] {processor.py:753} INFO - DAG(s) dict_keys(['data_ingestion_to_cloud']) retrieved from /opt/airflow/dags/ingestion_dag.py
[2022-12-25T15:24:01.757+0000] {logging_mixin.py:137} INFO - [2022-12-25T15:24:01.757+0000] {dag.py:2676} INFO - Sync 1 DAGs
[2022-12-25T15:24:01.774+0000] {logging_mixin.py:137} INFO - [2022-12-25T15:24:01.774+0000] {dag.py:3427} INFO - Setting next_dagrun for data_ingestion_to_cloud to None, run_after=None
[2022-12-25T15:24:01.786+0000] {processor.py:175} INFO - Processing /opt/airflow/dags/ingestion_dag.py took 0.101 seconds
[2022-12-25T15:24:32.058+0000] {processor.py:153} INFO - Started process (PID=1324) to work on /opt/airflow/dags/ingestion_dag.py
[2022-12-25T15:24:32.060+0000] {processor.py:743} INFO - Processing file /opt/airflow/dags/ingestion_dag.py for tasks to queue
[2022-12-25T15:24:32.061+0000] {logging_mixin.py:137} INFO - [2022-12-25T15:24:32.061+0000] {dagbag.py:538} INFO - Filling up the DagBag from /opt/airflow/dags/ingestion_dag.py
[2022-12-25T15:24:32.096+0000] {processor.py:753} INFO - DAG(s) dict_keys(['data_ingestion_to_cloud']) retrieved from /opt/airflow/dags/ingestion_dag.py
[2022-12-25T15:24:32.128+0000] {logging_mixin.py:137} INFO - [2022-12-25T15:24:32.128+0000] {dag.py:2676} INFO - Sync 1 DAGs
[2022-12-25T15:24:32.145+0000] {logging_mixin.py:137} INFO - [2022-12-25T15:24:32.145+0000] {dag.py:3427} INFO - Setting next_dagrun for data_ingestion_to_cloud to None, run_after=None
[2022-12-25T15:24:32.157+0000] {processor.py:175} INFO - Processing /opt/airflow/dags/ingestion_dag.py took 0.103 seconds
[2022-12-25T15:25:02.537+0000] {processor.py:153} INFO - Started process (PID=1360) to work on /opt/airflow/dags/ingestion_dag.py
[2022-12-25T15:25:02.538+0000] {processor.py:743} INFO - Processing file /opt/airflow/dags/ingestion_dag.py for tasks to queue
[2022-12-25T15:25:02.539+0000] {logging_mixin.py:137} INFO - [2022-12-25T15:25:02.539+0000] {dagbag.py:538} INFO - Filling up the DagBag from /opt/airflow/dags/ingestion_dag.py
[2022-12-25T15:25:02.583+0000] {processor.py:753} INFO - DAG(s) dict_keys(['data_ingestion_to_cloud']) retrieved from /opt/airflow/dags/ingestion_dag.py
[2022-12-25T15:25:02.618+0000] {logging_mixin.py:137} INFO - [2022-12-25T15:25:02.618+0000] {dag.py:2676} INFO - Sync 1 DAGs
[2022-12-25T15:25:02.637+0000] {logging_mixin.py:137} INFO - [2022-12-25T15:25:02.637+0000] {dag.py:3427} INFO - Setting next_dagrun for data_ingestion_to_cloud to None, run_after=None
[2022-12-25T15:25:02.651+0000] {processor.py:175} INFO - Processing /opt/airflow/dags/ingestion_dag.py took 0.119 seconds
[2022-12-25T15:25:32.760+0000] {processor.py:153} INFO - Started process (PID=1385) to work on /opt/airflow/dags/ingestion_dag.py
[2022-12-25T15:25:32.763+0000] {processor.py:743} INFO - Processing file /opt/airflow/dags/ingestion_dag.py for tasks to queue
[2022-12-25T15:25:32.764+0000] {logging_mixin.py:137} INFO - [2022-12-25T15:25:32.764+0000] {dagbag.py:538} INFO - Filling up the DagBag from /opt/airflow/dags/ingestion_dag.py
[2022-12-25T15:25:32.811+0000] {processor.py:753} INFO - DAG(s) dict_keys(['data_ingestion_to_cloud']) retrieved from /opt/airflow/dags/ingestion_dag.py
[2022-12-25T15:25:32.847+0000] {logging_mixin.py:137} INFO - [2022-12-25T15:25:32.847+0000] {dag.py:2676} INFO - Sync 1 DAGs
[2022-12-25T15:25:32.866+0000] {logging_mixin.py:137} INFO - [2022-12-25T15:25:32.866+0000] {dag.py:3427} INFO - Setting next_dagrun for data_ingestion_to_cloud to None, run_after=None
[2022-12-25T15:25:32.878+0000] {processor.py:175} INFO - Processing /opt/airflow/dags/ingestion_dag.py took 0.126 seconds
[2022-12-25T15:26:03.131+0000] {processor.py:153} INFO - Started process (PID=1422) to work on /opt/airflow/dags/ingestion_dag.py
[2022-12-25T15:26:03.134+0000] {processor.py:743} INFO - Processing file /opt/airflow/dags/ingestion_dag.py for tasks to queue
[2022-12-25T15:26:03.136+0000] {logging_mixin.py:137} INFO - [2022-12-25T15:26:03.136+0000] {dagbag.py:538} INFO - Filling up the DagBag from /opt/airflow/dags/ingestion_dag.py
[2022-12-25T15:26:03.172+0000] {processor.py:753} INFO - DAG(s) dict_keys(['data_ingestion_to_cloud']) retrieved from /opt/airflow/dags/ingestion_dag.py
[2022-12-25T15:26:03.206+0000] {logging_mixin.py:137} INFO - [2022-12-25T15:26:03.205+0000] {dag.py:2676} INFO - Sync 1 DAGs
[2022-12-25T15:26:03.226+0000] {logging_mixin.py:137} INFO - [2022-12-25T15:26:03.226+0000] {dag.py:3427} INFO - Setting next_dagrun for data_ingestion_to_cloud to None, run_after=None
[2022-12-25T15:26:03.239+0000] {processor.py:175} INFO - Processing /opt/airflow/dags/ingestion_dag.py took 0.113 seconds
[2022-12-25T15:26:33.412+0000] {processor.py:153} INFO - Started process (PID=1459) to work on /opt/airflow/dags/ingestion_dag.py
[2022-12-25T15:26:33.414+0000] {processor.py:743} INFO - Processing file /opt/airflow/dags/ingestion_dag.py for tasks to queue
[2022-12-25T15:26:33.416+0000] {logging_mixin.py:137} INFO - [2022-12-25T15:26:33.415+0000] {dagbag.py:538} INFO - Filling up the DagBag from /opt/airflow/dags/ingestion_dag.py
[2022-12-25T15:26:33.470+0000] {processor.py:753} INFO - DAG(s) dict_keys(['data_ingestion_to_cloud']) retrieved from /opt/airflow/dags/ingestion_dag.py
[2022-12-25T15:26:33.504+0000] {logging_mixin.py:137} INFO - [2022-12-25T15:26:33.503+0000] {dag.py:2676} INFO - Sync 1 DAGs
[2022-12-25T15:26:33.521+0000] {logging_mixin.py:137} INFO - [2022-12-25T15:26:33.521+0000] {dag.py:3427} INFO - Setting next_dagrun for data_ingestion_to_cloud to None, run_after=None
[2022-12-25T15:26:33.534+0000] {processor.py:175} INFO - Processing /opt/airflow/dags/ingestion_dag.py took 0.127 seconds
[2022-12-25T15:27:03.749+0000] {processor.py:153} INFO - Started process (PID=1483) to work on /opt/airflow/dags/ingestion_dag.py
[2022-12-25T15:27:03.751+0000] {processor.py:743} INFO - Processing file /opt/airflow/dags/ingestion_dag.py for tasks to queue
[2022-12-25T15:27:03.753+0000] {logging_mixin.py:137} INFO - [2022-12-25T15:27:03.752+0000] {dagbag.py:538} INFO - Filling up the DagBag from /opt/airflow/dags/ingestion_dag.py
[2022-12-25T15:27:03.812+0000] {processor.py:753} INFO - DAG(s) dict_keys(['data_ingestion_to_cloud']) retrieved from /opt/airflow/dags/ingestion_dag.py
[2022-12-25T15:27:03.854+0000] {logging_mixin.py:137} INFO - [2022-12-25T15:27:03.854+0000] {dag.py:2676} INFO - Sync 1 DAGs
[2022-12-25T15:27:03.872+0000] {logging_mixin.py:137} INFO - [2022-12-25T15:27:03.872+0000] {dag.py:3427} INFO - Setting next_dagrun for data_ingestion_to_cloud to None, run_after=None
[2022-12-25T15:27:03.884+0000] {processor.py:175} INFO - Processing /opt/airflow/dags/ingestion_dag.py took 0.139 seconds
[2022-12-25T15:27:34.097+0000] {processor.py:153} INFO - Started process (PID=1520) to work on /opt/airflow/dags/ingestion_dag.py
[2022-12-25T15:27:34.098+0000] {processor.py:743} INFO - Processing file /opt/airflow/dags/ingestion_dag.py for tasks to queue
[2022-12-25T15:27:34.099+0000] {logging_mixin.py:137} INFO - [2022-12-25T15:27:34.099+0000] {dagbag.py:538} INFO - Filling up the DagBag from /opt/airflow/dags/ingestion_dag.py
[2022-12-25T15:27:34.138+0000] {processor.py:753} INFO - DAG(s) dict_keys(['data_ingestion_to_cloud']) retrieved from /opt/airflow/dags/ingestion_dag.py
[2022-12-25T15:27:34.174+0000] {logging_mixin.py:137} INFO - [2022-12-25T15:27:34.174+0000] {dag.py:2676} INFO - Sync 1 DAGs
[2022-12-25T15:27:34.193+0000] {logging_mixin.py:137} INFO - [2022-12-25T15:27:34.193+0000] {dag.py:3427} INFO - Setting next_dagrun for data_ingestion_to_cloud to None, run_after=None
[2022-12-25T15:27:34.205+0000] {processor.py:175} INFO - Processing /opt/airflow/dags/ingestion_dag.py took 0.113 seconds
[2022-12-25T15:28:04.419+0000] {processor.py:153} INFO - Started process (PID=1555) to work on /opt/airflow/dags/ingestion_dag.py
[2022-12-25T15:28:04.420+0000] {processor.py:743} INFO - Processing file /opt/airflow/dags/ingestion_dag.py for tasks to queue
[2022-12-25T15:28:04.421+0000] {logging_mixin.py:137} INFO - [2022-12-25T15:28:04.421+0000] {dagbag.py:538} INFO - Filling up the DagBag from /opt/airflow/dags/ingestion_dag.py
[2022-12-25T15:28:04.451+0000] {processor.py:753} INFO - DAG(s) dict_keys(['data_ingestion_to_cloud']) retrieved from /opt/airflow/dags/ingestion_dag.py
[2022-12-25T15:28:04.484+0000] {logging_mixin.py:137} INFO - [2022-12-25T15:28:04.484+0000] {dag.py:2676} INFO - Sync 1 DAGs
[2022-12-25T15:28:04.501+0000] {logging_mixin.py:137} INFO - [2022-12-25T15:28:04.501+0000] {dag.py:3427} INFO - Setting next_dagrun for data_ingestion_to_cloud to None, run_after=None
[2022-12-25T15:28:04.514+0000] {processor.py:175} INFO - Processing /opt/airflow/dags/ingestion_dag.py took 0.099 seconds
[2022-12-25T15:28:34.701+0000] {processor.py:153} INFO - Started process (PID=1579) to work on /opt/airflow/dags/ingestion_dag.py
[2022-12-25T15:28:34.702+0000] {processor.py:743} INFO - Processing file /opt/airflow/dags/ingestion_dag.py for tasks to queue
[2022-12-25T15:28:34.704+0000] {logging_mixin.py:137} INFO - [2022-12-25T15:28:34.703+0000] {dagbag.py:538} INFO - Filling up the DagBag from /opt/airflow/dags/ingestion_dag.py
[2022-12-25T15:28:34.733+0000] {processor.py:753} INFO - DAG(s) dict_keys(['data_ingestion_to_cloud']) retrieved from /opt/airflow/dags/ingestion_dag.py
[2022-12-25T15:28:34.777+0000] {logging_mixin.py:137} INFO - [2022-12-25T15:28:34.777+0000] {dag.py:2676} INFO - Sync 1 DAGs
[2022-12-25T15:28:34.796+0000] {logging_mixin.py:137} INFO - [2022-12-25T15:28:34.796+0000] {dag.py:3427} INFO - Setting next_dagrun for data_ingestion_to_cloud to None, run_after=None
[2022-12-25T15:28:34.807+0000] {processor.py:175} INFO - Processing /opt/airflow/dags/ingestion_dag.py took 0.110 seconds
[2022-12-25T15:29:05.184+0000] {processor.py:153} INFO - Started process (PID=1615) to work on /opt/airflow/dags/ingestion_dag.py
[2022-12-25T15:29:05.185+0000] {processor.py:743} INFO - Processing file /opt/airflow/dags/ingestion_dag.py for tasks to queue
[2022-12-25T15:29:05.187+0000] {logging_mixin.py:137} INFO - [2022-12-25T15:29:05.187+0000] {dagbag.py:538} INFO - Filling up the DagBag from /opt/airflow/dags/ingestion_dag.py
[2022-12-25T15:29:05.221+0000] {processor.py:753} INFO - DAG(s) dict_keys(['data_ingestion_to_cloud']) retrieved from /opt/airflow/dags/ingestion_dag.py
[2022-12-25T15:29:05.253+0000] {logging_mixin.py:137} INFO - [2022-12-25T15:29:05.253+0000] {dag.py:2676} INFO - Sync 1 DAGs
[2022-12-25T15:29:05.271+0000] {logging_mixin.py:137} INFO - [2022-12-25T15:29:05.271+0000] {dag.py:3427} INFO - Setting next_dagrun for data_ingestion_to_cloud to None, run_after=None
[2022-12-25T15:29:05.283+0000] {processor.py:175} INFO - Processing /opt/airflow/dags/ingestion_dag.py took 0.103 seconds
[2022-12-25T15:29:35.569+0000] {processor.py:153} INFO - Started process (PID=1652) to work on /opt/airflow/dags/ingestion_dag.py
[2022-12-25T15:29:35.570+0000] {processor.py:743} INFO - Processing file /opt/airflow/dags/ingestion_dag.py for tasks to queue
[2022-12-25T15:29:35.571+0000] {logging_mixin.py:137} INFO - [2022-12-25T15:29:35.571+0000] {dagbag.py:538} INFO - Filling up the DagBag from /opt/airflow/dags/ingestion_dag.py
[2022-12-25T15:29:35.606+0000] {processor.py:753} INFO - DAG(s) dict_keys(['data_ingestion_to_cloud']) retrieved from /opt/airflow/dags/ingestion_dag.py
[2022-12-25T15:29:35.672+0000] {logging_mixin.py:137} INFO - [2022-12-25T15:29:35.672+0000] {dag.py:2676} INFO - Sync 1 DAGs
[2022-12-25T15:29:35.694+0000] {logging_mixin.py:137} INFO - [2022-12-25T15:29:35.694+0000] {dag.py:3427} INFO - Setting next_dagrun for data_ingestion_to_cloud to None, run_after=None
[2022-12-25T15:29:35.708+0000] {processor.py:175} INFO - Processing /opt/airflow/dags/ingestion_dag.py took 0.143 seconds
[2022-12-25T15:30:06.110+0000] {processor.py:153} INFO - Started process (PID=1677) to work on /opt/airflow/dags/ingestion_dag.py
[2022-12-25T15:30:06.113+0000] {processor.py:743} INFO - Processing file /opt/airflow/dags/ingestion_dag.py for tasks to queue
[2022-12-25T15:30:06.115+0000] {logging_mixin.py:137} INFO - [2022-12-25T15:30:06.114+0000] {dagbag.py:538} INFO - Filling up the DagBag from /opt/airflow/dags/ingestion_dag.py
[2022-12-25T15:30:06.193+0000] {processor.py:753} INFO - DAG(s) dict_keys(['data_ingestion_to_cloud']) retrieved from /opt/airflow/dags/ingestion_dag.py
[2022-12-25T15:30:06.228+0000] {logging_mixin.py:137} INFO - [2022-12-25T15:30:06.228+0000] {dag.py:2676} INFO - Sync 1 DAGs
[2022-12-25T15:30:06.247+0000] {logging_mixin.py:137} INFO - [2022-12-25T15:30:06.247+0000] {dag.py:3427} INFO - Setting next_dagrun for data_ingestion_to_cloud to None, run_after=None
[2022-12-25T15:30:06.261+0000] {processor.py:175} INFO - Processing /opt/airflow/dags/ingestion_dag.py took 0.158 seconds
[2022-12-25T15:30:36.478+0000] {processor.py:153} INFO - Started process (PID=1714) to work on /opt/airflow/dags/ingestion_dag.py
[2022-12-25T15:30:36.481+0000] {processor.py:743} INFO - Processing file /opt/airflow/dags/ingestion_dag.py for tasks to queue
[2022-12-25T15:30:36.483+0000] {logging_mixin.py:137} INFO - [2022-12-25T15:30:36.483+0000] {dagbag.py:538} INFO - Filling up the DagBag from /opt/airflow/dags/ingestion_dag.py
[2022-12-25T15:30:36.510+0000] {processor.py:753} INFO - DAG(s) dict_keys(['data_ingestion_to_cloud']) retrieved from /opt/airflow/dags/ingestion_dag.py
[2022-12-25T15:30:36.537+0000] {logging_mixin.py:137} INFO - [2022-12-25T15:30:36.537+0000] {dag.py:2676} INFO - Sync 1 DAGs
[2022-12-25T15:30:36.552+0000] {logging_mixin.py:137} INFO - [2022-12-25T15:30:36.552+0000] {dag.py:3427} INFO - Setting next_dagrun for data_ingestion_to_cloud to None, run_after=None
[2022-12-25T15:30:36.564+0000] {processor.py:175} INFO - Processing /opt/airflow/dags/ingestion_dag.py took 0.094 seconds
[2022-12-25T15:31:06.796+0000] {processor.py:153} INFO - Started process (PID=1751) to work on /opt/airflow/dags/ingestion_dag.py
[2022-12-25T15:31:06.797+0000] {processor.py:743} INFO - Processing file /opt/airflow/dags/ingestion_dag.py for tasks to queue
[2022-12-25T15:31:06.798+0000] {logging_mixin.py:137} INFO - [2022-12-25T15:31:06.798+0000] {dagbag.py:538} INFO - Filling up the DagBag from /opt/airflow/dags/ingestion_dag.py
[2022-12-25T15:31:06.821+0000] {processor.py:753} INFO - DAG(s) dict_keys(['data_ingestion_to_cloud']) retrieved from /opt/airflow/dags/ingestion_dag.py
[2022-12-25T15:31:06.850+0000] {logging_mixin.py:137} INFO - [2022-12-25T15:31:06.850+0000] {dag.py:2676} INFO - Sync 1 DAGs
[2022-12-25T15:31:06.867+0000] {logging_mixin.py:137} INFO - [2022-12-25T15:31:06.867+0000] {dag.py:3427} INFO - Setting next_dagrun for data_ingestion_to_cloud to None, run_after=None
[2022-12-25T15:31:06.895+0000] {processor.py:175} INFO - Processing /opt/airflow/dags/ingestion_dag.py took 0.102 seconds
[2022-12-25T15:31:37.257+0000] {processor.py:153} INFO - Started process (PID=1775) to work on /opt/airflow/dags/ingestion_dag.py
[2022-12-25T15:31:37.260+0000] {processor.py:743} INFO - Processing file /opt/airflow/dags/ingestion_dag.py for tasks to queue
[2022-12-25T15:31:37.262+0000] {logging_mixin.py:137} INFO - [2022-12-25T15:31:37.262+0000] {dagbag.py:538} INFO - Filling up the DagBag from /opt/airflow/dags/ingestion_dag.py
[2022-12-25T15:31:37.317+0000] {processor.py:753} INFO - DAG(s) dict_keys(['data_ingestion_to_cloud']) retrieved from /opt/airflow/dags/ingestion_dag.py
[2022-12-25T15:31:37.377+0000] {logging_mixin.py:137} INFO - [2022-12-25T15:31:37.377+0000] {dag.py:2676} INFO - Sync 1 DAGs
[2022-12-25T15:31:37.398+0000] {logging_mixin.py:137} INFO - [2022-12-25T15:31:37.398+0000] {dag.py:3427} INFO - Setting next_dagrun for data_ingestion_to_cloud to None, run_after=None
[2022-12-25T15:31:37.411+0000] {processor.py:175} INFO - Processing /opt/airflow/dags/ingestion_dag.py took 0.160 seconds
[2022-12-25T15:32:07.644+0000] {processor.py:153} INFO - Started process (PID=1811) to work on /opt/airflow/dags/ingestion_dag.py
[2022-12-25T15:32:07.646+0000] {processor.py:743} INFO - Processing file /opt/airflow/dags/ingestion_dag.py for tasks to queue
[2022-12-25T15:32:07.648+0000] {logging_mixin.py:137} INFO - [2022-12-25T15:32:07.648+0000] {dagbag.py:538} INFO - Filling up the DagBag from /opt/airflow/dags/ingestion_dag.py
[2022-12-25T15:32:07.687+0000] {processor.py:753} INFO - DAG(s) dict_keys(['data_ingestion_to_cloud']) retrieved from /opt/airflow/dags/ingestion_dag.py
[2022-12-25T15:32:07.723+0000] {logging_mixin.py:137} INFO - [2022-12-25T15:32:07.723+0000] {dag.py:2676} INFO - Sync 1 DAGs
[2022-12-25T15:32:07.743+0000] {logging_mixin.py:137} INFO - [2022-12-25T15:32:07.742+0000] {dag.py:3427} INFO - Setting next_dagrun for data_ingestion_to_cloud to None, run_after=None
[2022-12-25T15:32:07.754+0000] {processor.py:175} INFO - Processing /opt/airflow/dags/ingestion_dag.py took 0.117 seconds
[2022-12-25T15:32:38.036+0000] {processor.py:153} INFO - Started process (PID=1847) to work on /opt/airflow/dags/ingestion_dag.py
[2022-12-25T15:32:38.038+0000] {processor.py:743} INFO - Processing file /opt/airflow/dags/ingestion_dag.py for tasks to queue
[2022-12-25T15:32:38.039+0000] {logging_mixin.py:137} INFO - [2022-12-25T15:32:38.039+0000] {dagbag.py:538} INFO - Filling up the DagBag from /opt/airflow/dags/ingestion_dag.py
[2022-12-25T15:32:38.070+0000] {processor.py:753} INFO - DAG(s) dict_keys(['data_ingestion_to_cloud']) retrieved from /opt/airflow/dags/ingestion_dag.py
[2022-12-25T15:32:38.109+0000] {logging_mixin.py:137} INFO - [2022-12-25T15:32:38.109+0000] {dag.py:2676} INFO - Sync 1 DAGs
[2022-12-25T15:32:38.147+0000] {logging_mixin.py:137} INFO - [2022-12-25T15:32:38.147+0000] {dag.py:3427} INFO - Setting next_dagrun for data_ingestion_to_cloud to None, run_after=None
[2022-12-25T15:32:38.167+0000] {processor.py:175} INFO - Processing /opt/airflow/dags/ingestion_dag.py took 0.135 seconds
[2022-12-25T15:33:08.351+0000] {processor.py:153} INFO - Started process (PID=1872) to work on /opt/airflow/dags/ingestion_dag.py
[2022-12-25T15:33:08.353+0000] {processor.py:743} INFO - Processing file /opt/airflow/dags/ingestion_dag.py for tasks to queue
[2022-12-25T15:33:08.355+0000] {logging_mixin.py:137} INFO - [2022-12-25T15:33:08.355+0000] {dagbag.py:538} INFO - Filling up the DagBag from /opt/airflow/dags/ingestion_dag.py
[2022-12-25T15:33:08.395+0000] {processor.py:753} INFO - DAG(s) dict_keys(['data_ingestion_to_cloud']) retrieved from /opt/airflow/dags/ingestion_dag.py
[2022-12-25T15:33:08.426+0000] {logging_mixin.py:137} INFO - [2022-12-25T15:33:08.426+0000] {dag.py:2676} INFO - Sync 1 DAGs
[2022-12-25T15:33:08.444+0000] {logging_mixin.py:137} INFO - [2022-12-25T15:33:08.443+0000] {dag.py:3427} INFO - Setting next_dagrun for data_ingestion_to_cloud to None, run_after=None
[2022-12-25T15:33:08.456+0000] {processor.py:175} INFO - Processing /opt/airflow/dags/ingestion_dag.py took 0.113 seconds
[2022-12-25T15:33:38.752+0000] {processor.py:153} INFO - Started process (PID=1909) to work on /opt/airflow/dags/ingestion_dag.py
[2022-12-25T15:33:38.755+0000] {processor.py:743} INFO - Processing file /opt/airflow/dags/ingestion_dag.py for tasks to queue
[2022-12-25T15:33:38.756+0000] {logging_mixin.py:137} INFO - [2022-12-25T15:33:38.756+0000] {dagbag.py:538} INFO - Filling up the DagBag from /opt/airflow/dags/ingestion_dag.py
[2022-12-25T15:33:38.786+0000] {processor.py:753} INFO - DAG(s) dict_keys(['data_ingestion_to_cloud']) retrieved from /opt/airflow/dags/ingestion_dag.py
[2022-12-25T15:33:38.812+0000] {logging_mixin.py:137} INFO - [2022-12-25T15:33:38.812+0000] {dag.py:2676} INFO - Sync 1 DAGs
[2022-12-25T15:33:38.827+0000] {logging_mixin.py:137} INFO - [2022-12-25T15:33:38.827+0000] {dag.py:3427} INFO - Setting next_dagrun for data_ingestion_to_cloud to None, run_after=None
[2022-12-25T15:33:38.838+0000] {processor.py:175} INFO - Processing /opt/airflow/dags/ingestion_dag.py took 0.092 seconds
[2022-12-25T15:34:09.151+0000] {processor.py:153} INFO - Started process (PID=1946) to work on /opt/airflow/dags/ingestion_dag.py
[2022-12-25T15:34:09.153+0000] {processor.py:743} INFO - Processing file /opt/airflow/dags/ingestion_dag.py for tasks to queue
[2022-12-25T15:34:09.155+0000] {logging_mixin.py:137} INFO - [2022-12-25T15:34:09.155+0000] {dagbag.py:538} INFO - Filling up the DagBag from /opt/airflow/dags/ingestion_dag.py
[2022-12-25T15:34:09.191+0000] {processor.py:753} INFO - DAG(s) dict_keys(['data_ingestion_to_cloud']) retrieved from /opt/airflow/dags/ingestion_dag.py
[2022-12-25T15:34:09.229+0000] {logging_mixin.py:137} INFO - [2022-12-25T15:34:09.229+0000] {dag.py:2676} INFO - Sync 1 DAGs
[2022-12-25T15:34:09.247+0000] {logging_mixin.py:137} INFO - [2022-12-25T15:34:09.246+0000] {dag.py:3427} INFO - Setting next_dagrun for data_ingestion_to_cloud to None, run_after=None
[2022-12-25T15:34:09.259+0000] {processor.py:175} INFO - Processing /opt/airflow/dags/ingestion_dag.py took 0.117 seconds
[2022-12-25T15:34:39.488+0000] {processor.py:153} INFO - Started process (PID=1971) to work on /opt/airflow/dags/ingestion_dag.py
[2022-12-25T15:34:39.491+0000] {processor.py:743} INFO - Processing file /opt/airflow/dags/ingestion_dag.py for tasks to queue
[2022-12-25T15:34:39.493+0000] {logging_mixin.py:137} INFO - [2022-12-25T15:34:39.493+0000] {dagbag.py:538} INFO - Filling up the DagBag from /opt/airflow/dags/ingestion_dag.py
[2022-12-25T15:34:39.531+0000] {processor.py:753} INFO - DAG(s) dict_keys(['data_ingestion_to_cloud']) retrieved from /opt/airflow/dags/ingestion_dag.py
[2022-12-25T15:34:39.558+0000] {logging_mixin.py:137} INFO - [2022-12-25T15:34:39.558+0000] {dag.py:2676} INFO - Sync 1 DAGs
[2022-12-25T15:34:39.573+0000] {logging_mixin.py:137} INFO - [2022-12-25T15:34:39.573+0000] {dag.py:3427} INFO - Setting next_dagrun for data_ingestion_to_cloud to None, run_after=None
[2022-12-25T15:34:39.584+0000] {processor.py:175} INFO - Processing /opt/airflow/dags/ingestion_dag.py took 0.102 seconds
[2022-12-25T15:35:09.861+0000] {processor.py:153} INFO - Started process (PID=2009) to work on /opt/airflow/dags/ingestion_dag.py
[2022-12-25T15:35:09.863+0000] {processor.py:743} INFO - Processing file /opt/airflow/dags/ingestion_dag.py for tasks to queue
[2022-12-25T15:35:09.864+0000] {logging_mixin.py:137} INFO - [2022-12-25T15:35:09.864+0000] {dagbag.py:538} INFO - Filling up the DagBag from /opt/airflow/dags/ingestion_dag.py
[2022-12-25T15:35:09.889+0000] {processor.py:753} INFO - DAG(s) dict_keys(['data_ingestion_to_cloud']) retrieved from /opt/airflow/dags/ingestion_dag.py
[2022-12-25T15:35:09.914+0000] {logging_mixin.py:137} INFO - [2022-12-25T15:35:09.914+0000] {dag.py:2676} INFO - Sync 1 DAGs
[2022-12-25T15:35:09.930+0000] {logging_mixin.py:137} INFO - [2022-12-25T15:35:09.930+0000] {dag.py:3427} INFO - Setting next_dagrun for data_ingestion_to_cloud to None, run_after=None
[2022-12-25T15:35:09.940+0000] {processor.py:175} INFO - Processing /opt/airflow/dags/ingestion_dag.py took 0.082 seconds
[2022-12-25T15:35:40.125+0000] {processor.py:153} INFO - Started process (PID=2044) to work on /opt/airflow/dags/ingestion_dag.py
[2022-12-25T15:35:40.126+0000] {processor.py:743} INFO - Processing file /opt/airflow/dags/ingestion_dag.py for tasks to queue
[2022-12-25T15:35:40.128+0000] {logging_mixin.py:137} INFO - [2022-12-25T15:35:40.128+0000] {dagbag.py:538} INFO - Filling up the DagBag from /opt/airflow/dags/ingestion_dag.py
[2022-12-25T15:35:40.165+0000] {processor.py:753} INFO - DAG(s) dict_keys(['data_ingestion_to_cloud']) retrieved from /opt/airflow/dags/ingestion_dag.py
[2022-12-25T15:35:40.232+0000] {logging_mixin.py:137} INFO - [2022-12-25T15:35:40.232+0000] {dag.py:2676} INFO - Sync 1 DAGs
[2022-12-25T15:35:40.258+0000] {logging_mixin.py:137} INFO - [2022-12-25T15:35:40.258+0000] {dag.py:3427} INFO - Setting next_dagrun for data_ingestion_to_cloud to None, run_after=None
[2022-12-25T15:35:40.278+0000] {processor.py:175} INFO - Processing /opt/airflow/dags/ingestion_dag.py took 0.157 seconds
[2022-12-25T15:36:10.467+0000] {processor.py:153} INFO - Started process (PID=2069) to work on /opt/airflow/dags/ingestion_dag.py
[2022-12-25T15:36:10.468+0000] {processor.py:743} INFO - Processing file /opt/airflow/dags/ingestion_dag.py for tasks to queue
[2022-12-25T15:36:10.470+0000] {logging_mixin.py:137} INFO - [2022-12-25T15:36:10.470+0000] {dagbag.py:538} INFO - Filling up the DagBag from /opt/airflow/dags/ingestion_dag.py
[2022-12-25T15:36:10.508+0000] {processor.py:753} INFO - DAG(s) dict_keys(['data_ingestion_to_cloud']) retrieved from /opt/airflow/dags/ingestion_dag.py
[2022-12-25T15:36:10.543+0000] {logging_mixin.py:137} INFO - [2022-12-25T15:36:10.543+0000] {dag.py:2676} INFO - Sync 1 DAGs
[2022-12-25T15:36:10.563+0000] {logging_mixin.py:137} INFO - [2022-12-25T15:36:10.562+0000] {dag.py:3427} INFO - Setting next_dagrun for data_ingestion_to_cloud to None, run_after=None
[2022-12-25T15:36:10.577+0000] {processor.py:175} INFO - Processing /opt/airflow/dags/ingestion_dag.py took 0.116 seconds
[2022-12-25T15:36:40.832+0000] {processor.py:153} INFO - Started process (PID=2105) to work on /opt/airflow/dags/ingestion_dag.py
[2022-12-25T15:36:40.834+0000] {processor.py:743} INFO - Processing file /opt/airflow/dags/ingestion_dag.py for tasks to queue
[2022-12-25T15:36:40.836+0000] {logging_mixin.py:137} INFO - [2022-12-25T15:36:40.835+0000] {dagbag.py:538} INFO - Filling up the DagBag from /opt/airflow/dags/ingestion_dag.py
[2022-12-25T15:36:40.874+0000] {processor.py:753} INFO - DAG(s) dict_keys(['data_ingestion_to_cloud']) retrieved from /opt/airflow/dags/ingestion_dag.py
[2022-12-25T15:36:40.914+0000] {logging_mixin.py:137} INFO - [2022-12-25T15:36:40.914+0000] {dag.py:2676} INFO - Sync 1 DAGs
[2022-12-25T15:36:40.932+0000] {logging_mixin.py:137} INFO - [2022-12-25T15:36:40.932+0000] {dag.py:3427} INFO - Setting next_dagrun for data_ingestion_to_cloud to None, run_after=None
[2022-12-25T15:36:40.944+0000] {processor.py:175} INFO - Processing /opt/airflow/dags/ingestion_dag.py took 0.117 seconds
